#
# There is insufficient memory for the Java Runtime Environment to continue.
# Native memory allocation (malloc) failed to allocate 458096 bytes for Chunk::new
# Possible reasons:
#   The system is out of physical RAM or swap space
#   In 32 bit mode, the process size limit was hit
# Possible solutions:
#   Reduce memory load on the system
#   Increase physical memory or swap space
#   Check if swap backing store is full
#   Use 64 bit Java on a 64 bit OS
#   Decrease Java heap size (-Xmx/-Xms)
#   Decrease number of Java threads
#   Decrease Java thread stack sizes (-Xss)
#   Set larger code cache with -XX:ReservedCodeCacheSize=
# This output file may be truncated or incomplete.
#
#  Out of Memory Error (allocation.cpp:323), pid=6060, tid=4200
#
# JRE version: Java(TM) SE Runtime Environment (7.0_79-b15) (build 1.7.0_79-b15)
# Java VM: Java HotSpot(TM) 64-Bit Server VM (24.79-b02 mixed mode windows-amd64 compressed oops)
# Failed to write core dump. Minidumps are not enabled by default on client versions of Windows
#

---------------  T H R E A D  ---------------

Current thread (0x0000000009e72800):  JavaThread "C2 CompilerThread1" daemon [_thread_in_native, id=4200, stack(0x000000000b790000,0x000000000b890000)]

Stack: [0x000000000b790000,0x000000000b890000]

Current CompileTask:
C2:   2429   76   !         java.net.URL::<init> (543 bytes)


---------------  P R O C E S S  ---------------

Java Threads: ( => current thread )
  0x0000000009e73800 JavaThread "Service Thread" daemon [_thread_blocked, id=7916, stack(0x000000000b890000,0x000000000b990000)]
=>0x0000000009e72800 JavaThread "C2 CompilerThread1" daemon [_thread_in_native, id=4200, stack(0x000000000b790000,0x000000000b890000)]
  0x0000000009e79800 JavaThread "C2 CompilerThread0" daemon [_thread_blocked, id=5388, stack(0x000000000b690000,0x000000000b790000)]
  0x0000000009e66000 JavaThread "JDWP Command Reader" daemon [_thread_in_native, id=8228, stack(0x000000000b590000,0x000000000b690000)]
  0x0000000009e58000 JavaThread "JDWP Event Helper Thread" daemon [_thread_blocked, id=8052, stack(0x000000000b490000,0x000000000b590000)]
  0x0000000009e55000 JavaThread "JDWP Transport Listener: dt_socket" daemon [_thread_blocked, id=428, stack(0x000000000b390000,0x000000000b490000)]
  0x0000000009e43800 JavaThread "Attach Listener" daemon [_thread_blocked, id=7664, stack(0x000000000b290000,0x000000000b390000)]
  0x0000000009e40800 JavaThread "Signal Dispatcher" daemon [_thread_blocked, id=10128, stack(0x000000000b190000,0x000000000b290000)]
  0x0000000002ddc800 JavaThread "Finalizer" daemon [_thread_blocked, id=4788, stack(0x000000000b090000,0x000000000b190000)]
  0x0000000002dd3000 JavaThread "Reference Handler" daemon [_thread_blocked, id=8664, stack(0x000000000af90000,0x000000000b090000)]
  0x0000000002cf4800 JavaThread "main" [_thread_in_native, id=8408, stack(0x0000000002bf0000,0x0000000002cf0000)]

Other Threads:
  0x0000000009e03000 VMThread [stack: 0x000000000ae90000,0x000000000af90000] [id=7412]
  0x0000000009e9b800 WatcherThread [stack: 0x000000000b990000,0x000000000ba90000] [id=10016]

VM state:not at safepoint (normal execution)

VM Mutex/Monitor currently owned by a thread: None

Heap
 PSYoungGen      total 28672K, used 10722K [0x00000000e0900000, 0x00000000e2880000, 0x0000000100000000)
  eden space 25088K, 28% used [0x00000000e0900000,0x00000000e0ffad28,0x00000000e2180000)
  from space 3584K, 99% used [0x00000000e2180000,0x00000000e24fdbe0,0x00000000e2500000)
  to   space 3584K, 0% used [0x00000000e2500000,0x00000000e2500000,0x00000000e2880000)
 ParOldGen       total 64000K, used 698K [0x00000000a1c00000, 0x00000000a5a80000, 0x00000000e0900000)
  object space 64000K, 1% used [0x00000000a1c00000,0x00000000a1caeb28,0x00000000a5a80000)
 PSPermGen       total 21504K, used 11095K [0x000000009ca00000, 0x000000009df00000, 0x00000000a1c00000)
  object space 21504K, 51% used [0x000000009ca00000,0x000000009d4d5fb0,0x000000009df00000)

Card table byte_map: [0x0000000005eb0000,0x00000000061d0000] byte_map_base: 0x00000000059cb000

Polling page: 0x0000000002780000

Code Cache  [0x0000000002df0000, 0x0000000003060000, 0x0000000005df0000)
 total_blobs=345 nmethods=75 adapters=230 free_code_cache=48464Kb largest_free_block=49600384

Compilation events (10 events):
Event: 2.152 Thread 0x0000000009e79800   72             com.sun.org.apache.xerces.internal.util.SymbolTable::addSymbol (144 bytes)
Event: 2.163 Thread 0x0000000009e72800 nmethod 68 0x0000000002e9c910 code [0x0000000002e9cb60, 0x0000000002e9ef30]
Event: 2.166 Thread 0x0000000009e79800 nmethod 72 0x0000000002e955d0 code [0x0000000002e95740, 0x0000000002e960a8]
Event: 2.208 Thread 0x0000000009e72800   73             com.sun.org.apache.xerces.internal.impl.xs.opti.SchemaDOM::processAttValue (68 bytes)
Event: 2.210 Thread 0x0000000009e79800   74             com.sun.org.apache.xerces.internal.impl.XMLEntityScanner::scanQName (517 bytes)
Event: 2.213 Thread 0x0000000009e72800 nmethod 73 0x0000000002e96590 code [0x0000000002e966e0, 0x0000000002e969a8]
Event: 2.213 Thread 0x0000000009e72800   75             com.sun.org.apache.xerces.internal.util.XMLChar::isContent (35 bytes)
Event: 2.213 Thread 0x0000000009e72800 nmethod 75 0x0000000002e96c10 code [0x0000000002e96d40, 0x0000000002e96dd8]
Event: 2.231 Thread 0x0000000009e79800 nmethod 74 0x0000000002ea0610 code [0x0000000002ea0840, 0x0000000002ea17a0]
Event: 2.414 Thread 0x0000000009e72800   76   !         java.net.URL::<init> (543 bytes)

GC Heap History (2 events):
Event: 1.848 GC heap before
{Heap before GC invocations=1 (full 0):
 PSYoungGen      total 28672K, used 25088K [0x00000000e0900000, 0x00000000e2880000, 0x0000000100000000)
  eden space 25088K, 100% used [0x00000000e0900000,0x00000000e2180000,0x00000000e2180000)
  from space 3584K, 0% used [0x00000000e2500000,0x00000000e2500000,0x00000000e2880000)
  to   space 3584K, 0% used [0x00000000e2180000,0x00000000e2180000,0x00000000e2500000)
 ParOldGen       total 64000K, used 0K [0x00000000a1c00000, 0x00000000a5a80000, 0x00000000e0900000)
  object space 64000K, 0% used [0x00000000a1c00000,0x00000000a1c00000,0x00000000a5a80000)
 PSPermGen       total 21504K, used 8644K [0x000000009ca00000, 0x000000009df00000, 0x00000000a1c00000)
  object space 21504K, 40% used [0x000000009ca00000,0x000000009d271108,0x000000009df00000)
Event: 1.855 GC heap after
Heap after GC invocations=1 (full 0):
 PSYoungGen      total 28672K, used 3574K [0x00000000e0900000, 0x00000000e2880000, 0x0000000100000000)
  eden space 25088K, 0% used [0x00000000e0900000,0x00000000e0900000,0x00000000e2180000)
  from space 3584K, 99% used [0x00000000e2180000,0x00000000e24fdbe0,0x00000000e2500000)
  to   space 3584K, 0% used [0x00000000e2500000,0x00000000e2500000,0x00000000e2880000)
 ParOldGen       total 64000K, used 698K [0x00000000a1c00000, 0x00000000a5a80000, 0x00000000e0900000)
  object space 64000K, 1% used [0x00000000a1c00000,0x00000000a1caeb28,0x00000000a5a80000)
 PSPermGen       total 21504K, used 8644K [0x000000009ca00000, 0x000000009df00000, 0x00000000a1c00000)
  object space 21504K, 40% used [0x000000009ca00000,0x000000009d271108,0x000000009df00000)
}

Deoptimization events (7 events):
Event: 0.719 Thread 0x0000000002cf4800 Uncommon trap: reason=null_check action=make_not_entrant pc=0x0000000002e5c520 method=java.lang.String.equals(Ljava/lang/Object;)Z @ 8
Event: 1.927 Thread 0x0000000002cf4800 Uncommon trap: reason=class_check action=maybe_recompile pc=0x0000000002e68508 method=java.util.Properties$LineReader.readLine()I @ 62
Event: 1.928 Thread 0x0000000002cf4800 Uncommon trap: reason=class_check action=maybe_recompile pc=0x0000000002e68508 method=java.util.Properties$LineReader.readLine()I @ 62
Event: 1.930 Thread 0x0000000002cf4800 Uncommon trap: reason=class_check action=maybe_recompile pc=0x0000000002e68508 method=java.util.Properties$LineReader.readLine()I @ 62
Event: 1.931 Thread 0x0000000002cf4800 Uncommon trap: reason=class_check action=maybe_recompile pc=0x0000000002e68508 method=java.util.Properties$LineReader.readLine()I @ 62
Event: 2.016 Thread 0x0000000002cf4800 Uncommon trap: reason=class_check action=maybe_recompile pc=0x0000000002e87c78 method=java.util.Properties$LineReader.readLine()I @ 402
Event: 2.020 Thread 0x0000000002cf4800 Uncommon trap: reason=class_check action=maybe_recompile pc=0x0000000002e87c78 method=java.util.Properties$LineReader.readLine()I @ 402

Internal exceptions (10 events):
Event: 2.409 Thread 0x0000000002cf4800 Threw 0x00000000e0f740e0 at C:\re\jdk7u79\2331\hotspot\src\share\vm\prims\jvm.cpp:1304
Event: 2.411 Thread 0x0000000002cf4800 Threw 0x00000000e0f81e88 at C:\re\jdk7u79\2331\hotspot\src\share\vm\prims\jvm.cpp:1304
Event: 2.413 Thread 0x0000000002cf4800 Threw 0x00000000e0f8a3e8 at C:\re\jdk7u79\2331\hotspot\src\share\vm\prims\jvm.cpp:1304
Event: 2.414 Thread 0x0000000002cf4800 Threw 0x00000000e0f8f398 at C:\re\jdk7u79\2331\hotspot\src\share\vm\prims\jvm.cpp:1304
Event: 2.415 Thread 0x0000000002cf4800 Threw 0x00000000e0f9b688 at C:\re\jdk7u79\2331\hotspot\src\share\vm\prims\jvm.cpp:1304
Event: 2.416 Thread 0x0000000002cf4800 Threw 0x00000000e0fa8210 at C:\re\jdk7u79\2331\hotspot\src\share\vm\prims\jvm.cpp:1304
Event: 2.421 Thread 0x0000000002cf4800 Threw 0x00000000e0faceb0 at C:\re\jdk7u79\2331\hotspot\src\share\vm\prims\jvm.cpp:1304
Event: 2.422 Thread 0x0000000002cf4800 Threw 0x00000000e0fb2170 at C:\re\jdk7u79\2331\hotspot\src\share\vm\prims\jvm.cpp:1304
Event: 2.422 Thread 0x0000000002cf4800 Threw 0x00000000e0fb6cb0 at C:\re\jdk7u79\2331\hotspot\src\share\vm\prims\jvm.cpp:1304
Event: 2.423 Thread 0x0000000002cf4800 Threw 0x00000000e0fbf8d8 at C:\re\jdk7u79\2331\hotspot\src\share\vm\prims\jvm.cpp:1304

Events (10 events):
Event: 2.416 loading class 0x000000000bd7e2e0
Event: 2.416 loading class 0x000000000bd7e2e0 done
Event: 2.421 loading class 0x000000000bd7e330
Event: 2.421 loading class 0x000000000bd7e330 done
Event: 2.422 loading class 0x000000000bd7e970
Event: 2.422 loading class 0x000000000bd7e970 done
Event: 2.422 loading class 0x000000000bd7e920
Event: 2.422 loading class 0x000000000bd7e920 done
Event: 2.423 loading class 0x000000000c2e3880
Event: 2.423 loading class 0x000000000c2e3880 done


Dynamic libraries:
0x00007ff6dc530000 - 0x00007ff6dc563000 	C:\Program Files\Java\jdk1.7.0_79\bin\java.exe
0x00007fff212a0000 - 0x00007fff2144d000 	C:\Windows\SYSTEM32\ntdll.dll
0x00007fff201b0000 - 0x00007fff202ee000 	C:\Windows\system32\KERNEL32.DLL
0x00007fff1e700000 - 0x00007fff1e815000 	C:\Windows\system32\KERNELBASE.dll
0x00007fff1cf20000 - 0x00007fff1cfae000 	C:\Windows\system32\apphelp.dll
0x00007fff06fb0000 - 0x00007fff07003000 	C:\Windows\AppPatch\AppPatch64\AcGenral.DLL
0x00007fff20eb0000 - 0x00007fff20f5a000 	C:\Windows\system32\msvcrt.dll
0x00007fff1e6d0000 - 0x00007fff1e6fe000 	C:\Windows\system32\SspiCli.dll
0x00007fff20e30000 - 0x00007fff20e84000 	C:\Windows\system32\SHLWAPI.dll
0x00007fff1ea90000 - 0x00007fff1ec07000 	C:\Windows\system32\USER32.dll
0x00007fff21100000 - 0x00007fff21294000 	C:\Windows\system32\ole32.dll
0x00007fff1ec80000 - 0x00007fff201a9000 	C:\Windows\system32\SHELL32.dll
0x00007fff1d9a0000 - 0x00007fff1d9c1000 	C:\Windows\SYSTEM32\USERENV.dll
0x00007fff1e9e0000 - 0x00007fff1ea8a000 	C:\Windows\system32\ADVAPI32.dll
0x00007fff13a40000 - 0x00007fff13a5e000 	C:\Windows\SYSTEM32\MPR.dll
0x00007fff20fc0000 - 0x00007fff21100000 	C:\Windows\system32\RPCRT4.dll
0x00007fff20f60000 - 0x00007fff20fb9000 	C:\Windows\SYSTEM32\sechost.dll
0x00007fff202f0000 - 0x00007fff20502000 	C:\Windows\SYSTEM32\combase.dll
0x00007fff20510000 - 0x00007fff2065b000 	C:\Windows\system32\GDI32.dll
0x00007fff1e3c0000 - 0x00007fff1e3d5000 	C:\Windows\SYSTEM32\profapi.dll
0x00007fff1ce40000 - 0x00007fff1cef2000 	C:\Windows\SYSTEM32\SHCORE.dll
0x00007fff20d20000 - 0x00007fff20d56000 	C:\Windows\system32\IMM32.DLL
0x00007fff20810000 - 0x00007fff20962000 	C:\Windows\system32\MSCTF.dll
0x00007fff1e370000 - 0x00007fff1e3a1000 	C:\Windows\system32\nvinitx.dll
0x000000000f000000 - 0x000000000f006000 	C:\Program Files\NVIDIA Corporation\CoProcManager\_etoured.dll
0x00007fff1c2c0000 - 0x00007fff1c2f2000 	C:\Program Files\NVIDIA Corporation\CoProcManager\nvd3d9wrapx.dll
0x00007fff20b40000 - 0x00007fff20d1a000 	C:\Windows\system32\SETUPAPI.dll
0x00007fff1e820000 - 0x00007fff1e86f000 	C:\Windows\system32\CFGMGR32.dll
0x00007fff1c190000 - 0x00007fff1c1b2000 	C:\Program Files\NVIDIA Corporation\CoProcManager\nvdxgiwrapx.dll
0x00007fff1c450000 - 0x00007fff1c6cb000 	C:\Windows\WinSxS\amd64_microsoft.windows.common-controls_6595b64144ccf1df_6.0.9600.18006_none_623f33d3ecbe86e8\COMCTL32.dll
0x0000000054320000 - 0x00000000543f2000 	C:\Program Files\Java\jdk1.7.0_79\jre\bin\msvcr100.dll
0x0000000053b40000 - 0x0000000054315000 	C:\Program Files\Java\jdk1.7.0_79\jre\bin\server\jvm.dll
0x00007fff143a0000 - 0x00007fff143a9000 	C:\Windows\SYSTEM32\WSOCK32.dll
0x00007fff1bf90000 - 0x00007fff1bfb2000 	C:\Windows\SYSTEM32\WINMM.dll
0x00007fff20970000 - 0x00007fff20977000 	C:\Windows\system32\PSAPI.DLL
0x00007fff20d60000 - 0x00007fff20dba000 	C:\Windows\system32\WS2_32.dll
0x00007fff1bea0000 - 0x00007fff1beca000 	C:\Windows\SYSTEM32\WINMMBASE.dll
0x00007fff20dc0000 - 0x00007fff20dc9000 	C:\Windows\system32\NSI.dll
0x00007fff1d170000 - 0x00007fff1d198000 	C:\Windows\SYSTEM32\DEVOBJ.dll
0x00000000544d0000 - 0x00000000544df000 	C:\Program Files\Java\jdk1.7.0_79\jre\bin\verify.dll
0x00000000544a0000 - 0x00000000544c8000 	C:\Program Files\Java\jdk1.7.0_79\jre\bin\java.dll
0x0000000053aa0000 - 0x0000000053ad5000 	C:\Program Files\Java\jdk1.7.0_79\jre\bin\jdwp.dll
0x0000000053a90000 - 0x0000000053a98000 	C:\Program Files\Java\jdk1.7.0_79\jre\bin\npt.dll
0x0000000054480000 - 0x0000000054495000 	C:\Program Files\Java\jdk1.7.0_79\jre\bin\zip.dll
0x0000000053a80000 - 0x0000000053a89000 	C:\Program Files\Java\jdk1.7.0_79\jre\bin\dt_socket.dll
0x00007fff1dc60000 - 0x00007fff1dcb9000 	C:\Windows\system32\mswsock.dll
0x0000000054460000 - 0x000000005447a000 	C:\Program Files\Java\jdk1.7.0_79\jre\bin\net.dll
0x0000000053b20000 - 0x0000000053b31000 	C:\Program Files\Java\jdk1.7.0_79\jre\bin\nio.dll
0x00007fff0dd70000 - 0x00007fff0dd85000 	C:\Windows\system32\napinsp.dll
0x00007fff0dd50000 - 0x00007fff0dd6a000 	C:\Windows\system32\pnrpnsp.dll
0x00007fff191d0000 - 0x00007fff191eb000 	C:\Windows\system32\NLAapi.dll
0x00007fff1da60000 - 0x00007fff1db04000 	C:\Windows\SYSTEM32\DNSAPI.dll
0x00007fff0dd40000 - 0x00007fff0dd4d000 	C:\Windows\System32\winrnr.dll
0x00007fff0dd20000 - 0x00007fff0dd34000 	C:\Windows\system32\wshbth.dll
0x00007fff0d910000 - 0x00007fff0d91a000 	C:\Windows\System32\rasadhlp.dll
0x00007fff18900000 - 0x00007fff1892a000 	C:\Windows\SYSTEM32\IPHLPAPI.DLL
0x00007fff188e0000 - 0x00007fff188ea000 	C:\Windows\SYSTEM32\WINNSI.DLL
0x00007fff183d0000 - 0x00007fff1843b000 	C:\Windows\System32\fwpuclnt.dll

VM Arguments:
jvm_args: -agentlib:jdwp=transport=dt_socket,address=127.0.0.1:31632,suspend=y,server=n -Dfile.encoding=UTF-8 
java_command: luju.test.Test
Launcher Type: SUN_STANDARD

Environment Variables:
JAVA_HOME=C:\Program Files\Java\jdk1.8.0_111
PATH=C:\Python27\;C:\Python27\Scripts;C:\ProgramData\Oracle\Java\javapath;C:\Windows\system32;C:\Windows;C:\Windows\System32\Wbem;C:\Windows\System32\WindowsPowerShell\v1.0\;C:\Program Files (x86)\Intel\OpenCL SDK\2.0\bin\x86;C:\Program Files (x86)\Intel\OpenCL SDK\2.0\bin\x64;C:\Program Files\nodejs\;C:\Windows\system32\config\systemprofile\.dnx\bin;C:\Program Files\Microsoft DNX\Dnvm\;C:\Program Files\Microsoft SQL Server\120\Tools\Binn\;C:\Program Files\Microsoft SQL Server\130\Tools\Binn\;C:\Program Files (x86)\Microsoft Emulator Manager\1.0\;C:\Program Files\Git\cmd;C:\Program Files\TortoiseSVN\bin;C:\Program Files (x86)\Microsoft SQL Server\110\Tools\Binn\;C:\Program Files\Microsoft SQL Server\110\Tools\Binn\;C:\Program Files\Microsoft SQL Server\110\DTS\Binn\;C:\Program Files (x86)\Microsoft SQL Server\110\Tools\Binn\ManagementStudio\;C:\Program Files (x86)\Microsoft SQL Server\110\DTS\Binn\;C:\Program Files (x86)\Windows Kits\8.1\Windows Performance Toolkit\;C:\ProgramData\chocolatey\bin;C:\php-7.1.5-Win32-VC14-x64;C:\ProgramData\ComposerSetup\bin;C:\Program Files\Java\jdk1.7.0_79\bin;C:\Users\weinipingfan\AppData\Local\atom\bin;C:\Users\weinipingfan\AppData\Roaming\npm;C:\Program Files\apache-maven-3.3.9\bin;C:\Program Files\apache-tomcat-8.5.8\bin;C:\Python27;C:\Python27\Scripts;C:\Users\weinipingfan\Desktop\nexus-3.2.1-01\bin;C:\phantomjs\bin;C:\cmder\bin;C:\Users\weinipingfan\.babun;C:\Program Files\mysql-5.6.13-winx64\bin;C:\Users\weinipingfan\AppData\Roaming\Composer\vendor\bin;C:\php-7.1.5-Win32-VC14-x64
USERNAME=weinipingfan
OS=Windows_NT
PROCESSOR_IDENTIFIER=Intel64 Family 6 Model 42 Stepping 7, GenuineIntel



---------------  S Y S T E M  ---------------

OS: Windows 8.1 , 64 bit Build 9600 

CPU:total 4 (2 cores per cpu, 2 threads per core) family 6 model 42 stepping 7, cmov, cx8, fxsr, mmx, sse, sse2, sse3, ssse3, sse4.1, sse4.2, popcnt, avx, aes, ht, tsc, tscinvbit

Memory: 4k page, physical 6174956k(712060k free), swap 9320684k(5604k free)

vm_info: Java HotSpot(TM) 64-Bit Server VM (24.79-b02) for windows-amd64 JRE (1.7.0_79-b15), built on Apr 10 2015 12:36:16 by "java_re" with unknown MS VC++:1600

time: Fri Jul 21 14:16:51 2017
elapsed time: 2 seconds

