14:08:54.367 [main] INFO  o.s.c.s.ClassPathXmlApplicationContext [AbstractApplicationContext.java:510] Refreshing org.springframework.context.support.ClassPathXmlApplicationContext@7b65c301: startup date [Fri Jul 21 14:08:54 CST 2017]; root of context hierarchy
14:08:54.591 [main] INFO  o.s.b.f.xml.XmlBeanDefinitionReader [XmlBeanDefinitionReader.java:317] Loading XML bean definitions from class path resource [spring/servlet-context.xml]
14:16:50.560 [main] INFO  o.s.c.s.ClassPathXmlApplicationContext [AbstractApplicationContext.java:510] Refreshing org.springframework.context.support.ClassPathXmlApplicationContext@6ada37aa: startup date [Fri Jul 21 14:16:50 CST 2017]; root of context hierarchy
14:16:50.699 [main] INFO  o.s.b.f.xml.XmlBeanDefinitionReader [XmlBeanDefinitionReader.java:317] Loading XML bean definitions from class path resource [spring/test.xml]
14:17:08.552 [main] INFO  o.s.c.s.ClassPathXmlApplicationContext [AbstractApplicationContext.java:510] Refreshing org.springframework.context.support.ClassPathXmlApplicationContext@529d1dd7: startup date [Fri Jul 21 14:17:08 CST 2017]; root of context hierarchy
14:17:08.722 [main] INFO  o.s.b.f.xml.XmlBeanDefinitionReader [XmlBeanDefinitionReader.java:317] Loading XML bean definitions from class path resource [spring/test.xml]
14:17:09.381 [main] INFO  o.s.c.s.PropertySourcesPlaceholderConfigurer [PropertiesLoaderSupport.java:172] Loading properties file from class path resource [db/dbora.properties]
14:17:48.074 [main] INFO  o.s.c.s.ClassPathXmlApplicationContext [AbstractApplicationContext.java:510] Refreshing org.springframework.context.support.ClassPathXmlApplicationContext@3e350808: startup date [Fri Jul 21 14:17:48 CST 2017]; root of context hierarchy
14:17:48.246 [main] INFO  o.s.b.f.xml.XmlBeanDefinitionReader [XmlBeanDefinitionReader.java:317] Loading XML bean definitions from class path resource [spring/test.xml]
14:17:48.763 [main] INFO  o.s.c.s.PropertySourcesPlaceholderConfigurer [PropertiesLoaderSupport.java:172] Loading properties file from class path resource [db/dbora.properties]
15:22:51.975 [localhost-startStop-1] INFO  o.s.web.context.ContextLoader [ContextLoader.java:285] Root WebApplicationContext: initialization started
15:22:52.106 [localhost-startStop-1] INFO  o.s.w.c.s.XmlWebApplicationContext [AbstractApplicationContext.java:510] Refreshing Root WebApplicationContext: startup date [Fri Jul 21 15:22:52 GMT+08:00 2017]; root of context hierarchy
15:22:52.158 [localhost-startStop-1] INFO  o.s.b.f.xml.XmlBeanDefinitionReader [XmlBeanDefinitionReader.java:317] Loading XML bean definitions from class path resource [spring/servlet-context.xml]
15:22:52.759 [localhost-startStop-1] INFO  o.s.c.s.PropertySourcesPlaceholderConfigurer [PropertiesLoaderSupport.java:172] Loading properties file from class path resource [db/db.properties]
15:22:52.773 [localhost-startStop-1] INFO  o.s.c.s.PropertySourcesPlaceholderConfigurer [PropertiesLoaderSupport.java:172] Loading properties file from class path resource [db/dbora.properties]
15:22:52.778 [localhost-startStop-1] INFO  o.s.b.f.a.AutowiredAnnotationBeanPostProcessor [AutowiredAnnotationBeanPostProcessor.java:153] JSR-330 'javax.inject.Inject' annotation found and supported for autowiring
15:22:53.222 [localhost-startStop-1] INFO  o.s.w.s.m.m.a.RequestMappingHandlerMapping [AbstractHandlerMethodMapping.java:217] Mapped "{[/about/index],methods=[],params=[],headers=[],consumes=[],produces=[],custom=[]}" onto public java.lang.String luju.ygz.about.controller.AboutUsController.aboutUs()
15:22:53.696 [localhost-startStop-1] INFO  o.s.w.s.m.m.a.RequestMappingHandlerAdapter [RequestMappingHandlerAdapter.java:517] Looking for @ControllerAdvice: Root WebApplicationContext: startup date [Fri Jul 21 15:22:52 GMT+08:00 2017]; root of context hierarchy
15:22:53.732 [localhost-startStop-1] INFO  o.s.w.s.m.m.a.RequestMappingHandlerAdapter [RequestMappingHandlerAdapter.java:517] Looking for @ControllerAdvice: Root WebApplicationContext: startup date [Fri Jul 21 15:22:52 GMT+08:00 2017]; root of context hierarchy
15:22:53.778 [localhost-startStop-1] INFO  o.s.w.s.h.SimpleUrlHandlerMapping [AbstractUrlHandlerMapping.java:314] Mapped URL path [/static/**] onto handler 'org.springframework.web.servlet.resource.ResourceHttpRequestHandler#0'
15:22:53.807 [localhost-startStop-1] INFO  o.s.w.s.m.m.a.RequestMappingHandlerAdapter [RequestMappingHandlerAdapter.java:517] Looking for @ControllerAdvice: Root WebApplicationContext: startup date [Fri Jul 21 15:22:52 GMT+08:00 2017]; root of context hierarchy
15:22:53.858 [localhost-startStop-1] INFO  o.s.web.context.ContextLoader [ContextLoader.java:325] Root WebApplicationContext: initialization completed in 1877 ms
15:22:53.882 [localhost-startStop-1] INFO  o.s.web.servlet.DispatcherServlet [FrameworkServlet.java:484] FrameworkServlet 'springServlet': initialization started
15:22:53.884 [localhost-startStop-1] INFO  o.s.w.c.s.XmlWebApplicationContext [AbstractApplicationContext.java:510] Refreshing WebApplicationContext for namespace 'springServlet-servlet': startup date [Fri Jul 21 15:22:53 GMT+08:00 2017]; parent: Root WebApplicationContext
15:22:53.885 [localhost-startStop-1] INFO  o.s.b.f.xml.XmlBeanDefinitionReader [XmlBeanDefinitionReader.java:317] Loading XML bean definitions from class path resource [spring/servlet-context.xml]
15:22:53.953 [localhost-startStop-1] INFO  o.s.c.s.PropertySourcesPlaceholderConfigurer [PropertiesLoaderSupport.java:172] Loading properties file from class path resource [db/db.properties]
15:22:53.960 [localhost-startStop-1] INFO  o.s.c.s.PropertySourcesPlaceholderConfigurer [PropertiesLoaderSupport.java:172] Loading properties file from class path resource [db/dbora.properties]
15:22:53.962 [localhost-startStop-1] INFO  o.s.b.f.a.AutowiredAnnotationBeanPostProcessor [AutowiredAnnotationBeanPostProcessor.java:153] JSR-330 'javax.inject.Inject' annotation found and supported for autowiring
15:22:53.989 [localhost-startStop-1] INFO  o.s.w.s.m.m.a.RequestMappingHandlerMapping [AbstractHandlerMethodMapping.java:217] Mapped "{[/about/index],methods=[],params=[],headers=[],consumes=[],produces=[],custom=[]}" onto public java.lang.String luju.ygz.about.controller.AboutUsController.aboutUs()
15:22:54.019 [localhost-startStop-1] INFO  o.s.w.s.m.m.a.RequestMappingHandlerAdapter [RequestMappingHandlerAdapter.java:517] Looking for @ControllerAdvice: WebApplicationContext for namespace 'springServlet-servlet': startup date [Fri Jul 21 15:22:53 GMT+08:00 2017]; parent: Root WebApplicationContext
15:22:54.037 [localhost-startStop-1] INFO  o.s.w.s.m.m.a.RequestMappingHandlerAdapter [RequestMappingHandlerAdapter.java:517] Looking for @ControllerAdvice: WebApplicationContext for namespace 'springServlet-servlet': startup date [Fri Jul 21 15:22:53 GMT+08:00 2017]; parent: Root WebApplicationContext
15:22:54.064 [localhost-startStop-1] INFO  o.s.w.s.h.SimpleUrlHandlerMapping [AbstractUrlHandlerMapping.java:314] Mapped URL path [/static/**] onto handler 'org.springframework.web.servlet.resource.ResourceHttpRequestHandler#0'
15:22:54.072 [localhost-startStop-1] INFO  o.s.w.s.m.m.a.RequestMappingHandlerAdapter [RequestMappingHandlerAdapter.java:517] Looking for @ControllerAdvice: WebApplicationContext for namespace 'springServlet-servlet': startup date [Fri Jul 21 15:22:53 GMT+08:00 2017]; parent: Root WebApplicationContext
15:22:54.094 [localhost-startStop-1] INFO  o.s.web.servlet.DispatcherServlet [FrameworkServlet.java:503] FrameworkServlet 'springServlet': initialization completed in 212 ms
15:24:32.532 [main] INFO  o.s.c.s.ClassPathXmlApplicationContext [AbstractApplicationContext.java:510] Refreshing org.springframework.context.support.ClassPathXmlApplicationContext@d2cc05a: startup date [Fri Jul 21 15:24:32 GMT+08:00 2017]; root of context hierarchy
15:24:32.610 [main] INFO  o.s.b.f.xml.XmlBeanDefinitionReader [XmlBeanDefinitionReader.java:317] Loading XML bean definitions from class path resource [spring/test.xml]
15:24:32.889 [main] INFO  o.s.c.s.PropertySourcesPlaceholderConfigurer [PropertiesLoaderSupport.java:172] Loading properties file from class path resource [db/dbora.properties]
15:25:12.071 [main] INFO  o.s.c.s.ClassPathXmlApplicationContext [AbstractApplicationContext.java:510] Refreshing org.springframework.context.support.ClassPathXmlApplicationContext@548a9f61: startup date [Fri Jul 21 15:25:12 GMT+08:00 2017]; root of context hierarchy
15:25:12.110 [main] INFO  o.s.b.f.xml.XmlBeanDefinitionReader [XmlBeanDefinitionReader.java:317] Loading XML bean definitions from class path resource [spring/test.xml]
15:25:12.295 [main] INFO  o.s.c.s.PropertySourcesPlaceholderConfigurer [PropertiesLoaderSupport.java:172] Loading properties file from class path resource [db/dbora.properties]
15:53:19.144 [main] INFO  o.s.c.s.ClassPathXmlApplicationContext [AbstractApplicationContext.java:510] Refreshing org.springframework.context.support.ClassPathXmlApplicationContext@20e2cbe0: startup date [Fri Jul 21 15:53:19 GMT+08:00 2017]; root of context hierarchy
15:53:19.183 [main] INFO  o.s.b.f.xml.XmlBeanDefinitionReader [XmlBeanDefinitionReader.java:317] Loading XML bean definitions from class path resource [spring/test.xml]
15:53:19.457 [main] INFO  o.s.c.s.PropertySourcesPlaceholderConfigurer [PropertiesLoaderSupport.java:172] Loading properties file from class path resource [db/dbora.properties]
15:53:38.185 [main] INFO  o.s.c.s.ClassPathXmlApplicationContext [AbstractApplicationContext.java:510] Refreshing org.springframework.context.support.ClassPathXmlApplicationContext@69b2283a: startup date [Fri Jul 21 15:53:38 GMT+08:00 2017]; root of context hierarchy
15:53:38.365 [main] INFO  o.s.b.f.xml.XmlBeanDefinitionReader [XmlBeanDefinitionReader.java:317] Loading XML bean definitions from class path resource [spring/test.xml]
15:53:38.752 [main] INFO  o.s.c.s.PropertySourcesPlaceholderConfigurer [PropertiesLoaderSupport.java:172] Loading properties file from class path resource [db/dbora.properties]
15:55:47.811 [main] INFO  o.s.c.s.ClassPathXmlApplicationContext [AbstractApplicationContext.java:510] Refreshing org.springframework.context.support.ClassPathXmlApplicationContext@69b2283a: startup date [Fri Jul 21 15:55:47 GMT+08:00 2017]; root of context hierarchy
15:55:47.894 [main] INFO  o.s.b.f.xml.XmlBeanDefinitionReader [XmlBeanDefinitionReader.java:317] Loading XML bean definitions from class path resource [spring/test.xml]
15:55:48.291 [main] INFO  o.s.c.s.PropertySourcesPlaceholderConfigurer [PropertiesLoaderSupport.java:172] Loading properties file from class path resource [db/dbora.properties]
15:57:08.213 [main] INFO  o.s.c.s.ClassPathXmlApplicationContext [AbstractApplicationContext.java:510] Refreshing org.springframework.context.support.ClassPathXmlApplicationContext@69b2283a: startup date [Fri Jul 21 15:57:08 GMT+08:00 2017]; root of context hierarchy
15:57:08.268 [main] INFO  o.s.b.f.xml.XmlBeanDefinitionReader [XmlBeanDefinitionReader.java:317] Loading XML bean definitions from class path resource [spring/test.xml]
15:57:08.640 [main] INFO  o.s.c.s.PropertySourcesPlaceholderConfigurer [PropertiesLoaderSupport.java:172] Loading properties file from class path resource [db/dbora.properties]
16:25:02.422 [main] INFO  o.s.c.s.ClassPathXmlApplicationContext [AbstractApplicationContext.java:510] Refreshing org.springframework.context.support.ClassPathXmlApplicationContext@69b2283a: startup date [Fri Jul 21 16:25:02 GMT+08:00 2017]; root of context hierarchy
16:25:02.486 [main] INFO  o.s.b.f.xml.XmlBeanDefinitionReader [XmlBeanDefinitionReader.java:317] Loading XML bean definitions from class path resource [spring/test.xml]
16:25:02.757 [main] INFO  o.s.c.s.PropertySourcesPlaceholderConfigurer [PropertiesLoaderSupport.java:172] Loading properties file from class path resource [db/dbora.properties]
16:28:08.047 [main] INFO  o.s.c.s.ClassPathXmlApplicationContext [AbstractApplicationContext.java:510] Refreshing org.springframework.context.support.ClassPathXmlApplicationContext@69b2283a: startup date [Fri Jul 21 16:28:08 GMT+08:00 2017]; root of context hierarchy
16:28:08.087 [main] INFO  o.s.b.f.xml.XmlBeanDefinitionReader [XmlBeanDefinitionReader.java:317] Loading XML bean definitions from class path resource [spring/test.xml]
16:28:08.400 [main] INFO  o.s.c.s.PropertySourcesPlaceholderConfigurer [PropertiesLoaderSupport.java:172] Loading properties file from class path resource [db/dbora.properties]
18:20:50.865 [main] INFO  o.s.c.s.ClassPathXmlApplicationContext [AbstractApplicationContext.java:510] Refreshing org.springframework.context.support.ClassPathXmlApplicationContext@69b2283a: startup date [Fri Jul 21 18:20:50 GMT+08:00 2017]; root of context hierarchy
18:20:50.932 [main] INFO  o.s.b.f.xml.XmlBeanDefinitionReader [XmlBeanDefinitionReader.java:317] Loading XML bean definitions from class path resource [spring/test.xml]
18:20:51.219 [main] INFO  o.s.c.s.PropertySourcesPlaceholderConfigurer [PropertiesLoaderSupport.java:172] Loading properties file from class path resource [db/dbora.properties]
18:22:06.858 [main] INFO  o.s.c.s.ClassPathXmlApplicationContext [AbstractApplicationContext.java:510] Refreshing org.springframework.context.support.ClassPathXmlApplicationContext@69b2283a: startup date [Fri Jul 21 18:22:06 GMT+08:00 2017]; root of context hierarchy
18:22:06.899 [main] INFO  o.s.b.f.xml.XmlBeanDefinitionReader [XmlBeanDefinitionReader.java:317] Loading XML bean definitions from class path resource [spring/test.xml]
18:22:07.179 [main] INFO  o.s.c.s.PropertySourcesPlaceholderConfigurer [PropertiesLoaderSupport.java:172] Loading properties file from class path resource [db/dbora.properties]
18:37:26.454 [main] INFO  o.s.c.s.ClassPathXmlApplicationContext [AbstractApplicationContext.java:510] Refreshing org.springframework.context.support.ClassPathXmlApplicationContext@69b2283a: startup date [Fri Jul 21 18:37:26 GMT+08:00 2017]; root of context hierarchy
18:37:26.497 [main] INFO  o.s.b.f.xml.XmlBeanDefinitionReader [XmlBeanDefinitionReader.java:317] Loading XML bean definitions from class path resource [spring/test.xml]
18:37:26.741 [main] INFO  o.s.c.s.PropertySourcesPlaceholderConfigurer [PropertiesLoaderSupport.java:172] Loading properties file from class path resource [db/dbora.properties]
18:39:22.819 [main] INFO  o.s.c.s.ClassPathXmlApplicationContext [AbstractApplicationContext.java:510] Refreshing org.springframework.context.support.ClassPathXmlApplicationContext@69b2283a: startup date [Fri Jul 21 18:39:22 GMT+08:00 2017]; root of context hierarchy
18:39:22.871 [main] INFO  o.s.b.f.xml.XmlBeanDefinitionReader [XmlBeanDefinitionReader.java:317] Loading XML bean definitions from class path resource [spring/test.xml]
18:39:23.133 [main] INFO  o.s.c.s.PropertySourcesPlaceholderConfigurer [PropertiesLoaderSupport.java:172] Loading properties file from class path resource [db/dbora.properties]
18:39:44.109 [main] INFO  o.s.c.s.ClassPathXmlApplicationContext [AbstractApplicationContext.java:510] Refreshing org.springframework.context.support.ClassPathXmlApplicationContext@69b2283a: startup date [Fri Jul 21 18:39:44 GMT+08:00 2017]; root of context hierarchy
18:39:44.166 [main] INFO  o.s.b.f.xml.XmlBeanDefinitionReader [XmlBeanDefinitionReader.java:317] Loading XML bean definitions from class path resource [spring/test.xml]
18:39:44.432 [main] INFO  o.s.c.s.PropertySourcesPlaceholderConfigurer [PropertiesLoaderSupport.java:172] Loading properties file from class path resource [db/dbora.properties]
18:51:48.372 [main] INFO  o.s.c.s.ClassPathXmlApplicationContext [AbstractApplicationContext.java:510] Refreshing org.springframework.context.support.ClassPathXmlApplicationContext@69b2283a: startup date [Fri Jul 21 18:51:48 GMT+08:00 2017]; root of context hierarchy
18:51:48.440 [main] INFO  o.s.b.f.xml.XmlBeanDefinitionReader [XmlBeanDefinitionReader.java:317] Loading XML bean definitions from class path resource [spring/test.xml]
18:51:48.691 [main] INFO  o.s.c.s.PropertySourcesPlaceholderConfigurer [PropertiesLoaderSupport.java:172] Loading properties file from class path resource [db/dbora.properties]
19:20:56.411 [main] INFO  o.s.c.s.ClassPathXmlApplicationContext [AbstractApplicationContext.java:510] Refreshing org.springframework.context.support.ClassPathXmlApplicationContext@69b2283a: startup date [Fri Jul 21 19:20:56 GMT+08:00 2017]; root of context hierarchy
19:20:56.486 [main] INFO  o.s.b.f.xml.XmlBeanDefinitionReader [XmlBeanDefinitionReader.java:317] Loading XML bean definitions from class path resource [spring/test.xml]
19:20:56.734 [main] INFO  o.s.c.s.PropertySourcesPlaceholderConfigurer [PropertiesLoaderSupport.java:172] Loading properties file from class path resource [db/dbora.properties]
19:21:46.137 [main] INFO  o.s.c.s.ClassPathXmlApplicationContext [AbstractApplicationContext.java:510] Refreshing org.springframework.context.support.ClassPathXmlApplicationContext@69b2283a: startup date [Fri Jul 21 19:21:46 GMT+08:00 2017]; root of context hierarchy
19:21:46.193 [main] INFO  o.s.b.f.xml.XmlBeanDefinitionReader [XmlBeanDefinitionReader.java:317] Loading XML bean definitions from class path resource [spring/test.xml]
19:21:46.532 [main] INFO  o.s.c.s.PropertySourcesPlaceholderConfigurer [PropertiesLoaderSupport.java:172] Loading properties file from class path resource [db/dbora.properties]
19:21:58.989 [main] INFO  o.s.c.s.ClassPathXmlApplicationContext [AbstractApplicationContext.java:510] Refreshing org.springframework.context.support.ClassPathXmlApplicationContext@69b2283a: startup date [Fri Jul 21 19:21:58 GMT+08:00 2017]; root of context hierarchy
19:21:59.040 [main] INFO  o.s.b.f.xml.XmlBeanDefinitionReader [XmlBeanDefinitionReader.java:317] Loading XML bean definitions from class path resource [spring/test.xml]
19:21:59.285 [main] INFO  o.s.c.s.PropertySourcesPlaceholderConfigurer [PropertiesLoaderSupport.java:172] Loading properties file from class path resource [db/dbora.properties]
21:02:28.906 [main] INFO  o.s.c.s.ClassPathXmlApplicationContext [AbstractApplicationContext.java:510] Refreshing org.springframework.context.support.ClassPathXmlApplicationContext@20e2cbe0: startup date [Fri Jul 21 21:02:28 GMT+08:00 2017]; root of context hierarchy
21:02:28.984 [main] INFO  o.s.b.f.xml.XmlBeanDefinitionReader [XmlBeanDefinitionReader.java:317] Loading XML bean definitions from class path resource [spring/test.xml]
21:02:29.404 [main] INFO  o.s.c.s.PropertySourcesPlaceholderConfigurer [PropertiesLoaderSupport.java:172] Loading properties file from class path resource [db/dbora.properties]
21:02:35.394 [main] INFO  o.s.c.s.ClassPathXmlApplicationContext [AbstractApplicationContext.java:510] Refreshing org.springframework.context.support.ClassPathXmlApplicationContext@69b2283a: startup date [Fri Jul 21 21:02:35 GMT+08:00 2017]; root of context hierarchy
21:02:35.471 [main] INFO  o.s.b.f.xml.XmlBeanDefinitionReader [XmlBeanDefinitionReader.java:317] Loading XML bean definitions from class path resource [spring/test.xml]
21:02:35.891 [main] INFO  o.s.c.s.PropertySourcesPlaceholderConfigurer [PropertiesLoaderSupport.java:172] Loading properties file from class path resource [db/dbora.properties]
21:02:43.263 [main] INFO  o.s.c.s.ClassPathXmlApplicationContext [AbstractApplicationContext.java:510] Refreshing org.springframework.context.support.ClassPathXmlApplicationContext@69b2283a: startup date [Fri Jul 21 21:02:43 GMT+08:00 2017]; root of context hierarchy
21:02:43.313 [main] INFO  o.s.b.f.xml.XmlBeanDefinitionReader [XmlBeanDefinitionReader.java:317] Loading XML bean definitions from class path resource [spring/test.xml]
21:02:43.626 [main] INFO  o.s.c.s.PropertySourcesPlaceholderConfigurer [PropertiesLoaderSupport.java:172] Loading properties file from class path resource [db/dbora.properties]
21:04:14.507 [main] INFO  o.s.c.s.ClassPathXmlApplicationContext [AbstractApplicationContext.java:510] Refreshing org.springframework.context.support.ClassPathXmlApplicationContext@69b2283a: startup date [Fri Jul 21 21:04:14 GMT+08:00 2017]; root of context hierarchy
21:04:14.558 [main] INFO  o.s.b.f.xml.XmlBeanDefinitionReader [XmlBeanDefinitionReader.java:317] Loading XML bean definitions from class path resource [spring/test.xml]
21:04:14.840 [main] INFO  o.s.c.s.PropertySourcesPlaceholderConfigurer [PropertiesLoaderSupport.java:172] Loading properties file from class path resource [db/dbora.properties]
21:04:57.726 [main] INFO  o.s.c.s.ClassPathXmlApplicationContext [AbstractApplicationContext.java:510] Refreshing org.springframework.context.support.ClassPathXmlApplicationContext@69b2283a: startup date [Fri Jul 21 21:04:57 GMT+08:00 2017]; root of context hierarchy
21:04:57.778 [main] INFO  o.s.b.f.xml.XmlBeanDefinitionReader [XmlBeanDefinitionReader.java:317] Loading XML bean definitions from class path resource [spring/test.xml]
21:04:58.159 [main] INFO  o.s.c.s.PropertySourcesPlaceholderConfigurer [PropertiesLoaderSupport.java:172] Loading properties file from class path resource [db/dbora.properties]
21:08:36.184 [main] INFO  o.s.c.s.ClassPathXmlApplicationContext [AbstractApplicationContext.java:510] Refreshing org.springframework.context.support.ClassPathXmlApplicationContext@69b2283a: startup date [Fri Jul 21 21:08:36 GMT+08:00 2017]; root of context hierarchy
21:08:36.231 [main] INFO  o.s.b.f.xml.XmlBeanDefinitionReader [XmlBeanDefinitionReader.java:317] Loading XML bean definitions from class path resource [spring/test.xml]
21:08:36.486 [main] INFO  o.s.c.s.PropertySourcesPlaceholderConfigurer [PropertiesLoaderSupport.java:172] Loading properties file from class path resource [db/dbora.properties]
21:12:51.959 [main] INFO  o.s.c.s.ClassPathXmlApplicationContext [AbstractApplicationContext.java:510] Refreshing org.springframework.context.support.ClassPathXmlApplicationContext@69b2283a: startup date [Fri Jul 21 21:12:51 GMT+08:00 2017]; root of context hierarchy
21:12:52.006 [main] INFO  o.s.b.f.xml.XmlBeanDefinitionReader [XmlBeanDefinitionReader.java:317] Loading XML bean definitions from class path resource [spring/test.xml]
21:12:52.238 [main] INFO  o.s.c.s.PropertySourcesPlaceholderConfigurer [PropertiesLoaderSupport.java:172] Loading properties file from class path resource [db/dbora.properties]
21:20:33.675 [main] INFO  o.s.c.s.ClassPathXmlApplicationContext [AbstractApplicationContext.java:510] Refreshing org.springframework.context.support.ClassPathXmlApplicationContext@69b2283a: startup date [Fri Jul 21 21:20:33 GMT+08:00 2017]; root of context hierarchy
21:20:33.770 [main] INFO  o.s.b.f.xml.XmlBeanDefinitionReader [XmlBeanDefinitionReader.java:317] Loading XML bean definitions from class path resource [spring/test.xml]
21:20:34.128 [main] INFO  o.s.c.s.PropertySourcesPlaceholderConfigurer [PropertiesLoaderSupport.java:172] Loading properties file from class path resource [db/dbora.properties]
21:21:18.157 [main] INFO  o.s.c.s.ClassPathXmlApplicationContext [AbstractApplicationContext.java:510] Refreshing org.springframework.context.support.ClassPathXmlApplicationContext@69b2283a: startup date [Fri Jul 21 21:21:18 GMT+08:00 2017]; root of context hierarchy
21:21:18.281 [main] INFO  o.s.b.f.xml.XmlBeanDefinitionReader [XmlBeanDefinitionReader.java:317] Loading XML bean definitions from class path resource [spring/test.xml]
21:21:18.759 [main] INFO  o.s.c.s.PropertySourcesPlaceholderConfigurer [PropertiesLoaderSupport.java:172] Loading properties file from class path resource [db/dbora.properties]
