09:57:37.314 [localhost-startStop-1] INFO  o.s.web.context.ContextLoader [ContextLoader.java:285] Root WebApplicationContext: initialization started
09:57:37.424 [localhost-startStop-1] INFO  o.s.w.c.s.XmlWebApplicationContext [AbstractApplicationContext.java:510] Refreshing Root WebApplicationContext: startup date [Tue Dec 26 09:57:37 GMT+08:00 2017]; root of context hierarchy
09:57:37.471 [localhost-startStop-1] INFO  o.s.b.f.xml.XmlBeanDefinitionReader [XmlBeanDefinitionReader.java:317] Loading XML bean definitions from class path resource [spring/task-context.xml]
09:57:37.736 [localhost-startStop-1] INFO  o.s.web.context.ContextLoader [ContextLoader.java:325] Root WebApplicationContext: initialization completed in 422 ms
09:57:37.783 [localhost-startStop-1] INFO  o.s.web.servlet.DispatcherServlet [FrameworkServlet.java:484] FrameworkServlet 'springServlet': initialization started
09:57:37.783 [localhost-startStop-1] INFO  o.s.w.c.s.XmlWebApplicationContext [AbstractApplicationContext.java:510] Refreshing WebApplicationContext for namespace 'springServlet-servlet': startup date [Tue Dec 26 09:57:37 GMT+08:00 2017]; parent: Root WebApplicationContext
09:57:37.783 [localhost-startStop-1] INFO  o.s.b.f.xml.XmlBeanDefinitionReader [XmlBeanDefinitionReader.java:317] Loading XML bean definitions from class path resource [spring/servlet-context.xml]
09:57:38.049 [localhost-startStop-1] INFO  o.s.b.f.xml.XmlBeanDefinitionReader [XmlBeanDefinitionReader.java:317] Loading XML bean definitions from class path resource [spring/task-context.xml]
09:57:38.377 [localhost-startStop-1] INFO  o.s.c.s.PropertySourcesPlaceholderConfigurer [PropertiesLoaderSupport.java:172] Loading properties file from class path resource [db/db.properties]
09:57:38.393 [localhost-startStop-1] INFO  o.s.c.s.PropertySourcesPlaceholderConfigurer [PropertiesLoaderSupport.java:172] Loading properties file from class path resource [db/db.properties]
09:57:38.393 [localhost-startStop-1] INFO  o.s.b.f.a.AutowiredAnnotationBeanPostProcessor [AutowiredAnnotationBeanPostProcessor.java:153] JSR-330 'javax.inject.Inject' annotation found and supported for autowiring
09:57:39.018 [localhost-startStop-1] INFO  o.s.w.s.m.m.a.RequestMappingHandlerMapping [AbstractHandlerMethodMapping.java:217] Mapped "{[/test/hello],methods=[],params=[],headers=[],consumes=[],produces=[],custom=[]}" onto public java.lang.String com.luju.ygz.dc.controller.DcController.test()
09:57:39.018 [localhost-startStop-1] INFO  o.s.w.s.m.m.a.RequestMappingHandlerMapping [AbstractHandlerMethodMapping.java:217] Mapped "{[/test/world],methods=[],params=[],headers=[],consumes=[],produces=[],custom=[]}" onto public java.lang.String com.luju.ygz.dc.controller.DcController.processDcData()
09:57:39.018 [localhost-startStop-1] INFO  o.s.w.s.m.m.a.RequestMappingHandlerMapping [AbstractHandlerMethodMapping.java:217] Mapped "{[/luju/updatesSource],methods=[],params=[],headers=[],consumes=[],produces=[],custom=[]}" onto public java.util.Map<java.lang.String, java.util.List<com.luju.pojo.DcPlanInfo>> com.luju.ygz.sd.controller.SdController.updateSource(com.luju.pojo.DcPlanInfo)
09:57:39.018 [localhost-startStop-1] INFO  o.s.w.s.m.m.a.RequestMappingHandlerMapping [AbstractHandlerMethodMapping.java:217] Mapped "{[/luju/sdPlan],methods=[],params=[],headers=[],consumes=[],produces=[],custom=[]}" onto public org.springframework.web.servlet.ModelAndView com.luju.ygz.sd.controller.SdController.sdPlan()
09:57:39.018 [localhost-startStop-1] INFO  o.s.w.s.m.m.a.RequestMappingHandlerMapping [AbstractHandlerMethodMapping.java:217] Mapped "{[/luju/updatesDestination],methods=[],params=[],headers=[],consumes=[],produces=[],custom=[]}" onto public java.util.Map<java.lang.String, java.util.List<com.luju.pojo.DcPlanInfo>> com.luju.ygz.sd.controller.SdController.updateDestination(com.luju.pojo.DcPlanInfo)
09:57:39.033 [localhost-startStop-1] INFO  o.s.w.s.m.m.a.RequestMappingHandlerMapping [AbstractHandlerMethodMapping.java:217] Mapped "{[/luju/login],methods=[POST],params=[],headers=[],consumes=[],produces=[],custom=[]}" onto public java.lang.String com.luju.ygz.ShowController.test(javax.servlet.http.HttpServletRequest)
09:57:39.033 [localhost-startStop-1] INFO  o.s.w.s.m.m.a.RequestMappingHandlerMapping [AbstractHandlerMethodMapping.java:217] Mapped "{[/luju/updateSource],methods=[],params=[],headers=[],consumes=[],produces=[],custom=[]}" onto public java.util.Map<java.lang.String, java.util.List<com.luju.pojo.DcPlanInfo>> com.luju.ygz.ShowController.updateSource(com.luju.pojo.DcPlanInfo)
09:57:39.033 [localhost-startStop-1] INFO  o.s.w.s.m.m.a.RequestMappingHandlerMapping [AbstractHandlerMethodMapping.java:217] Mapped "{[/luju/zyPlan],methods=[],params=[],headers=[],consumes=[],produces=[],custom=[]}" onto public org.springframework.web.servlet.ModelAndView com.luju.ygz.ShowController.allJcData()
09:57:39.033 [localhost-startStop-1] INFO  o.s.w.s.m.m.a.RequestMappingHandlerMapping [AbstractHandlerMethodMapping.java:217] Mapped "{[/luju/route],methods=[],params=[],headers=[],consumes=[],produces=[],custom=[]}" onto public java.lang.String com.luju.ygz.ShowController.routeLogin()
09:57:39.033 [localhost-startStop-1] INFO  o.s.w.s.m.m.a.RequestMappingHandlerMapping [AbstractHandlerMethodMapping.java:217] Mapped "{[/luju/textarea],methods=[POST],params=[],headers=[],consumes=[],produces=[],custom=[]}" onto public java.lang.String com.luju.ygz.ShowController.textarea(javax.servlet.http.HttpServletRequest)
09:57:39.033 [localhost-startStop-1] INFO  o.s.w.s.m.m.a.RequestMappingHandlerMapping [AbstractHandlerMethodMapping.java:217] Mapped "{[/luju/statistics],methods=[GET],params=[],headers=[],consumes=[],produces=[],custom=[]}" onto public org.springframework.web.servlet.ModelAndView com.luju.ygz.ShowController.toStatistics()
09:57:39.033 [localhost-startStop-1] INFO  o.s.w.s.m.m.a.RequestMappingHandlerMapping [AbstractHandlerMethodMapping.java:217] Mapped "{[/luju/jcPlan],methods=[],params=[],headers=[],consumes=[],produces=[],custom=[]}" onto public org.springframework.web.servlet.ModelAndView com.luju.ygz.ShowController.allJcDataNew()
09:57:39.033 [localhost-startStop-1] INFO  o.s.w.s.m.m.a.RequestMappingHandlerMapping [AbstractHandlerMethodMapping.java:217] Mapped "{[/luju/time],methods=[POST],params=[],headers=[],consumes=[],produces=[],custom=[]}" onto public java.util.List<com.luju.pojo.StatisticsInfo> com.luju.ygz.ShowController.list4Time(java.lang.String)
09:57:39.033 [localhost-startStop-1] INFO  o.s.w.s.m.m.a.RequestMappingHandlerMapping [AbstractHandlerMethodMapping.java:217] Mapped "{[/luju/updateDestination],methods=[],params=[],headers=[],consumes=[],produces=[],custom=[]}" onto public java.util.Map<java.lang.String, java.util.List<com.luju.pojo.DcPlanInfo>> com.luju.ygz.ShowController.updateDestination(com.luju.pojo.DcPlanInfo)
09:57:39.033 [localhost-startStop-1] INFO  o.s.w.s.m.m.a.RequestMappingHandlerMapping [AbstractHandlerMethodMapping.java:217] Mapped "{[/luju/selectTextarea],methods=[POST],params=[],headers=[],consumes=[],produces=[],custom=[]}" onto public java.util.List<com.luju.pojo.TextareaInfo> com.luju.ygz.ShowController.selectTextarea(com.luju.pojo.TextareaInfo)
09:57:39.033 [localhost-startStop-1] INFO  o.s.w.s.m.m.a.RequestMappingHandlerMapping [AbstractHandlerMethodMapping.java:217] Mapped "{[/luju/sxPlan],methods=[],params=[],headers=[],consumes=[],produces=[],custom=[]}" onto public org.springframework.web.servlet.ModelAndView com.luju.ygz.sx.controller.SxController.sdPlan()
09:57:39.033 [localhost-startStop-1] INFO  o.s.w.s.m.m.a.RequestMappingHandlerMapping [AbstractHandlerMethodMapping.java:217] Mapped "{[/luju/szPlan],methods=[],params=[],headers=[],consumes=[],produces=[],custom=[]}" onto public org.springframework.web.servlet.ModelAndView com.luju.ygz.sz.controller.SzController.allSzData()
09:57:39.033 [localhost-startStop-1] INFO  o.s.w.s.m.m.a.RequestMappingHandlerMapping [AbstractHandlerMethodMapping.java:217] Mapped "{[/luju/hello],methods=[],params=[],headers=[],consumes=[],produces=[],custom=[]}" onto public java.lang.String com.luju.ygz.test.controller.TestController.test()
09:57:39.033 [localhost-startStop-1] INFO  o.s.w.s.m.m.a.RequestMappingHandlerMapping [AbstractHandlerMethodMapping.java:217] Mapped "{[/luju/test],methods=[],params=[],headers=[],consumes=[],produces=[],custom=[]}" onto public org.springframework.web.servlet.ModelAndView com.luju.ygz.test.controller.TestController.test1()
09:57:39.033 [localhost-startStop-1] INFO  o.s.w.s.m.m.a.RequestMappingHandlerMapping [AbstractHandlerMethodMapping.java:217] Mapped "{[/luju/world],methods=[],params=[],headers=[],consumes=[],produces=[],custom=[]}" onto public java.lang.String com.luju.ygz.test.controller.TestController.dataFromCopyToOne()
09:57:39.049 [localhost-startStop-1] INFO  o.s.w.s.m.m.a.RequestMappingHandlerMapping [AbstractHandlerMethodMapping.java:217] Mapped "{[/luju/xxPlan],methods=[],params=[],headers=[],consumes=[],produces=[],custom=[]}" onto public org.springframework.web.servlet.ModelAndView com.luju.ygz.xx.controller.XxController.XxPlan()
09:57:39.049 [localhost-startStop-1] INFO  o.s.w.s.m.m.a.RequestMappingHandlerMapping [AbstractHandlerMethodMapping.java:217] Mapped "{[/luju/xzPlan],methods=[],params=[],headers=[],consumes=[],produces=[],custom=[]}" onto public org.springframework.web.servlet.ModelAndView com.luju.ygz.xz.controller.XzController.allXzData()
09:57:39.049 [localhost-startStop-1] INFO  o.s.w.s.m.m.a.RequestMappingHandlerMapping [AbstractHandlerMethodMapping.java:217] Mapped "{[/about/index],methods=[],params=[],headers=[],consumes=[],produces=[],custom=[]}" onto public java.lang.String com.luju.ygz.about.controller.AboutUsController.aboutUs()
09:57:39.549 [localhost-startStop-1] INFO  o.s.w.s.m.m.a.RequestMappingHandlerAdapter [RequestMappingHandlerAdapter.java:517] Looking for @ControllerAdvice: WebApplicationContext for namespace 'springServlet-servlet': startup date [Tue Dec 26 09:57:37 GMT+08:00 2017]; parent: Root WebApplicationContext
09:57:39.596 [localhost-startStop-1] INFO  o.s.w.s.m.m.a.RequestMappingHandlerAdapter [RequestMappingHandlerAdapter.java:517] Looking for @ControllerAdvice: WebApplicationContext for namespace 'springServlet-servlet': startup date [Tue Dec 26 09:57:37 GMT+08:00 2017]; parent: Root WebApplicationContext
09:57:39.674 [localhost-startStop-1] INFO  o.s.w.s.h.SimpleUrlHandlerMapping [AbstractUrlHandlerMapping.java:314] Mapped URL path [/static/**] onto handler 'org.springframework.web.servlet.resource.ResourceHttpRequestHandler#0'
09:57:39.721 [localhost-startStop-1] INFO  o.s.w.s.m.m.a.RequestMappingHandlerAdapter [RequestMappingHandlerAdapter.java:517] Looking for @ControllerAdvice: WebApplicationContext for namespace 'springServlet-servlet': startup date [Tue Dec 26 09:57:37 GMT+08:00 2017]; parent: Root WebApplicationContext
09:57:39.815 [localhost-startStop-1] INFO  o.s.web.servlet.DispatcherServlet [FrameworkServlet.java:503] FrameworkServlet 'springServlet': initialization completed in 2032 ms
10:00:21.776 [pool-2-thread-1] ERROR o.s.s.s.TaskUtils$LoggingErrorHandler [TaskUtils.java:95] Unexpected error occurred in scheduled task.
java.lang.NullPointerException: null
	at luju.common.util.DataProcess.jcTimeList(DataProcess.java:33)
	at com.luju.ygz.test.service.impl.TestServiceImpl.selectPlanDataFromOra(TestServiceImpl.java:31)
	at com.luju.ygz.dc.controller.AutoSelectDataFromOra.AutoSelectDataFromOra(AutoSelectDataFromOra.java:24)
	at sun.reflect.NativeMethodAccessorImpl.invoke0(Native Method)
	at sun.reflect.NativeMethodAccessorImpl.invoke(NativeMethodAccessorImpl.java:57)
	at sun.reflect.DelegatingMethodAccessorImpl.invoke(DelegatingMethodAccessorImpl.java:43)
	at java.lang.reflect.Method.invoke(Method.java:601)
	at org.springframework.scheduling.support.ScheduledMethodRunnable.run(ScheduledMethodRunnable.java:65)
	at org.springframework.scheduling.support.DelegatingErrorHandlingRunnable.run(DelegatingErrorHandlingRunnable.java:54)
	at org.springframework.scheduling.concurrent.ReschedulingRunnable.run(ReschedulingRunnable.java:81)
	at java.util.concurrent.Executors$RunnableAdapter.call(Executors.java:471)
	at java.util.concurrent.FutureTask$Sync.innerRun(FutureTask.java:334)
	at java.util.concurrent.FutureTask.run(FutureTask.java:166)
	at java.util.concurrent.ScheduledThreadPoolExecutor$ScheduledFutureTask.access$201(ScheduledThreadPoolExecutor.java:178)
	at java.util.concurrent.ScheduledThreadPoolExecutor$ScheduledFutureTask.run(ScheduledThreadPoolExecutor.java:292)
	at java.util.concurrent.ThreadPoolExecutor.runWorker(ThreadPoolExecutor.java:1145)
	at java.util.concurrent.ThreadPoolExecutor$Worker.run(ThreadPoolExecutor.java:615)
	at java.lang.Thread.run(Thread.java:722)
10:04:17.218 [localhost-startStop-1] INFO  o.s.web.context.ContextLoader [ContextLoader.java:285] Root WebApplicationContext: initialization started
10:04:17.297 [localhost-startStop-1] INFO  o.s.w.c.s.XmlWebApplicationContext [AbstractApplicationContext.java:510] Refreshing Root WebApplicationContext: startup date [Tue Dec 26 10:04:17 GMT+08:00 2017]; root of context hierarchy
10:04:17.328 [localhost-startStop-1] INFO  o.s.b.f.xml.XmlBeanDefinitionReader [XmlBeanDefinitionReader.java:317] Loading XML bean definitions from class path resource [spring/task-context.xml]
10:04:17.500 [localhost-startStop-1] INFO  o.s.web.context.ContextLoader [ContextLoader.java:325] Root WebApplicationContext: initialization completed in 266 ms
10:04:17.531 [localhost-startStop-1] INFO  o.s.web.servlet.DispatcherServlet [FrameworkServlet.java:484] FrameworkServlet 'springServlet': initialization started
10:04:17.531 [localhost-startStop-1] INFO  o.s.w.c.s.XmlWebApplicationContext [AbstractApplicationContext.java:510] Refreshing WebApplicationContext for namespace 'springServlet-servlet': startup date [Tue Dec 26 10:04:17 GMT+08:00 2017]; parent: Root WebApplicationContext
10:04:17.531 [localhost-startStop-1] INFO  o.s.b.f.xml.XmlBeanDefinitionReader [XmlBeanDefinitionReader.java:317] Loading XML bean definitions from class path resource [spring/servlet-context.xml]
10:04:17.781 [localhost-startStop-1] INFO  o.s.b.f.xml.XmlBeanDefinitionReader [XmlBeanDefinitionReader.java:317] Loading XML bean definitions from class path resource [spring/task-context.xml]
10:04:18.109 [localhost-startStop-1] INFO  o.s.c.s.PropertySourcesPlaceholderConfigurer [PropertiesLoaderSupport.java:172] Loading properties file from class path resource [db/db.properties]
10:04:18.125 [localhost-startStop-1] INFO  o.s.c.s.PropertySourcesPlaceholderConfigurer [PropertiesLoaderSupport.java:172] Loading properties file from class path resource [db/db.properties]
10:04:18.140 [localhost-startStop-1] INFO  o.s.b.f.a.AutowiredAnnotationBeanPostProcessor [AutowiredAnnotationBeanPostProcessor.java:153] JSR-330 'javax.inject.Inject' annotation found and supported for autowiring
10:04:18.734 [localhost-startStop-1] INFO  o.s.w.s.m.m.a.RequestMappingHandlerMapping [AbstractHandlerMethodMapping.java:217] Mapped "{[/test/hello],methods=[],params=[],headers=[],consumes=[],produces=[],custom=[]}" onto public java.lang.String com.luju.ygz.dc.controller.DcController.test()
10:04:18.734 [localhost-startStop-1] INFO  o.s.w.s.m.m.a.RequestMappingHandlerMapping [AbstractHandlerMethodMapping.java:217] Mapped "{[/test/world],methods=[],params=[],headers=[],consumes=[],produces=[],custom=[]}" onto public java.lang.String com.luju.ygz.dc.controller.DcController.processDcData()
10:04:18.734 [localhost-startStop-1] INFO  o.s.w.s.m.m.a.RequestMappingHandlerMapping [AbstractHandlerMethodMapping.java:217] Mapped "{[/luju/updatesSource],methods=[],params=[],headers=[],consumes=[],produces=[],custom=[]}" onto public java.util.Map<java.lang.String, java.util.List<com.luju.pojo.DcPlanInfo>> com.luju.ygz.sd.controller.SdController.updateSource(com.luju.pojo.DcPlanInfo)
10:04:18.734 [localhost-startStop-1] INFO  o.s.w.s.m.m.a.RequestMappingHandlerMapping [AbstractHandlerMethodMapping.java:217] Mapped "{[/luju/sdPlan],methods=[],params=[],headers=[],consumes=[],produces=[],custom=[]}" onto public org.springframework.web.servlet.ModelAndView com.luju.ygz.sd.controller.SdController.sdPlan()
10:04:18.734 [localhost-startStop-1] INFO  o.s.w.s.m.m.a.RequestMappingHandlerMapping [AbstractHandlerMethodMapping.java:217] Mapped "{[/luju/updatesDestination],methods=[],params=[],headers=[],consumes=[],produces=[],custom=[]}" onto public java.util.Map<java.lang.String, java.util.List<com.luju.pojo.DcPlanInfo>> com.luju.ygz.sd.controller.SdController.updateDestination(com.luju.pojo.DcPlanInfo)
10:04:18.734 [localhost-startStop-1] INFO  o.s.w.s.m.m.a.RequestMappingHandlerMapping [AbstractHandlerMethodMapping.java:217] Mapped "{[/luju/login],methods=[POST],params=[],headers=[],consumes=[],produces=[],custom=[]}" onto public java.lang.String com.luju.ygz.ShowController.test(javax.servlet.http.HttpServletRequest)
10:04:18.734 [localhost-startStop-1] INFO  o.s.w.s.m.m.a.RequestMappingHandlerMapping [AbstractHandlerMethodMapping.java:217] Mapped "{[/luju/updateSource],methods=[],params=[],headers=[],consumes=[],produces=[],custom=[]}" onto public java.util.Map<java.lang.String, java.util.List<com.luju.pojo.DcPlanInfo>> com.luju.ygz.ShowController.updateSource(com.luju.pojo.DcPlanInfo)
10:04:18.734 [localhost-startStop-1] INFO  o.s.w.s.m.m.a.RequestMappingHandlerMapping [AbstractHandlerMethodMapping.java:217] Mapped "{[/luju/textarea],methods=[POST],params=[],headers=[],consumes=[],produces=[],custom=[]}" onto public java.lang.String com.luju.ygz.ShowController.textarea(javax.servlet.http.HttpServletRequest)
10:04:18.734 [localhost-startStop-1] INFO  o.s.w.s.m.m.a.RequestMappingHandlerMapping [AbstractHandlerMethodMapping.java:217] Mapped "{[/luju/time],methods=[POST],params=[],headers=[],consumes=[],produces=[],custom=[]}" onto public java.util.List<com.luju.pojo.StatisticsInfo> com.luju.ygz.ShowController.list4Time(java.lang.String)
10:04:18.734 [localhost-startStop-1] INFO  o.s.w.s.m.m.a.RequestMappingHandlerMapping [AbstractHandlerMethodMapping.java:217] Mapped "{[/luju/route],methods=[],params=[],headers=[],consumes=[],produces=[],custom=[]}" onto public java.lang.String com.luju.ygz.ShowController.routeLogin()
10:04:18.734 [localhost-startStop-1] INFO  o.s.w.s.m.m.a.RequestMappingHandlerMapping [AbstractHandlerMethodMapping.java:217] Mapped "{[/luju/zyPlan],methods=[],params=[],headers=[],consumes=[],produces=[],custom=[]}" onto public org.springframework.web.servlet.ModelAndView com.luju.ygz.ShowController.allJcData()
10:04:18.734 [localhost-startStop-1] INFO  o.s.w.s.m.m.a.RequestMappingHandlerMapping [AbstractHandlerMethodMapping.java:217] Mapped "{[/luju/statistics],methods=[GET],params=[],headers=[],consumes=[],produces=[],custom=[]}" onto public org.springframework.web.servlet.ModelAndView com.luju.ygz.ShowController.toStatistics()
10:04:18.734 [localhost-startStop-1] INFO  o.s.w.s.m.m.a.RequestMappingHandlerMapping [AbstractHandlerMethodMapping.java:217] Mapped "{[/luju/jcPlan],methods=[],params=[],headers=[],consumes=[],produces=[],custom=[]}" onto public org.springframework.web.servlet.ModelAndView com.luju.ygz.ShowController.allJcDataNew()
10:04:18.734 [localhost-startStop-1] INFO  o.s.w.s.m.m.a.RequestMappingHandlerMapping [AbstractHandlerMethodMapping.java:217] Mapped "{[/luju/selectTextarea],methods=[POST],params=[],headers=[],consumes=[],produces=[],custom=[]}" onto public java.util.List<com.luju.pojo.TextareaInfo> com.luju.ygz.ShowController.selectTextarea(com.luju.pojo.TextareaInfo)
10:04:18.750 [localhost-startStop-1] INFO  o.s.w.s.m.m.a.RequestMappingHandlerMapping [AbstractHandlerMethodMapping.java:217] Mapped "{[/luju/updateDestination],methods=[],params=[],headers=[],consumes=[],produces=[],custom=[]}" onto public java.util.Map<java.lang.String, java.util.List<com.luju.pojo.DcPlanInfo>> com.luju.ygz.ShowController.updateDestination(com.luju.pojo.DcPlanInfo)
10:04:18.750 [localhost-startStop-1] INFO  o.s.w.s.m.m.a.RequestMappingHandlerMapping [AbstractHandlerMethodMapping.java:217] Mapped "{[/luju/sxPlan],methods=[],params=[],headers=[],consumes=[],produces=[],custom=[]}" onto public org.springframework.web.servlet.ModelAndView com.luju.ygz.sx.controller.SxController.sdPlan()
10:04:18.750 [localhost-startStop-1] INFO  o.s.w.s.m.m.a.RequestMappingHandlerMapping [AbstractHandlerMethodMapping.java:217] Mapped "{[/luju/szPlan],methods=[],params=[],headers=[],consumes=[],produces=[],custom=[]}" onto public org.springframework.web.servlet.ModelAndView com.luju.ygz.sz.controller.SzController.allSzData()
10:04:18.750 [localhost-startStop-1] INFO  o.s.w.s.m.m.a.RequestMappingHandlerMapping [AbstractHandlerMethodMapping.java:217] Mapped "{[/luju/hello],methods=[],params=[],headers=[],consumes=[],produces=[],custom=[]}" onto public java.lang.String com.luju.ygz.test.controller.TestController.test()
10:04:18.750 [localhost-startStop-1] INFO  o.s.w.s.m.m.a.RequestMappingHandlerMapping [AbstractHandlerMethodMapping.java:217] Mapped "{[/luju/test],methods=[],params=[],headers=[],consumes=[],produces=[],custom=[]}" onto public org.springframework.web.servlet.ModelAndView com.luju.ygz.test.controller.TestController.test1()
10:04:18.750 [localhost-startStop-1] INFO  o.s.w.s.m.m.a.RequestMappingHandlerMapping [AbstractHandlerMethodMapping.java:217] Mapped "{[/luju/world],methods=[],params=[],headers=[],consumes=[],produces=[],custom=[]}" onto public java.lang.String com.luju.ygz.test.controller.TestController.dataFromCopyToOne()
10:04:18.750 [localhost-startStop-1] INFO  o.s.w.s.m.m.a.RequestMappingHandlerMapping [AbstractHandlerMethodMapping.java:217] Mapped "{[/luju/xxPlan],methods=[],params=[],headers=[],consumes=[],produces=[],custom=[]}" onto public org.springframework.web.servlet.ModelAndView com.luju.ygz.xx.controller.XxController.XxPlan()
10:04:18.750 [localhost-startStop-1] INFO  o.s.w.s.m.m.a.RequestMappingHandlerMapping [AbstractHandlerMethodMapping.java:217] Mapped "{[/luju/xzPlan],methods=[],params=[],headers=[],consumes=[],produces=[],custom=[]}" onto public org.springframework.web.servlet.ModelAndView com.luju.ygz.xz.controller.XzController.allXzData()
10:04:18.750 [localhost-startStop-1] INFO  o.s.w.s.m.m.a.RequestMappingHandlerMapping [AbstractHandlerMethodMapping.java:217] Mapped "{[/about/index],methods=[],params=[],headers=[],consumes=[],produces=[],custom=[]}" onto public java.lang.String com.luju.ygz.about.controller.AboutUsController.aboutUs()
10:04:19.203 [localhost-startStop-1] INFO  o.s.w.s.m.m.a.RequestMappingHandlerAdapter [RequestMappingHandlerAdapter.java:517] Looking for @ControllerAdvice: WebApplicationContext for namespace 'springServlet-servlet': startup date [Tue Dec 26 10:04:17 GMT+08:00 2017]; parent: Root WebApplicationContext
10:04:19.328 [localhost-startStop-1] INFO  o.s.w.s.m.m.a.RequestMappingHandlerAdapter [RequestMappingHandlerAdapter.java:517] Looking for @ControllerAdvice: WebApplicationContext for namespace 'springServlet-servlet': startup date [Tue Dec 26 10:04:17 GMT+08:00 2017]; parent: Root WebApplicationContext
10:04:19.484 [localhost-startStop-1] INFO  o.s.w.s.h.SimpleUrlHandlerMapping [AbstractUrlHandlerMapping.java:314] Mapped URL path [/static/**] onto handler 'org.springframework.web.servlet.resource.ResourceHttpRequestHandler#0'
10:04:19.547 [localhost-startStop-1] INFO  o.s.w.s.m.m.a.RequestMappingHandlerAdapter [RequestMappingHandlerAdapter.java:517] Looking for @ControllerAdvice: WebApplicationContext for namespace 'springServlet-servlet': startup date [Tue Dec 26 10:04:17 GMT+08:00 2017]; parent: Root WebApplicationContext
10:04:19.625 [localhost-startStop-1] INFO  o.s.web.servlet.DispatcherServlet [FrameworkServlet.java:503] FrameworkServlet 'springServlet': initialization completed in 2094 ms
14:45:22.860 [localhost-startStop-1] INFO  o.s.web.context.ContextLoader [ContextLoader.java:285] Root WebApplicationContext: initialization started
14:45:22.927 [localhost-startStop-1] INFO  o.s.w.c.s.XmlWebApplicationContext [AbstractApplicationContext.java:510] Refreshing Root WebApplicationContext: startup date [Tue Dec 26 14:45:22 GMT+08:00 2017]; root of context hierarchy
14:45:22.982 [localhost-startStop-1] INFO  o.s.b.f.xml.XmlBeanDefinitionReader [XmlBeanDefinitionReader.java:317] Loading XML bean definitions from class path resource [spring/task-context.xml]
14:45:23.117 [localhost-startStop-1] INFO  o.s.web.context.ContextLoader [ContextLoader.java:325] Root WebApplicationContext: initialization completed in 254 ms
14:45:23.157 [localhost-startStop-1] INFO  o.s.web.servlet.DispatcherServlet [FrameworkServlet.java:484] FrameworkServlet 'springServlet': initialization started
14:45:23.160 [localhost-startStop-1] INFO  o.s.w.c.s.XmlWebApplicationContext [AbstractApplicationContext.java:510] Refreshing WebApplicationContext for namespace 'springServlet-servlet': startup date [Tue Dec 26 14:45:23 GMT+08:00 2017]; parent: Root WebApplicationContext
14:45:23.161 [localhost-startStop-1] INFO  o.s.b.f.xml.XmlBeanDefinitionReader [XmlBeanDefinitionReader.java:317] Loading XML bean definitions from class path resource [spring/servlet-context.xml]
14:45:23.410 [localhost-startStop-1] INFO  o.s.b.f.xml.XmlBeanDefinitionReader [XmlBeanDefinitionReader.java:317] Loading XML bean definitions from class path resource [spring/task-context.xml]
14:45:23.725 [localhost-startStop-1] INFO  o.s.c.s.PropertySourcesPlaceholderConfigurer [PropertiesLoaderSupport.java:172] Loading properties file from class path resource [db/db.properties]
14:45:23.736 [localhost-startStop-1] INFO  o.s.c.s.PropertySourcesPlaceholderConfigurer [PropertiesLoaderSupport.java:172] Loading properties file from class path resource [db/db.properties]
14:45:23.745 [localhost-startStop-1] INFO  o.s.b.f.a.AutowiredAnnotationBeanPostProcessor [AutowiredAnnotationBeanPostProcessor.java:153] JSR-330 'javax.inject.Inject' annotation found and supported for autowiring
14:45:24.411 [localhost-startStop-1] INFO  o.s.w.s.m.m.a.RequestMappingHandlerMapping [AbstractHandlerMethodMapping.java:217] Mapped "{[/test/hello],methods=[],params=[],headers=[],consumes=[],produces=[],custom=[]}" onto public java.lang.String com.luju.ygz.dc.controller.DcController.test()
14:45:24.411 [localhost-startStop-1] INFO  o.s.w.s.m.m.a.RequestMappingHandlerMapping [AbstractHandlerMethodMapping.java:217] Mapped "{[/test/world],methods=[],params=[],headers=[],consumes=[],produces=[],custom=[]}" onto public java.lang.String com.luju.ygz.dc.controller.DcController.processDcData()
14:45:24.413 [localhost-startStop-1] INFO  o.s.w.s.m.m.a.RequestMappingHandlerMapping [AbstractHandlerMethodMapping.java:217] Mapped "{[/luju/updatesSource],methods=[],params=[],headers=[],consumes=[],produces=[],custom=[]}" onto public java.util.Map<java.lang.String, java.util.List<com.luju.pojo.DcPlanInfo>> com.luju.ygz.sd.controller.SdController.updateSource(com.luju.pojo.DcPlanInfo)
14:45:24.413 [localhost-startStop-1] INFO  o.s.w.s.m.m.a.RequestMappingHandlerMapping [AbstractHandlerMethodMapping.java:217] Mapped "{[/luju/sdPlan],methods=[],params=[],headers=[],consumes=[],produces=[],custom=[]}" onto public org.springframework.web.servlet.ModelAndView com.luju.ygz.sd.controller.SdController.sdPlan()
14:45:24.414 [localhost-startStop-1] INFO  o.s.w.s.m.m.a.RequestMappingHandlerMapping [AbstractHandlerMethodMapping.java:217] Mapped "{[/luju/updatesDestination],methods=[],params=[],headers=[],consumes=[],produces=[],custom=[]}" onto public java.util.Map<java.lang.String, java.util.List<com.luju.pojo.DcPlanInfo>> com.luju.ygz.sd.controller.SdController.updateDestination(com.luju.pojo.DcPlanInfo)
14:45:24.416 [localhost-startStop-1] INFO  o.s.w.s.m.m.a.RequestMappingHandlerMapping [AbstractHandlerMethodMapping.java:217] Mapped "{[/luju/login],methods=[POST],params=[],headers=[],consumes=[],produces=[],custom=[]}" onto public java.lang.String com.luju.ygz.ShowController.test(javax.servlet.http.HttpServletRequest)
14:45:24.417 [localhost-startStop-1] INFO  o.s.w.s.m.m.a.RequestMappingHandlerMapping [AbstractHandlerMethodMapping.java:217] Mapped "{[/luju/updateSource],methods=[],params=[],headers=[],consumes=[],produces=[],custom=[]}" onto public java.util.Map<java.lang.String, java.util.List<com.luju.pojo.DcPlanInfo>> com.luju.ygz.ShowController.updateSource(com.luju.pojo.DcPlanInfo)
14:45:24.417 [localhost-startStop-1] INFO  o.s.w.s.m.m.a.RequestMappingHandlerMapping [AbstractHandlerMethodMapping.java:217] Mapped "{[/luju/zyPlan],methods=[],params=[],headers=[],consumes=[],produces=[],custom=[]}" onto public org.springframework.web.servlet.ModelAndView com.luju.ygz.ShowController.allJcData()
14:45:24.417 [localhost-startStop-1] INFO  o.s.w.s.m.m.a.RequestMappingHandlerMapping [AbstractHandlerMethodMapping.java:217] Mapped "{[/luju/jcPlan],methods=[],params=[],headers=[],consumes=[],produces=[],custom=[]}" onto public org.springframework.web.servlet.ModelAndView com.luju.ygz.ShowController.allJcDataNew()
14:45:24.418 [localhost-startStop-1] INFO  o.s.w.s.m.m.a.RequestMappingHandlerMapping [AbstractHandlerMethodMapping.java:217] Mapped "{[/luju/time],methods=[POST],params=[],headers=[],consumes=[],produces=[],custom=[]}" onto public java.util.List<com.luju.pojo.StatisticsInfo> com.luju.ygz.ShowController.list4Time(java.lang.String)
14:45:24.418 [localhost-startStop-1] INFO  o.s.w.s.m.m.a.RequestMappingHandlerMapping [AbstractHandlerMethodMapping.java:217] Mapped "{[/luju/statistics],methods=[GET],params=[],headers=[],consumes=[],produces=[],custom=[]}" onto public org.springframework.web.servlet.ModelAndView com.luju.ygz.ShowController.toStatistics()
14:45:24.418 [localhost-startStop-1] INFO  o.s.w.s.m.m.a.RequestMappingHandlerMapping [AbstractHandlerMethodMapping.java:217] Mapped "{[/luju/route],methods=[],params=[],headers=[],consumes=[],produces=[],custom=[]}" onto public java.lang.String com.luju.ygz.ShowController.routeLogin()
14:45:24.418 [localhost-startStop-1] INFO  o.s.w.s.m.m.a.RequestMappingHandlerMapping [AbstractHandlerMethodMapping.java:217] Mapped "{[/luju/textarea],methods=[POST],params=[],headers=[],consumes=[],produces=[],custom=[]}" onto public java.lang.String com.luju.ygz.ShowController.textarea(javax.servlet.http.HttpServletRequest)
14:45:24.419 [localhost-startStop-1] INFO  o.s.w.s.m.m.a.RequestMappingHandlerMapping [AbstractHandlerMethodMapping.java:217] Mapped "{[/luju/updateDestination],methods=[],params=[],headers=[],consumes=[],produces=[],custom=[]}" onto public java.util.Map<java.lang.String, java.util.List<com.luju.pojo.DcPlanInfo>> com.luju.ygz.ShowController.updateDestination(com.luju.pojo.DcPlanInfo)
14:45:24.419 [localhost-startStop-1] INFO  o.s.w.s.m.m.a.RequestMappingHandlerMapping [AbstractHandlerMethodMapping.java:217] Mapped "{[/luju/selectTextarea],methods=[POST],params=[],headers=[],consumes=[],produces=[],custom=[]}" onto public java.util.List<com.luju.pojo.TextareaInfo> com.luju.ygz.ShowController.selectTextarea(com.luju.pojo.TextareaInfo)
14:45:24.420 [localhost-startStop-1] INFO  o.s.w.s.m.m.a.RequestMappingHandlerMapping [AbstractHandlerMethodMapping.java:217] Mapped "{[/luju/sxPlan],methods=[],params=[],headers=[],consumes=[],produces=[],custom=[]}" onto public org.springframework.web.servlet.ModelAndView com.luju.ygz.sx.controller.SxController.sdPlan()
14:45:24.420 [localhost-startStop-1] INFO  o.s.w.s.m.m.a.RequestMappingHandlerMapping [AbstractHandlerMethodMapping.java:217] Mapped "{[/luju/szPlan],methods=[],params=[],headers=[],consumes=[],produces=[],custom=[]}" onto public org.springframework.web.servlet.ModelAndView com.luju.ygz.sz.controller.SzController.allSzData()
14:45:24.421 [localhost-startStop-1] INFO  o.s.w.s.m.m.a.RequestMappingHandlerMapping [AbstractHandlerMethodMapping.java:217] Mapped "{[/luju/hello],methods=[],params=[],headers=[],consumes=[],produces=[],custom=[]}" onto public java.lang.String com.luju.ygz.test.controller.TestController.test()
14:45:24.422 [localhost-startStop-1] INFO  o.s.w.s.m.m.a.RequestMappingHandlerMapping [AbstractHandlerMethodMapping.java:217] Mapped "{[/luju/test],methods=[],params=[],headers=[],consumes=[],produces=[],custom=[]}" onto public org.springframework.web.servlet.ModelAndView com.luju.ygz.test.controller.TestController.test1()
14:45:24.422 [localhost-startStop-1] INFO  o.s.w.s.m.m.a.RequestMappingHandlerMapping [AbstractHandlerMethodMapping.java:217] Mapped "{[/luju/world],methods=[],params=[],headers=[],consumes=[],produces=[],custom=[]}" onto public java.lang.String com.luju.ygz.test.controller.TestController.dataFromCopyToOne()
14:45:24.423 [localhost-startStop-1] INFO  o.s.w.s.m.m.a.RequestMappingHandlerMapping [AbstractHandlerMethodMapping.java:217] Mapped "{[/luju/xxPlan],methods=[],params=[],headers=[],consumes=[],produces=[],custom=[]}" onto public org.springframework.web.servlet.ModelAndView com.luju.ygz.xx.controller.XxController.XxPlan()
14:45:24.425 [localhost-startStop-1] INFO  o.s.w.s.m.m.a.RequestMappingHandlerMapping [AbstractHandlerMethodMapping.java:217] Mapped "{[/luju/xzPlan],methods=[],params=[],headers=[],consumes=[],produces=[],custom=[]}" onto public org.springframework.web.servlet.ModelAndView com.luju.ygz.xz.controller.XzController.allXzData()
14:45:24.425 [localhost-startStop-1] INFO  o.s.w.s.m.m.a.RequestMappingHandlerMapping [AbstractHandlerMethodMapping.java:217] Mapped "{[/about/index],methods=[],params=[],headers=[],consumes=[],produces=[],custom=[]}" onto public java.lang.String com.luju.ygz.about.controller.AboutUsController.aboutUs()
14:45:24.924 [localhost-startStop-1] INFO  o.s.w.s.m.m.a.RequestMappingHandlerAdapter [RequestMappingHandlerAdapter.java:517] Looking for @ControllerAdvice: WebApplicationContext for namespace 'springServlet-servlet': startup date [Tue Dec 26 14:45:23 GMT+08:00 2017]; parent: Root WebApplicationContext
14:45:25.037 [localhost-startStop-1] INFO  o.s.w.s.m.m.a.RequestMappingHandlerAdapter [RequestMappingHandlerAdapter.java:517] Looking for @ControllerAdvice: WebApplicationContext for namespace 'springServlet-servlet': startup date [Tue Dec 26 14:45:23 GMT+08:00 2017]; parent: Root WebApplicationContext
14:45:25.160 [localhost-startStop-1] INFO  o.s.w.s.h.SimpleUrlHandlerMapping [AbstractUrlHandlerMapping.java:314] Mapped URL path [/static/**] onto handler 'org.springframework.web.servlet.resource.ResourceHttpRequestHandler#0'
14:45:25.227 [localhost-startStop-1] INFO  o.s.w.s.m.m.a.RequestMappingHandlerAdapter [RequestMappingHandlerAdapter.java:517] Looking for @ControllerAdvice: WebApplicationContext for namespace 'springServlet-servlet': startup date [Tue Dec 26 14:45:23 GMT+08:00 2017]; parent: Root WebApplicationContext
14:45:25.295 [localhost-startStop-1] INFO  o.s.web.servlet.DispatcherServlet [FrameworkServlet.java:503] FrameworkServlet 'springServlet': initialization completed in 2137 ms
14:54:03.561 [localhost-startStop-1] INFO  o.s.web.context.ContextLoader [ContextLoader.java:285] Root WebApplicationContext: initialization started
14:54:03.639 [localhost-startStop-1] INFO  o.s.w.c.s.XmlWebApplicationContext [AbstractApplicationContext.java:510] Refreshing Root WebApplicationContext: startup date [Tue Dec 26 14:54:03 GMT+08:00 2017]; root of context hierarchy
14:54:03.672 [localhost-startStop-1] INFO  o.s.b.f.xml.XmlBeanDefinitionReader [XmlBeanDefinitionReader.java:317] Loading XML bean definitions from class path resource [spring/task-context.xml]
14:54:03.820 [localhost-startStop-1] INFO  o.s.web.context.ContextLoader [ContextLoader.java:325] Root WebApplicationContext: initialization completed in 256 ms
14:54:03.858 [localhost-startStop-1] INFO  o.s.web.servlet.DispatcherServlet [FrameworkServlet.java:484] FrameworkServlet 'springServlet': initialization started
14:54:03.860 [localhost-startStop-1] INFO  o.s.w.c.s.XmlWebApplicationContext [AbstractApplicationContext.java:510] Refreshing WebApplicationContext for namespace 'springServlet-servlet': startup date [Tue Dec 26 14:54:03 GMT+08:00 2017]; parent: Root WebApplicationContext
14:54:03.861 [localhost-startStop-1] INFO  o.s.b.f.xml.XmlBeanDefinitionReader [XmlBeanDefinitionReader.java:317] Loading XML bean definitions from class path resource [spring/servlet-context.xml]
14:54:04.106 [localhost-startStop-1] INFO  o.s.b.f.xml.XmlBeanDefinitionReader [XmlBeanDefinitionReader.java:317] Loading XML bean definitions from class path resource [spring/task-context.xml]
14:54:04.419 [localhost-startStop-1] INFO  o.s.c.s.PropertySourcesPlaceholderConfigurer [PropertiesLoaderSupport.java:172] Loading properties file from class path resource [db/db.properties]
14:54:04.428 [localhost-startStop-1] INFO  o.s.c.s.PropertySourcesPlaceholderConfigurer [PropertiesLoaderSupport.java:172] Loading properties file from class path resource [db/db.properties]
14:54:04.437 [localhost-startStop-1] INFO  o.s.b.f.a.AutowiredAnnotationBeanPostProcessor [AutowiredAnnotationBeanPostProcessor.java:153] JSR-330 'javax.inject.Inject' annotation found and supported for autowiring
14:54:05.079 [localhost-startStop-1] INFO  o.s.w.s.m.m.a.RequestMappingHandlerMapping [AbstractHandlerMethodMapping.java:217] Mapped "{[/test/hello],methods=[],params=[],headers=[],consumes=[],produces=[],custom=[]}" onto public java.lang.String com.luju.ygz.dc.controller.DcController.test()
14:54:05.080 [localhost-startStop-1] INFO  o.s.w.s.m.m.a.RequestMappingHandlerMapping [AbstractHandlerMethodMapping.java:217] Mapped "{[/test/world],methods=[],params=[],headers=[],consumes=[],produces=[],custom=[]}" onto public java.lang.String com.luju.ygz.dc.controller.DcController.processDcData()
14:54:05.082 [localhost-startStop-1] INFO  o.s.w.s.m.m.a.RequestMappingHandlerMapping [AbstractHandlerMethodMapping.java:217] Mapped "{[/luju/updatesSource],methods=[],params=[],headers=[],consumes=[],produces=[],custom=[]}" onto public java.util.Map<java.lang.String, java.util.List<com.luju.pojo.DcPlanInfo>> com.luju.ygz.sd.controller.SdController.updateSource(com.luju.pojo.DcPlanInfo)
14:54:05.082 [localhost-startStop-1] INFO  o.s.w.s.m.m.a.RequestMappingHandlerMapping [AbstractHandlerMethodMapping.java:217] Mapped "{[/luju/sdPlan],methods=[],params=[],headers=[],consumes=[],produces=[],custom=[]}" onto public org.springframework.web.servlet.ModelAndView com.luju.ygz.sd.controller.SdController.sdPlan()
14:54:05.083 [localhost-startStop-1] INFO  o.s.w.s.m.m.a.RequestMappingHandlerMapping [AbstractHandlerMethodMapping.java:217] Mapped "{[/luju/updatesDestination],methods=[],params=[],headers=[],consumes=[],produces=[],custom=[]}" onto public java.util.Map<java.lang.String, java.util.List<com.luju.pojo.DcPlanInfo>> com.luju.ygz.sd.controller.SdController.updateDestination(com.luju.pojo.DcPlanInfo)
14:54:05.086 [localhost-startStop-1] INFO  o.s.w.s.m.m.a.RequestMappingHandlerMapping [AbstractHandlerMethodMapping.java:217] Mapped "{[/luju/login],methods=[POST],params=[],headers=[],consumes=[],produces=[],custom=[]}" onto public java.lang.String com.luju.ygz.ShowController.test(javax.servlet.http.HttpServletRequest)
14:54:05.086 [localhost-startStop-1] INFO  o.s.w.s.m.m.a.RequestMappingHandlerMapping [AbstractHandlerMethodMapping.java:217] Mapped "{[/luju/updateSource],methods=[],params=[],headers=[],consumes=[],produces=[],custom=[]}" onto public java.util.Map<java.lang.String, java.util.List<com.luju.pojo.DcPlanInfo>> com.luju.ygz.ShowController.updateSource(com.luju.pojo.DcPlanInfo)
14:54:05.086 [localhost-startStop-1] INFO  o.s.w.s.m.m.a.RequestMappingHandlerMapping [AbstractHandlerMethodMapping.java:217] Mapped "{[/luju/zyPlan],methods=[],params=[],headers=[],consumes=[],produces=[],custom=[]}" onto public org.springframework.web.servlet.ModelAndView com.luju.ygz.ShowController.allJcData()
14:54:05.087 [localhost-startStop-1] INFO  o.s.w.s.m.m.a.RequestMappingHandlerMapping [AbstractHandlerMethodMapping.java:217] Mapped "{[/luju/statistics],methods=[GET],params=[],headers=[],consumes=[],produces=[],custom=[]}" onto public org.springframework.web.servlet.ModelAndView com.luju.ygz.ShowController.toStatistics()
14:54:05.087 [localhost-startStop-1] INFO  o.s.w.s.m.m.a.RequestMappingHandlerMapping [AbstractHandlerMethodMapping.java:217] Mapped "{[/luju/textarea],methods=[POST],params=[],headers=[],consumes=[],produces=[],custom=[]}" onto public java.lang.String com.luju.ygz.ShowController.textarea(javax.servlet.http.HttpServletRequest)
14:54:05.087 [localhost-startStop-1] INFO  o.s.w.s.m.m.a.RequestMappingHandlerMapping [AbstractHandlerMethodMapping.java:217] Mapped "{[/luju/route],methods=[],params=[],headers=[],consumes=[],produces=[],custom=[]}" onto public java.lang.String com.luju.ygz.ShowController.routeLogin()
14:54:05.088 [localhost-startStop-1] INFO  o.s.w.s.m.m.a.RequestMappingHandlerMapping [AbstractHandlerMethodMapping.java:217] Mapped "{[/luju/jcPlan],methods=[],params=[],headers=[],consumes=[],produces=[],custom=[]}" onto public org.springframework.web.servlet.ModelAndView com.luju.ygz.ShowController.allJcDataNew()
14:54:05.088 [localhost-startStop-1] INFO  o.s.w.s.m.m.a.RequestMappingHandlerMapping [AbstractHandlerMethodMapping.java:217] Mapped "{[/luju/time],methods=[POST],params=[],headers=[],consumes=[],produces=[],custom=[]}" onto public java.util.List<com.luju.pojo.StatisticsInfo> com.luju.ygz.ShowController.list4Time(java.lang.String)
14:54:05.089 [localhost-startStop-1] INFO  o.s.w.s.m.m.a.RequestMappingHandlerMapping [AbstractHandlerMethodMapping.java:217] Mapped "{[/luju/updateDestination],methods=[],params=[],headers=[],consumes=[],produces=[],custom=[]}" onto public java.util.Map<java.lang.String, java.util.List<com.luju.pojo.DcPlanInfo>> com.luju.ygz.ShowController.updateDestination(com.luju.pojo.DcPlanInfo)
14:54:05.089 [localhost-startStop-1] INFO  o.s.w.s.m.m.a.RequestMappingHandlerMapping [AbstractHandlerMethodMapping.java:217] Mapped "{[/luju/selectTextarea],methods=[POST],params=[],headers=[],consumes=[],produces=[],custom=[]}" onto public java.util.List<com.luju.pojo.TextareaInfo> com.luju.ygz.ShowController.selectTextarea(com.luju.pojo.TextareaInfo)
14:54:05.090 [localhost-startStop-1] INFO  o.s.w.s.m.m.a.RequestMappingHandlerMapping [AbstractHandlerMethodMapping.java:217] Mapped "{[/luju/sxPlan],methods=[],params=[],headers=[],consumes=[],produces=[],custom=[]}" onto public org.springframework.web.servlet.ModelAndView com.luju.ygz.sx.controller.SxController.sdPlan()
14:54:05.090 [localhost-startStop-1] INFO  o.s.w.s.m.m.a.RequestMappingHandlerMapping [AbstractHandlerMethodMapping.java:217] Mapped "{[/luju/szPlan],methods=[],params=[],headers=[],consumes=[],produces=[],custom=[]}" onto public org.springframework.web.servlet.ModelAndView com.luju.ygz.sz.controller.SzController.allSzData()
14:54:05.092 [localhost-startStop-1] INFO  o.s.w.s.m.m.a.RequestMappingHandlerMapping [AbstractHandlerMethodMapping.java:217] Mapped "{[/luju/hello],methods=[],params=[],headers=[],consumes=[],produces=[],custom=[]}" onto public java.lang.String com.luju.ygz.test.controller.TestController.test()
14:54:05.092 [localhost-startStop-1] INFO  o.s.w.s.m.m.a.RequestMappingHandlerMapping [AbstractHandlerMethodMapping.java:217] Mapped "{[/luju/test],methods=[],params=[],headers=[],consumes=[],produces=[],custom=[]}" onto public org.springframework.web.servlet.ModelAndView com.luju.ygz.test.controller.TestController.test1()
14:54:05.092 [localhost-startStop-1] INFO  o.s.w.s.m.m.a.RequestMappingHandlerMapping [AbstractHandlerMethodMapping.java:217] Mapped "{[/luju/world],methods=[],params=[],headers=[],consumes=[],produces=[],custom=[]}" onto public java.lang.String com.luju.ygz.test.controller.TestController.dataFromCopyToOne()
14:54:05.094 [localhost-startStop-1] INFO  o.s.w.s.m.m.a.RequestMappingHandlerMapping [AbstractHandlerMethodMapping.java:217] Mapped "{[/luju/xxPlan],methods=[],params=[],headers=[],consumes=[],produces=[],custom=[]}" onto public org.springframework.web.servlet.ModelAndView com.luju.ygz.xx.controller.XxController.XxPlan()
14:54:05.095 [localhost-startStop-1] INFO  o.s.w.s.m.m.a.RequestMappingHandlerMapping [AbstractHandlerMethodMapping.java:217] Mapped "{[/luju/xzPlan],methods=[],params=[],headers=[],consumes=[],produces=[],custom=[]}" onto public org.springframework.web.servlet.ModelAndView com.luju.ygz.xz.controller.XzController.allXzData()
14:54:05.096 [localhost-startStop-1] INFO  o.s.w.s.m.m.a.RequestMappingHandlerMapping [AbstractHandlerMethodMapping.java:217] Mapped "{[/about/index],methods=[],params=[],headers=[],consumes=[],produces=[],custom=[]}" onto public java.lang.String com.luju.ygz.about.controller.AboutUsController.aboutUs()
14:54:05.591 [localhost-startStop-1] INFO  o.s.w.s.m.m.a.RequestMappingHandlerAdapter [RequestMappingHandlerAdapter.java:517] Looking for @ControllerAdvice: WebApplicationContext for namespace 'springServlet-servlet': startup date [Tue Dec 26 14:54:03 GMT+08:00 2017]; parent: Root WebApplicationContext
14:54:05.707 [localhost-startStop-1] INFO  o.s.w.s.m.m.a.RequestMappingHandlerAdapter [RequestMappingHandlerAdapter.java:517] Looking for @ControllerAdvice: WebApplicationContext for namespace 'springServlet-servlet': startup date [Tue Dec 26 14:54:03 GMT+08:00 2017]; parent: Root WebApplicationContext
14:54:05.878 [localhost-startStop-1] INFO  o.s.w.s.h.SimpleUrlHandlerMapping [AbstractUrlHandlerMapping.java:314] Mapped URL path [/static/**] onto handler 'org.springframework.web.servlet.resource.ResourceHttpRequestHandler#0'
14:54:05.957 [localhost-startStop-1] INFO  o.s.w.s.m.m.a.RequestMappingHandlerAdapter [RequestMappingHandlerAdapter.java:517] Looking for @ControllerAdvice: WebApplicationContext for namespace 'springServlet-servlet': startup date [Tue Dec 26 14:54:03 GMT+08:00 2017]; parent: Root WebApplicationContext
14:54:06.028 [localhost-startStop-1] INFO  o.s.web.servlet.DispatcherServlet [FrameworkServlet.java:503] FrameworkServlet 'springServlet': initialization completed in 2169 ms
15:02:41.287 [localhost-startStop-1] INFO  o.s.web.context.ContextLoader [ContextLoader.java:285] Root WebApplicationContext: initialization started
15:02:41.367 [localhost-startStop-1] INFO  o.s.w.c.s.XmlWebApplicationContext [AbstractApplicationContext.java:510] Refreshing Root WebApplicationContext: startup date [Tue Dec 26 15:02:41 GMT+08:00 2017]; root of context hierarchy
15:02:41.403 [localhost-startStop-1] INFO  o.s.b.f.xml.XmlBeanDefinitionReader [XmlBeanDefinitionReader.java:317] Loading XML bean definitions from class path resource [spring/task-context.xml]
15:02:41.543 [localhost-startStop-1] INFO  o.s.web.context.ContextLoader [ContextLoader.java:325] Root WebApplicationContext: initialization completed in 248 ms
15:02:41.587 [localhost-startStop-1] INFO  o.s.web.servlet.DispatcherServlet [FrameworkServlet.java:484] FrameworkServlet 'springServlet': initialization started
15:02:41.595 [localhost-startStop-1] INFO  o.s.w.c.s.XmlWebApplicationContext [AbstractApplicationContext.java:510] Refreshing WebApplicationContext for namespace 'springServlet-servlet': startup date [Tue Dec 26 15:02:41 GMT+08:00 2017]; parent: Root WebApplicationContext
15:02:41.595 [localhost-startStop-1] INFO  o.s.b.f.xml.XmlBeanDefinitionReader [XmlBeanDefinitionReader.java:317] Loading XML bean definitions from class path resource [spring/servlet-context.xml]
15:02:41.844 [localhost-startStop-1] INFO  o.s.b.f.xml.XmlBeanDefinitionReader [XmlBeanDefinitionReader.java:317] Loading XML bean definitions from class path resource [spring/task-context.xml]
15:02:42.111 [localhost-startStop-1] INFO  o.s.c.s.PropertySourcesPlaceholderConfigurer [PropertiesLoaderSupport.java:172] Loading properties file from class path resource [db/db.properties]
15:02:42.119 [localhost-startStop-1] INFO  o.s.c.s.PropertySourcesPlaceholderConfigurer [PropertiesLoaderSupport.java:172] Loading properties file from class path resource [db/db.properties]
15:02:42.127 [localhost-startStop-1] INFO  o.s.b.f.a.AutowiredAnnotationBeanPostProcessor [AutowiredAnnotationBeanPostProcessor.java:153] JSR-330 'javax.inject.Inject' annotation found and supported for autowiring
15:02:42.652 [localhost-startStop-1] INFO  o.s.w.s.m.m.a.RequestMappingHandlerMapping [AbstractHandlerMethodMapping.java:217] Mapped "{[/test/hello],methods=[],params=[],headers=[],consumes=[],produces=[],custom=[]}" onto public java.lang.String com.luju.ygz.dc.controller.DcController.test()
15:02:42.652 [localhost-startStop-1] INFO  o.s.w.s.m.m.a.RequestMappingHandlerMapping [AbstractHandlerMethodMapping.java:217] Mapped "{[/test/world],methods=[],params=[],headers=[],consumes=[],produces=[],custom=[]}" onto public java.lang.String com.luju.ygz.dc.controller.DcController.processDcData()
15:02:42.652 [localhost-startStop-1] INFO  o.s.w.s.m.m.a.RequestMappingHandlerMapping [AbstractHandlerMethodMapping.java:217] Mapped "{[/luju/updatesSource],methods=[],params=[],headers=[],consumes=[],produces=[],custom=[]}" onto public java.util.Map<java.lang.String, java.util.List<com.luju.pojo.DcPlanInfo>> com.luju.ygz.sd.controller.SdController.updateSource(com.luju.pojo.DcPlanInfo)
15:02:42.652 [localhost-startStop-1] INFO  o.s.w.s.m.m.a.RequestMappingHandlerMapping [AbstractHandlerMethodMapping.java:217] Mapped "{[/luju/sdPlan],methods=[],params=[],headers=[],consumes=[],produces=[],custom=[]}" onto public org.springframework.web.servlet.ModelAndView com.luju.ygz.sd.controller.SdController.sdPlan()
15:02:42.652 [localhost-startStop-1] INFO  o.s.w.s.m.m.a.RequestMappingHandlerMapping [AbstractHandlerMethodMapping.java:217] Mapped "{[/luju/updatesDestination],methods=[],params=[],headers=[],consumes=[],produces=[],custom=[]}" onto public java.util.Map<java.lang.String, java.util.List<com.luju.pojo.DcPlanInfo>> com.luju.ygz.sd.controller.SdController.updateDestination(com.luju.pojo.DcPlanInfo)
15:02:42.652 [localhost-startStop-1] INFO  o.s.w.s.m.m.a.RequestMappingHandlerMapping [AbstractHandlerMethodMapping.java:217] Mapped "{[/luju/login],methods=[POST],params=[],headers=[],consumes=[],produces=[],custom=[]}" onto public java.lang.String com.luju.ygz.ShowController.test(javax.servlet.http.HttpServletRequest)
15:02:42.652 [localhost-startStop-1] INFO  o.s.w.s.m.m.a.RequestMappingHandlerMapping [AbstractHandlerMethodMapping.java:217] Mapped "{[/luju/updateSource],methods=[],params=[],headers=[],consumes=[],produces=[],custom=[]}" onto public java.util.Map<java.lang.String, java.util.List<com.luju.pojo.DcPlanInfo>> com.luju.ygz.ShowController.updateSource(com.luju.pojo.DcPlanInfo)
15:02:42.652 [localhost-startStop-1] INFO  o.s.w.s.m.m.a.RequestMappingHandlerMapping [AbstractHandlerMethodMapping.java:217] Mapped "{[/luju/zyPlan],methods=[],params=[],headers=[],consumes=[],produces=[],custom=[]}" onto public org.springframework.web.servlet.ModelAndView com.luju.ygz.ShowController.allJcData()
15:02:42.652 [localhost-startStop-1] INFO  o.s.w.s.m.m.a.RequestMappingHandlerMapping [AbstractHandlerMethodMapping.java:217] Mapped "{[/luju/jcPlan],methods=[],params=[],headers=[],consumes=[],produces=[],custom=[]}" onto public org.springframework.web.servlet.ModelAndView com.luju.ygz.ShowController.allJcDataNew()
15:02:42.652 [localhost-startStop-1] INFO  o.s.w.s.m.m.a.RequestMappingHandlerMapping [AbstractHandlerMethodMapping.java:217] Mapped "{[/luju/route],methods=[],params=[],headers=[],consumes=[],produces=[],custom=[]}" onto public java.lang.String com.luju.ygz.ShowController.routeLogin()
15:02:42.660 [localhost-startStop-1] INFO  o.s.w.s.m.m.a.RequestMappingHandlerMapping [AbstractHandlerMethodMapping.java:217] Mapped "{[/luju/statistics],methods=[GET],params=[],headers=[],consumes=[],produces=[],custom=[]}" onto public org.springframework.web.servlet.ModelAndView com.luju.ygz.ShowController.toStatistics()
15:02:42.660 [localhost-startStop-1] INFO  o.s.w.s.m.m.a.RequestMappingHandlerMapping [AbstractHandlerMethodMapping.java:217] Mapped "{[/luju/time],methods=[POST],params=[],headers=[],consumes=[],produces=[],custom=[]}" onto public java.util.List<com.luju.pojo.StatisticsInfo> com.luju.ygz.ShowController.list4Time(java.lang.String)
15:02:42.660 [localhost-startStop-1] INFO  o.s.w.s.m.m.a.RequestMappingHandlerMapping [AbstractHandlerMethodMapping.java:217] Mapped "{[/luju/textarea],methods=[POST],params=[],headers=[],consumes=[],produces=[],custom=[]}" onto public java.lang.String com.luju.ygz.ShowController.textarea(javax.servlet.http.HttpServletRequest)
15:02:42.660 [localhost-startStop-1] INFO  o.s.w.s.m.m.a.RequestMappingHandlerMapping [AbstractHandlerMethodMapping.java:217] Mapped "{[/luju/updateDestination],methods=[],params=[],headers=[],consumes=[],produces=[],custom=[]}" onto public java.util.Map<java.lang.String, java.util.List<com.luju.pojo.DcPlanInfo>> com.luju.ygz.ShowController.updateDestination(com.luju.pojo.DcPlanInfo)
15:02:42.660 [localhost-startStop-1] INFO  o.s.w.s.m.m.a.RequestMappingHandlerMapping [AbstractHandlerMethodMapping.java:217] Mapped "{[/luju/selectTextarea],methods=[POST],params=[],headers=[],consumes=[],produces=[],custom=[]}" onto public java.util.List<com.luju.pojo.TextareaInfo> com.luju.ygz.ShowController.selectTextarea(com.luju.pojo.TextareaInfo)
15:02:42.660 [localhost-startStop-1] INFO  o.s.w.s.m.m.a.RequestMappingHandlerMapping [AbstractHandlerMethodMapping.java:217] Mapped "{[/luju/sxPlan],methods=[],params=[],headers=[],consumes=[],produces=[],custom=[]}" onto public org.springframework.web.servlet.ModelAndView com.luju.ygz.sx.controller.SxController.sdPlan()
15:02:42.660 [localhost-startStop-1] INFO  o.s.w.s.m.m.a.RequestMappingHandlerMapping [AbstractHandlerMethodMapping.java:217] Mapped "{[/luju/szPlan],methods=[],params=[],headers=[],consumes=[],produces=[],custom=[]}" onto public org.springframework.web.servlet.ModelAndView com.luju.ygz.sz.controller.SzController.allSzData()
15:02:42.660 [localhost-startStop-1] INFO  o.s.w.s.m.m.a.RequestMappingHandlerMapping [AbstractHandlerMethodMapping.java:217] Mapped "{[/luju/hello],methods=[],params=[],headers=[],consumes=[],produces=[],custom=[]}" onto public java.lang.String com.luju.ygz.test.controller.TestController.test()
15:02:42.660 [localhost-startStop-1] INFO  o.s.w.s.m.m.a.RequestMappingHandlerMapping [AbstractHandlerMethodMapping.java:217] Mapped "{[/luju/test],methods=[],params=[],headers=[],consumes=[],produces=[],custom=[]}" onto public org.springframework.web.servlet.ModelAndView com.luju.ygz.test.controller.TestController.test1()
15:02:42.660 [localhost-startStop-1] INFO  o.s.w.s.m.m.a.RequestMappingHandlerMapping [AbstractHandlerMethodMapping.java:217] Mapped "{[/luju/world],methods=[],params=[],headers=[],consumes=[],produces=[],custom=[]}" onto public java.lang.String com.luju.ygz.test.controller.TestController.dataFromCopyToOne()
15:02:42.660 [localhost-startStop-1] INFO  o.s.w.s.m.m.a.RequestMappingHandlerMapping [AbstractHandlerMethodMapping.java:217] Mapped "{[/luju/xxPlan],methods=[],params=[],headers=[],consumes=[],produces=[],custom=[]}" onto public org.springframework.web.servlet.ModelAndView com.luju.ygz.xx.controller.XxController.XxPlan()
15:02:42.660 [localhost-startStop-1] INFO  o.s.w.s.m.m.a.RequestMappingHandlerMapping [AbstractHandlerMethodMapping.java:217] Mapped "{[/luju/xzPlan],methods=[],params=[],headers=[],consumes=[],produces=[],custom=[]}" onto public org.springframework.web.servlet.ModelAndView com.luju.ygz.xz.controller.XzController.allXzData()
15:02:42.660 [localhost-startStop-1] INFO  o.s.w.s.m.m.a.RequestMappingHandlerMapping [AbstractHandlerMethodMapping.java:217] Mapped "{[/about/index],methods=[],params=[],headers=[],consumes=[],produces=[],custom=[]}" onto public java.lang.String com.luju.ygz.about.controller.AboutUsController.aboutUs()
15:02:43.056 [localhost-startStop-1] INFO  o.s.w.s.m.m.a.RequestMappingHandlerAdapter [RequestMappingHandlerAdapter.java:517] Looking for @ControllerAdvice: WebApplicationContext for namespace 'springServlet-servlet': startup date [Tue Dec 26 15:02:41 GMT+08:00 2017]; parent: Root WebApplicationContext
15:02:43.104 [localhost-startStop-1] INFO  o.s.w.s.m.m.a.RequestMappingHandlerAdapter [RequestMappingHandlerAdapter.java:517] Looking for @ControllerAdvice: WebApplicationContext for namespace 'springServlet-servlet': startup date [Tue Dec 26 15:02:41 GMT+08:00 2017]; parent: Root WebApplicationContext
15:02:43.188 [localhost-startStop-1] INFO  o.s.w.s.h.SimpleUrlHandlerMapping [AbstractUrlHandlerMapping.java:314] Mapped URL path [/static/**] onto handler 'org.springframework.web.servlet.resource.ResourceHttpRequestHandler#0'
15:02:43.247 [localhost-startStop-1] INFO  o.s.w.s.m.m.a.RequestMappingHandlerAdapter [RequestMappingHandlerAdapter.java:517] Looking for @ControllerAdvice: WebApplicationContext for namespace 'springServlet-servlet': startup date [Tue Dec 26 15:02:41 GMT+08:00 2017]; parent: Root WebApplicationContext
15:02:43.304 [localhost-startStop-1] INFO  o.s.web.servlet.DispatcherServlet [FrameworkServlet.java:503] FrameworkServlet 'springServlet': initialization completed in 1717 ms
15:03:22.148 [localhost-startStop-1] INFO  o.s.web.context.ContextLoader [ContextLoader.java:285] Root WebApplicationContext: initialization started
15:03:22.233 [localhost-startStop-1] INFO  o.s.w.c.s.XmlWebApplicationContext [AbstractApplicationContext.java:510] Refreshing Root WebApplicationContext: startup date [Tue Dec 26 15:03:22 GMT+08:00 2017]; root of context hierarchy
15:03:22.272 [localhost-startStop-1] INFO  o.s.b.f.xml.XmlBeanDefinitionReader [XmlBeanDefinitionReader.java:317] Loading XML bean definitions from class path resource [spring/task-context.xml]
15:03:22.417 [localhost-startStop-1] INFO  o.s.web.context.ContextLoader [ContextLoader.java:325] Root WebApplicationContext: initialization completed in 269 ms
15:03:22.457 [localhost-startStop-1] INFO  o.s.web.servlet.DispatcherServlet [FrameworkServlet.java:484] FrameworkServlet 'springServlet': initialization started
15:03:22.465 [localhost-startStop-1] INFO  o.s.w.c.s.XmlWebApplicationContext [AbstractApplicationContext.java:510] Refreshing WebApplicationContext for namespace 'springServlet-servlet': startup date [Tue Dec 26 15:03:22 GMT+08:00 2017]; parent: Root WebApplicationContext
15:03:22.466 [localhost-startStop-1] INFO  o.s.b.f.xml.XmlBeanDefinitionReader [XmlBeanDefinitionReader.java:317] Loading XML bean definitions from class path resource [spring/servlet-context.xml]
15:03:22.710 [localhost-startStop-1] INFO  o.s.b.f.xml.XmlBeanDefinitionReader [XmlBeanDefinitionReader.java:317] Loading XML bean definitions from class path resource [spring/task-context.xml]
15:03:22.978 [localhost-startStop-1] INFO  o.s.c.s.PropertySourcesPlaceholderConfigurer [PropertiesLoaderSupport.java:172] Loading properties file from class path resource [db/db.properties]
15:03:22.986 [localhost-startStop-1] INFO  o.s.c.s.PropertySourcesPlaceholderConfigurer [PropertiesLoaderSupport.java:172] Loading properties file from class path resource [db/db.properties]
15:03:22.994 [localhost-startStop-1] INFO  o.s.b.f.a.AutowiredAnnotationBeanPostProcessor [AutowiredAnnotationBeanPostProcessor.java:153] JSR-330 'javax.inject.Inject' annotation found and supported for autowiring
15:03:23.535 [localhost-startStop-1] INFO  o.s.w.s.m.m.a.RequestMappingHandlerMapping [AbstractHandlerMethodMapping.java:217] Mapped "{[/test/hello],methods=[],params=[],headers=[],consumes=[],produces=[],custom=[]}" onto public java.lang.String com.luju.ygz.dc.controller.DcController.test()
15:03:23.535 [localhost-startStop-1] INFO  o.s.w.s.m.m.a.RequestMappingHandlerMapping [AbstractHandlerMethodMapping.java:217] Mapped "{[/test/world],methods=[],params=[],headers=[],consumes=[],produces=[],custom=[]}" onto public java.lang.String com.luju.ygz.dc.controller.DcController.processDcData()
15:03:23.535 [localhost-startStop-1] INFO  o.s.w.s.m.m.a.RequestMappingHandlerMapping [AbstractHandlerMethodMapping.java:217] Mapped "{[/luju/updatesDestination],methods=[],params=[],headers=[],consumes=[],produces=[],custom=[]}" onto public java.util.Map<java.lang.String, java.util.List<com.luju.pojo.DcPlanInfo>> com.luju.ygz.sd.controller.SdController.updateDestination(com.luju.pojo.DcPlanInfo)
15:03:23.535 [localhost-startStop-1] INFO  o.s.w.s.m.m.a.RequestMappingHandlerMapping [AbstractHandlerMethodMapping.java:217] Mapped "{[/luju/updatesSource],methods=[],params=[],headers=[],consumes=[],produces=[],custom=[]}" onto public java.util.Map<java.lang.String, java.util.List<com.luju.pojo.DcPlanInfo>> com.luju.ygz.sd.controller.SdController.updateSource(com.luju.pojo.DcPlanInfo)
15:03:23.535 [localhost-startStop-1] INFO  o.s.w.s.m.m.a.RequestMappingHandlerMapping [AbstractHandlerMethodMapping.java:217] Mapped "{[/luju/sdPlan],methods=[],params=[],headers=[],consumes=[],produces=[],custom=[]}" onto public org.springframework.web.servlet.ModelAndView com.luju.ygz.sd.controller.SdController.sdPlan()
15:03:23.535 [localhost-startStop-1] INFO  o.s.w.s.m.m.a.RequestMappingHandlerMapping [AbstractHandlerMethodMapping.java:217] Mapped "{[/luju/login],methods=[POST],params=[],headers=[],consumes=[],produces=[],custom=[]}" onto public java.lang.String com.luju.ygz.ShowController.test(javax.servlet.http.HttpServletRequest)
15:03:23.543 [localhost-startStop-1] INFO  o.s.w.s.m.m.a.RequestMappingHandlerMapping [AbstractHandlerMethodMapping.java:217] Mapped "{[/luju/updateDestination],methods=[],params=[],headers=[],consumes=[],produces=[],custom=[]}" onto public java.util.Map<java.lang.String, java.util.List<com.luju.pojo.DcPlanInfo>> com.luju.ygz.ShowController.updateDestination(com.luju.pojo.DcPlanInfo)
15:03:23.543 [localhost-startStop-1] INFO  o.s.w.s.m.m.a.RequestMappingHandlerMapping [AbstractHandlerMethodMapping.java:217] Mapped "{[/luju/selectTextarea],methods=[POST],params=[],headers=[],consumes=[],produces=[],custom=[]}" onto public java.util.List<com.luju.pojo.TextareaInfo> com.luju.ygz.ShowController.selectTextarea(com.luju.pojo.TextareaInfo)
15:03:23.543 [localhost-startStop-1] INFO  o.s.w.s.m.m.a.RequestMappingHandlerMapping [AbstractHandlerMethodMapping.java:217] Mapped "{[/luju/updateSource],methods=[],params=[],headers=[],consumes=[],produces=[],custom=[]}" onto public java.util.Map<java.lang.String, java.util.List<com.luju.pojo.DcPlanInfo>> com.luju.ygz.ShowController.updateSource(com.luju.pojo.DcPlanInfo)
15:03:23.543 [localhost-startStop-1] INFO  o.s.w.s.m.m.a.RequestMappingHandlerMapping [AbstractHandlerMethodMapping.java:217] Mapped "{[/luju/route],methods=[],params=[],headers=[],consumes=[],produces=[],custom=[]}" onto public java.lang.String com.luju.ygz.ShowController.routeLogin()
15:03:23.543 [localhost-startStop-1] INFO  o.s.w.s.m.m.a.RequestMappingHandlerMapping [AbstractHandlerMethodMapping.java:217] Mapped "{[/luju/zyPlan],methods=[],params=[],headers=[],consumes=[],produces=[],custom=[]}" onto public org.springframework.web.servlet.ModelAndView com.luju.ygz.ShowController.allJcData()
15:03:23.543 [localhost-startStop-1] INFO  o.s.w.s.m.m.a.RequestMappingHandlerMapping [AbstractHandlerMethodMapping.java:217] Mapped "{[/luju/time],methods=[POST],params=[],headers=[],consumes=[],produces=[],custom=[]}" onto public java.util.List<com.luju.pojo.StatisticsInfo> com.luju.ygz.ShowController.list4Time(java.lang.String)
15:03:23.543 [localhost-startStop-1] INFO  o.s.w.s.m.m.a.RequestMappingHandlerMapping [AbstractHandlerMethodMapping.java:217] Mapped "{[/luju/jcPlan],methods=[],params=[],headers=[],consumes=[],produces=[],custom=[]}" onto public org.springframework.web.servlet.ModelAndView com.luju.ygz.ShowController.allJcDataNew()
15:03:23.543 [localhost-startStop-1] INFO  o.s.w.s.m.m.a.RequestMappingHandlerMapping [AbstractHandlerMethodMapping.java:217] Mapped "{[/luju/statistics],methods=[GET],params=[],headers=[],consumes=[],produces=[],custom=[]}" onto public org.springframework.web.servlet.ModelAndView com.luju.ygz.ShowController.toStatistics()
15:03:23.543 [localhost-startStop-1] INFO  o.s.w.s.m.m.a.RequestMappingHandlerMapping [AbstractHandlerMethodMapping.java:217] Mapped "{[/luju/textarea],methods=[POST],params=[],headers=[],consumes=[],produces=[],custom=[]}" onto public java.lang.String com.luju.ygz.ShowController.textarea(javax.servlet.http.HttpServletRequest)
15:03:23.543 [localhost-startStop-1] INFO  o.s.w.s.m.m.a.RequestMappingHandlerMapping [AbstractHandlerMethodMapping.java:217] Mapped "{[/luju/sxPlan],methods=[],params=[],headers=[],consumes=[],produces=[],custom=[]}" onto public org.springframework.web.servlet.ModelAndView com.luju.ygz.sx.controller.SxController.sdPlan()
15:03:23.543 [localhost-startStop-1] INFO  o.s.w.s.m.m.a.RequestMappingHandlerMapping [AbstractHandlerMethodMapping.java:217] Mapped "{[/luju/szPlan],methods=[],params=[],headers=[],consumes=[],produces=[],custom=[]}" onto public org.springframework.web.servlet.ModelAndView com.luju.ygz.sz.controller.SzController.allSzData()
15:03:23.543 [localhost-startStop-1] INFO  o.s.w.s.m.m.a.RequestMappingHandlerMapping [AbstractHandlerMethodMapping.java:217] Mapped "{[/luju/hello],methods=[],params=[],headers=[],consumes=[],produces=[],custom=[]}" onto public java.lang.String com.luju.ygz.test.controller.TestController.test()
15:03:23.543 [localhost-startStop-1] INFO  o.s.w.s.m.m.a.RequestMappingHandlerMapping [AbstractHandlerMethodMapping.java:217] Mapped "{[/luju/world],methods=[],params=[],headers=[],consumes=[],produces=[],custom=[]}" onto public java.lang.String com.luju.ygz.test.controller.TestController.dataFromCopyToOne()
15:03:23.543 [localhost-startStop-1] INFO  o.s.w.s.m.m.a.RequestMappingHandlerMapping [AbstractHandlerMethodMapping.java:217] Mapped "{[/luju/test],methods=[],params=[],headers=[],consumes=[],produces=[],custom=[]}" onto public org.springframework.web.servlet.ModelAndView com.luju.ygz.test.controller.TestController.test1()
15:03:23.543 [localhost-startStop-1] INFO  o.s.w.s.m.m.a.RequestMappingHandlerMapping [AbstractHandlerMethodMapping.java:217] Mapped "{[/luju/xxPlan],methods=[],params=[],headers=[],consumes=[],produces=[],custom=[]}" onto public org.springframework.web.servlet.ModelAndView com.luju.ygz.xx.controller.XxController.XxPlan()
15:03:23.551 [localhost-startStop-1] INFO  o.s.w.s.m.m.a.RequestMappingHandlerMapping [AbstractHandlerMethodMapping.java:217] Mapped "{[/luju/xzPlan],methods=[],params=[],headers=[],consumes=[],produces=[],custom=[]}" onto public org.springframework.web.servlet.ModelAndView com.luju.ygz.xz.controller.XzController.allXzData()
15:03:23.551 [localhost-startStop-1] INFO  o.s.w.s.m.m.a.RequestMappingHandlerMapping [AbstractHandlerMethodMapping.java:217] Mapped "{[/about/index],methods=[],params=[],headers=[],consumes=[],produces=[],custom=[]}" onto public java.lang.String com.luju.ygz.about.controller.AboutUsController.aboutUs()
15:03:23.979 [localhost-startStop-1] INFO  o.s.w.s.m.m.a.RequestMappingHandlerAdapter [RequestMappingHandlerAdapter.java:517] Looking for @ControllerAdvice: WebApplicationContext for namespace 'springServlet-servlet': startup date [Tue Dec 26 15:03:22 GMT+08:00 2017]; parent: Root WebApplicationContext
15:03:24.033 [localhost-startStop-1] INFO  o.s.w.s.m.m.a.RequestMappingHandlerAdapter [RequestMappingHandlerAdapter.java:517] Looking for @ControllerAdvice: WebApplicationContext for namespace 'springServlet-servlet': startup date [Tue Dec 26 15:03:22 GMT+08:00 2017]; parent: Root WebApplicationContext
15:03:24.109 [localhost-startStop-1] INFO  o.s.w.s.h.SimpleUrlHandlerMapping [AbstractUrlHandlerMapping.java:314] Mapped URL path [/static/**] onto handler 'org.springframework.web.servlet.resource.ResourceHttpRequestHandler#0'
15:03:24.155 [localhost-startStop-1] INFO  o.s.w.s.m.m.a.RequestMappingHandlerAdapter [RequestMappingHandlerAdapter.java:517] Looking for @ControllerAdvice: WebApplicationContext for namespace 'springServlet-servlet': startup date [Tue Dec 26 15:03:22 GMT+08:00 2017]; parent: Root WebApplicationContext
15:03:24.217 [localhost-startStop-1] INFO  o.s.web.servlet.DispatcherServlet [FrameworkServlet.java:503] FrameworkServlet 'springServlet': initialization completed in 1760 ms
15:06:05.005 [localhost-startStop-1] INFO  o.s.web.context.ContextLoader [ContextLoader.java:285] Root WebApplicationContext: initialization started
15:06:05.088 [localhost-startStop-1] INFO  o.s.w.c.s.XmlWebApplicationContext [AbstractApplicationContext.java:510] Refreshing Root WebApplicationContext: startup date [Tue Dec 26 15:06:05 GMT+08:00 2017]; root of context hierarchy
15:06:05.131 [localhost-startStop-1] INFO  o.s.b.f.xml.XmlBeanDefinitionReader [XmlBeanDefinitionReader.java:317] Loading XML bean definitions from class path resource [spring/task-context.xml]
15:06:05.276 [localhost-startStop-1] INFO  o.s.web.context.ContextLoader [ContextLoader.java:325] Root WebApplicationContext: initialization completed in 268 ms
15:06:05.330 [localhost-startStop-1] INFO  o.s.web.servlet.DispatcherServlet [FrameworkServlet.java:484] FrameworkServlet 'springServlet': initialization started
15:06:05.330 [localhost-startStop-1] INFO  o.s.w.c.s.XmlWebApplicationContext [AbstractApplicationContext.java:510] Refreshing WebApplicationContext for namespace 'springServlet-servlet': startup date [Tue Dec 26 15:06:05 GMT+08:00 2017]; parent: Root WebApplicationContext
15:06:05.330 [localhost-startStop-1] INFO  o.s.b.f.xml.XmlBeanDefinitionReader [XmlBeanDefinitionReader.java:317] Loading XML bean definitions from class path resource [spring/servlet-context.xml]
15:06:05.586 [localhost-startStop-1] INFO  o.s.b.f.xml.XmlBeanDefinitionReader [XmlBeanDefinitionReader.java:317] Loading XML bean definitions from class path resource [spring/task-context.xml]
15:06:05.855 [localhost-startStop-1] INFO  o.s.c.s.PropertySourcesPlaceholderConfigurer [PropertiesLoaderSupport.java:172] Loading properties file from class path resource [db/db.properties]
15:06:05.871 [localhost-startStop-1] INFO  o.s.c.s.PropertySourcesPlaceholderConfigurer [PropertiesLoaderSupport.java:172] Loading properties file from class path resource [db/db.properties]
15:06:05.879 [localhost-startStop-1] INFO  o.s.b.f.a.AutowiredAnnotationBeanPostProcessor [AutowiredAnnotationBeanPostProcessor.java:153] JSR-330 'javax.inject.Inject' annotation found and supported for autowiring
15:06:06.431 [localhost-startStop-1] INFO  o.s.w.s.m.m.a.RequestMappingHandlerMapping [AbstractHandlerMethodMapping.java:217] Mapped "{[/test/hello],methods=[],params=[],headers=[],consumes=[],produces=[],custom=[]}" onto public java.lang.String com.luju.ygz.dc.controller.DcController.test()
15:06:06.431 [localhost-startStop-1] INFO  o.s.w.s.m.m.a.RequestMappingHandlerMapping [AbstractHandlerMethodMapping.java:217] Mapped "{[/test/world],methods=[],params=[],headers=[],consumes=[],produces=[],custom=[]}" onto public java.lang.String com.luju.ygz.dc.controller.DcController.processDcData()
15:06:06.431 [localhost-startStop-1] INFO  o.s.w.s.m.m.a.RequestMappingHandlerMapping [AbstractHandlerMethodMapping.java:217] Mapped "{[/luju/updatesDestination],methods=[],params=[],headers=[],consumes=[],produces=[],custom=[]}" onto public java.util.Map<java.lang.String, java.util.List<com.luju.pojo.DcPlanInfo>> com.luju.ygz.sd.controller.SdController.updateDestination(com.luju.pojo.DcPlanInfo)
15:06:06.431 [localhost-startStop-1] INFO  o.s.w.s.m.m.a.RequestMappingHandlerMapping [AbstractHandlerMethodMapping.java:217] Mapped "{[/luju/updatesSource],methods=[],params=[],headers=[],consumes=[],produces=[],custom=[]}" onto public java.util.Map<java.lang.String, java.util.List<com.luju.pojo.DcPlanInfo>> com.luju.ygz.sd.controller.SdController.updateSource(com.luju.pojo.DcPlanInfo)
15:06:06.431 [localhost-startStop-1] INFO  o.s.w.s.m.m.a.RequestMappingHandlerMapping [AbstractHandlerMethodMapping.java:217] Mapped "{[/luju/sdPlan],methods=[],params=[],headers=[],consumes=[],produces=[],custom=[]}" onto public org.springframework.web.servlet.ModelAndView com.luju.ygz.sd.controller.SdController.sdPlan()
15:06:06.431 [localhost-startStop-1] INFO  o.s.w.s.m.m.a.RequestMappingHandlerMapping [AbstractHandlerMethodMapping.java:217] Mapped "{[/luju/login],methods=[POST],params=[],headers=[],consumes=[],produces=[],custom=[]}" onto public java.lang.String com.luju.ygz.ShowController.test(javax.servlet.http.HttpServletRequest)
15:06:06.431 [localhost-startStop-1] INFO  o.s.w.s.m.m.a.RequestMappingHandlerMapping [AbstractHandlerMethodMapping.java:217] Mapped "{[/luju/updateDestination],methods=[],params=[],headers=[],consumes=[],produces=[],custom=[]}" onto public java.util.Map<java.lang.String, java.util.List<com.luju.pojo.DcPlanInfo>> com.luju.ygz.ShowController.updateDestination(com.luju.pojo.DcPlanInfo)
15:06:06.431 [localhost-startStop-1] INFO  o.s.w.s.m.m.a.RequestMappingHandlerMapping [AbstractHandlerMethodMapping.java:217] Mapped "{[/luju/selectTextarea],methods=[POST],params=[],headers=[],consumes=[],produces=[],custom=[]}" onto public java.util.List<com.luju.pojo.TextareaInfo> com.luju.ygz.ShowController.selectTextarea(com.luju.pojo.TextareaInfo)
15:06:06.431 [localhost-startStop-1] INFO  o.s.w.s.m.m.a.RequestMappingHandlerMapping [AbstractHandlerMethodMapping.java:217] Mapped "{[/luju/updateSource],methods=[],params=[],headers=[],consumes=[],produces=[],custom=[]}" onto public java.util.Map<java.lang.String, java.util.List<com.luju.pojo.DcPlanInfo>> com.luju.ygz.ShowController.updateSource(com.luju.pojo.DcPlanInfo)
15:06:06.431 [localhost-startStop-1] INFO  o.s.w.s.m.m.a.RequestMappingHandlerMapping [AbstractHandlerMethodMapping.java:217] Mapped "{[/luju/textarea],methods=[POST],params=[],headers=[],consumes=[],produces=[],custom=[]}" onto public java.lang.String com.luju.ygz.ShowController.textarea(javax.servlet.http.HttpServletRequest)
15:06:06.431 [localhost-startStop-1] INFO  o.s.w.s.m.m.a.RequestMappingHandlerMapping [AbstractHandlerMethodMapping.java:217] Mapped "{[/luju/jcPlan],methods=[],params=[],headers=[],consumes=[],produces=[],custom=[]}" onto public org.springframework.web.servlet.ModelAndView com.luju.ygz.ShowController.allJcDataNew()
15:06:06.431 [localhost-startStop-1] INFO  o.s.w.s.m.m.a.RequestMappingHandlerMapping [AbstractHandlerMethodMapping.java:217] Mapped "{[/luju/route],methods=[],params=[],headers=[],consumes=[],produces=[],custom=[]}" onto public java.lang.String com.luju.ygz.ShowController.routeLogin()
15:06:06.439 [localhost-startStop-1] INFO  o.s.w.s.m.m.a.RequestMappingHandlerMapping [AbstractHandlerMethodMapping.java:217] Mapped "{[/luju/statistics],methods=[GET],params=[],headers=[],consumes=[],produces=[],custom=[]}" onto public org.springframework.web.servlet.ModelAndView com.luju.ygz.ShowController.toStatistics()
15:06:06.439 [localhost-startStop-1] INFO  o.s.w.s.m.m.a.RequestMappingHandlerMapping [AbstractHandlerMethodMapping.java:217] Mapped "{[/luju/time],methods=[POST],params=[],headers=[],consumes=[],produces=[],custom=[]}" onto public java.util.List<com.luju.pojo.StatisticsInfo> com.luju.ygz.ShowController.list4Time(java.lang.String)
15:06:06.439 [localhost-startStop-1] INFO  o.s.w.s.m.m.a.RequestMappingHandlerMapping [AbstractHandlerMethodMapping.java:217] Mapped "{[/luju/zyPlan],methods=[],params=[],headers=[],consumes=[],produces=[],custom=[]}" onto public org.springframework.web.servlet.ModelAndView com.luju.ygz.ShowController.allJcData()
15:06:06.439 [localhost-startStop-1] INFO  o.s.w.s.m.m.a.RequestMappingHandlerMapping [AbstractHandlerMethodMapping.java:217] Mapped "{[/luju/sxPlan],methods=[],params=[],headers=[],consumes=[],produces=[],custom=[]}" onto public org.springframework.web.servlet.ModelAndView com.luju.ygz.sx.controller.SxController.sdPlan()
15:06:06.439 [localhost-startStop-1] INFO  o.s.w.s.m.m.a.RequestMappingHandlerMapping [AbstractHandlerMethodMapping.java:217] Mapped "{[/luju/szPlan],methods=[],params=[],headers=[],consumes=[],produces=[],custom=[]}" onto public org.springframework.web.servlet.ModelAndView com.luju.ygz.sz.controller.SzController.allSzData()
15:06:06.439 [localhost-startStop-1] INFO  o.s.w.s.m.m.a.RequestMappingHandlerMapping [AbstractHandlerMethodMapping.java:217] Mapped "{[/luju/hello],methods=[],params=[],headers=[],consumes=[],produces=[],custom=[]}" onto public java.lang.String com.luju.ygz.test.controller.TestController.test()
15:06:06.439 [localhost-startStop-1] INFO  o.s.w.s.m.m.a.RequestMappingHandlerMapping [AbstractHandlerMethodMapping.java:217] Mapped "{[/luju/world],methods=[],params=[],headers=[],consumes=[],produces=[],custom=[]}" onto public java.lang.String com.luju.ygz.test.controller.TestController.dataFromCopyToOne()
15:06:06.439 [localhost-startStop-1] INFO  o.s.w.s.m.m.a.RequestMappingHandlerMapping [AbstractHandlerMethodMapping.java:217] Mapped "{[/luju/test],methods=[],params=[],headers=[],consumes=[],produces=[],custom=[]}" onto public org.springframework.web.servlet.ModelAndView com.luju.ygz.test.controller.TestController.test1()
15:06:06.439 [localhost-startStop-1] INFO  o.s.w.s.m.m.a.RequestMappingHandlerMapping [AbstractHandlerMethodMapping.java:217] Mapped "{[/luju/xxPlan],methods=[],params=[],headers=[],consumes=[],produces=[],custom=[]}" onto public org.springframework.web.servlet.ModelAndView com.luju.ygz.xx.controller.XxController.XxPlan()
15:06:06.439 [localhost-startStop-1] INFO  o.s.w.s.m.m.a.RequestMappingHandlerMapping [AbstractHandlerMethodMapping.java:217] Mapped "{[/luju/xzPlan],methods=[],params=[],headers=[],consumes=[],produces=[],custom=[]}" onto public org.springframework.web.servlet.ModelAndView com.luju.ygz.xz.controller.XzController.allXzData()
15:06:06.439 [localhost-startStop-1] INFO  o.s.w.s.m.m.a.RequestMappingHandlerMapping [AbstractHandlerMethodMapping.java:217] Mapped "{[/about/index],methods=[],params=[],headers=[],consumes=[],produces=[],custom=[]}" onto public java.lang.String com.luju.ygz.about.controller.AboutUsController.aboutUs()
15:06:06.840 [localhost-startStop-1] INFO  o.s.w.s.m.m.a.RequestMappingHandlerAdapter [RequestMappingHandlerAdapter.java:517] Looking for @ControllerAdvice: WebApplicationContext for namespace 'springServlet-servlet': startup date [Tue Dec 26 15:06:05 GMT+08:00 2017]; parent: Root WebApplicationContext
15:06:06.905 [localhost-startStop-1] INFO  o.s.w.s.m.m.a.RequestMappingHandlerAdapter [RequestMappingHandlerAdapter.java:517] Looking for @ControllerAdvice: WebApplicationContext for namespace 'springServlet-servlet': startup date [Tue Dec 26 15:06:05 GMT+08:00 2017]; parent: Root WebApplicationContext
15:06:07.005 [localhost-startStop-1] INFO  o.s.w.s.h.SimpleUrlHandlerMapping [AbstractUrlHandlerMapping.java:314] Mapped URL path [/static/**] onto handler 'org.springframework.web.servlet.resource.ResourceHttpRequestHandler#0'
15:06:07.073 [localhost-startStop-1] INFO  o.s.w.s.m.m.a.RequestMappingHandlerAdapter [RequestMappingHandlerAdapter.java:517] Looking for @ControllerAdvice: WebApplicationContext for namespace 'springServlet-servlet': startup date [Tue Dec 26 15:06:05 GMT+08:00 2017]; parent: Root WebApplicationContext
15:06:07.169 [localhost-startStop-1] INFO  o.s.web.servlet.DispatcherServlet [FrameworkServlet.java:503] FrameworkServlet 'springServlet': initialization completed in 1839 ms
15:17:16.638 [localhost-startStop-1] INFO  o.s.web.context.ContextLoader [ContextLoader.java:285] Root WebApplicationContext: initialization started
15:17:16.726 [localhost-startStop-1] INFO  o.s.w.c.s.XmlWebApplicationContext [AbstractApplicationContext.java:510] Refreshing Root WebApplicationContext: startup date [Tue Dec 26 15:17:16 GMT+08:00 2017]; root of context hierarchy
15:17:16.758 [localhost-startStop-1] INFO  o.s.b.f.xml.XmlBeanDefinitionReader [XmlBeanDefinitionReader.java:317] Loading XML bean definitions from class path resource [spring/task-context.xml]
15:17:16.895 [localhost-startStop-1] INFO  o.s.web.context.ContextLoader [ContextLoader.java:325] Root WebApplicationContext: initialization completed in 255 ms
15:17:16.932 [localhost-startStop-1] INFO  o.s.web.servlet.DispatcherServlet [FrameworkServlet.java:484] FrameworkServlet 'springServlet': initialization started
15:17:16.933 [localhost-startStop-1] INFO  o.s.w.c.s.XmlWebApplicationContext [AbstractApplicationContext.java:510] Refreshing WebApplicationContext for namespace 'springServlet-servlet': startup date [Tue Dec 26 15:17:16 GMT+08:00 2017]; parent: Root WebApplicationContext
15:17:16.934 [localhost-startStop-1] INFO  o.s.b.f.xml.XmlBeanDefinitionReader [XmlBeanDefinitionReader.java:317] Loading XML bean definitions from class path resource [spring/servlet-context.xml]
15:17:17.151 [localhost-startStop-1] INFO  o.s.b.f.xml.XmlBeanDefinitionReader [XmlBeanDefinitionReader.java:317] Loading XML bean definitions from class path resource [spring/task-context.xml]
15:17:17.441 [localhost-startStop-1] INFO  o.s.c.s.PropertySourcesPlaceholderConfigurer [PropertiesLoaderSupport.java:172] Loading properties file from class path resource [db/db.properties]
15:17:17.449 [localhost-startStop-1] INFO  o.s.c.s.PropertySourcesPlaceholderConfigurer [PropertiesLoaderSupport.java:172] Loading properties file from class path resource [db/db.properties]
15:17:17.457 [localhost-startStop-1] INFO  o.s.b.f.a.AutowiredAnnotationBeanPostProcessor [AutowiredAnnotationBeanPostProcessor.java:153] JSR-330 'javax.inject.Inject' annotation found and supported for autowiring
15:17:18.012 [localhost-startStop-1] INFO  o.s.w.s.m.m.a.RequestMappingHandlerMapping [AbstractHandlerMethodMapping.java:217] Mapped "{[/test/hello],methods=[],params=[],headers=[],consumes=[],produces=[],custom=[]}" onto public java.lang.String com.luju.ygz.dc.controller.DcController.test()
15:17:18.013 [localhost-startStop-1] INFO  o.s.w.s.m.m.a.RequestMappingHandlerMapping [AbstractHandlerMethodMapping.java:217] Mapped "{[/test/world],methods=[],params=[],headers=[],consumes=[],produces=[],custom=[]}" onto public java.lang.String com.luju.ygz.dc.controller.DcController.processDcData()
15:17:18.014 [localhost-startStop-1] INFO  o.s.w.s.m.m.a.RequestMappingHandlerMapping [AbstractHandlerMethodMapping.java:217] Mapped "{[/luju/updatesDestination],methods=[],params=[],headers=[],consumes=[],produces=[],custom=[]}" onto public java.util.Map<java.lang.String, java.util.List<com.luju.pojo.DcPlanInfo>> com.luju.ygz.sd.controller.SdController.updateDestination(com.luju.pojo.DcPlanInfo)
15:17:18.015 [localhost-startStop-1] INFO  o.s.w.s.m.m.a.RequestMappingHandlerMapping [AbstractHandlerMethodMapping.java:217] Mapped "{[/luju/updatesSource],methods=[],params=[],headers=[],consumes=[],produces=[],custom=[]}" onto public java.util.Map<java.lang.String, java.util.List<com.luju.pojo.DcPlanInfo>> com.luju.ygz.sd.controller.SdController.updateSource(com.luju.pojo.DcPlanInfo)
15:17:18.016 [localhost-startStop-1] INFO  o.s.w.s.m.m.a.RequestMappingHandlerMapping [AbstractHandlerMethodMapping.java:217] Mapped "{[/luju/sdPlan],methods=[],params=[],headers=[],consumes=[],produces=[],custom=[]}" onto public org.springframework.web.servlet.ModelAndView com.luju.ygz.sd.controller.SdController.sdPlan()
15:17:18.018 [localhost-startStop-1] INFO  o.s.w.s.m.m.a.RequestMappingHandlerMapping [AbstractHandlerMethodMapping.java:217] Mapped "{[/luju/login],methods=[POST],params=[],headers=[],consumes=[],produces=[],custom=[]}" onto public java.lang.String com.luju.ygz.ShowController.test(javax.servlet.http.HttpServletRequest)
15:17:18.019 [localhost-startStop-1] INFO  o.s.w.s.m.m.a.RequestMappingHandlerMapping [AbstractHandlerMethodMapping.java:217] Mapped "{[/luju/updateDestination],methods=[],params=[],headers=[],consumes=[],produces=[],custom=[]}" onto public java.util.Map<java.lang.String, java.util.List<com.luju.pojo.DcPlanInfo>> com.luju.ygz.ShowController.updateDestination(com.luju.pojo.DcPlanInfo)
15:17:18.019 [localhost-startStop-1] INFO  o.s.w.s.m.m.a.RequestMappingHandlerMapping [AbstractHandlerMethodMapping.java:217] Mapped "{[/luju/selectTextarea],methods=[POST],params=[],headers=[],consumes=[],produces=[],custom=[]}" onto public java.util.List<com.luju.pojo.TextareaInfo> com.luju.ygz.ShowController.selectTextarea(com.luju.pojo.TextareaInfo)
15:17:18.019 [localhost-startStop-1] INFO  o.s.w.s.m.m.a.RequestMappingHandlerMapping [AbstractHandlerMethodMapping.java:217] Mapped "{[/luju/updateSource],methods=[],params=[],headers=[],consumes=[],produces=[],custom=[]}" onto public java.util.Map<java.lang.String, java.util.List<com.luju.pojo.DcPlanInfo>> com.luju.ygz.ShowController.updateSource(com.luju.pojo.DcPlanInfo)
15:17:18.020 [localhost-startStop-1] INFO  o.s.w.s.m.m.a.RequestMappingHandlerMapping [AbstractHandlerMethodMapping.java:217] Mapped "{[/luju/jcPlan],methods=[],params=[],headers=[],consumes=[],produces=[],custom=[]}" onto public org.springframework.web.servlet.ModelAndView com.luju.ygz.ShowController.allJcDataNew()
15:17:18.020 [localhost-startStop-1] INFO  o.s.w.s.m.m.a.RequestMappingHandlerMapping [AbstractHandlerMethodMapping.java:217] Mapped "{[/luju/statistics],methods=[GET],params=[],headers=[],consumes=[],produces=[],custom=[]}" onto public org.springframework.web.servlet.ModelAndView com.luju.ygz.ShowController.toStatistics()
15:17:18.020 [localhost-startStop-1] INFO  o.s.w.s.m.m.a.RequestMappingHandlerMapping [AbstractHandlerMethodMapping.java:217] Mapped "{[/luju/zyPlan],methods=[],params=[],headers=[],consumes=[],produces=[],custom=[]}" onto public org.springframework.web.servlet.ModelAndView com.luju.ygz.ShowController.allJcData()
15:17:18.020 [localhost-startStop-1] INFO  o.s.w.s.m.m.a.RequestMappingHandlerMapping [AbstractHandlerMethodMapping.java:217] Mapped "{[/luju/time],methods=[POST],params=[],headers=[],consumes=[],produces=[],custom=[]}" onto public java.util.List<com.luju.pojo.StatisticsInfo> com.luju.ygz.ShowController.list4Time(java.lang.String)
15:17:18.021 [localhost-startStop-1] INFO  o.s.w.s.m.m.a.RequestMappingHandlerMapping [AbstractHandlerMethodMapping.java:217] Mapped "{[/luju/textarea],methods=[POST],params=[],headers=[],consumes=[],produces=[],custom=[]}" onto public java.lang.String com.luju.ygz.ShowController.textarea(javax.servlet.http.HttpServletRequest)
15:17:18.021 [localhost-startStop-1] INFO  o.s.w.s.m.m.a.RequestMappingHandlerMapping [AbstractHandlerMethodMapping.java:217] Mapped "{[/luju/route],methods=[],params=[],headers=[],consumes=[],produces=[],custom=[]}" onto public java.lang.String com.luju.ygz.ShowController.routeLogin()
15:17:18.022 [localhost-startStop-1] INFO  o.s.w.s.m.m.a.RequestMappingHandlerMapping [AbstractHandlerMethodMapping.java:217] Mapped "{[/luju/sxPlan],methods=[],params=[],headers=[],consumes=[],produces=[],custom=[]}" onto public org.springframework.web.servlet.ModelAndView com.luju.ygz.sx.controller.SxController.sdPlan()
15:17:18.023 [localhost-startStop-1] INFO  o.s.w.s.m.m.a.RequestMappingHandlerMapping [AbstractHandlerMethodMapping.java:217] Mapped "{[/luju/szPlan],methods=[],params=[],headers=[],consumes=[],produces=[],custom=[]}" onto public org.springframework.web.servlet.ModelAndView com.luju.ygz.sz.controller.SzController.allSzData()
15:17:18.024 [localhost-startStop-1] INFO  o.s.w.s.m.m.a.RequestMappingHandlerMapping [AbstractHandlerMethodMapping.java:217] Mapped "{[/luju/hello],methods=[],params=[],headers=[],consumes=[],produces=[],custom=[]}" onto public java.lang.String com.luju.ygz.test.controller.TestController.test()
15:17:18.024 [localhost-startStop-1] INFO  o.s.w.s.m.m.a.RequestMappingHandlerMapping [AbstractHandlerMethodMapping.java:217] Mapped "{[/luju/world],methods=[],params=[],headers=[],consumes=[],produces=[],custom=[]}" onto public java.lang.String com.luju.ygz.test.controller.TestController.dataFromCopyToOne()
15:17:18.025 [localhost-startStop-1] INFO  o.s.w.s.m.m.a.RequestMappingHandlerMapping [AbstractHandlerMethodMapping.java:217] Mapped "{[/luju/test],methods=[],params=[],headers=[],consumes=[],produces=[],custom=[]}" onto public org.springframework.web.servlet.ModelAndView com.luju.ygz.test.controller.TestController.test1()
15:17:18.026 [localhost-startStop-1] INFO  o.s.w.s.m.m.a.RequestMappingHandlerMapping [AbstractHandlerMethodMapping.java:217] Mapped "{[/luju/xxPlan],methods=[],params=[],headers=[],consumes=[],produces=[],custom=[]}" onto public org.springframework.web.servlet.ModelAndView com.luju.ygz.xx.controller.XxController.XxPlan()
15:17:18.027 [localhost-startStop-1] INFO  o.s.w.s.m.m.a.RequestMappingHandlerMapping [AbstractHandlerMethodMapping.java:217] Mapped "{[/luju/xzPlan],methods=[],params=[],headers=[],consumes=[],produces=[],custom=[]}" onto public org.springframework.web.servlet.ModelAndView com.luju.ygz.xz.controller.XzController.allXzData()
15:17:18.028 [localhost-startStop-1] INFO  o.s.w.s.m.m.a.RequestMappingHandlerMapping [AbstractHandlerMethodMapping.java:217] Mapped "{[/about/index],methods=[],params=[],headers=[],consumes=[],produces=[],custom=[]}" onto public java.lang.String com.luju.ygz.about.controller.AboutUsController.aboutUs()
15:17:18.345 [localhost-startStop-1] INFO  o.s.w.s.m.m.a.RequestMappingHandlerAdapter [RequestMappingHandlerAdapter.java:517] Looking for @ControllerAdvice: WebApplicationContext for namespace 'springServlet-servlet': startup date [Tue Dec 26 15:17:16 GMT+08:00 2017]; parent: Root WebApplicationContext
15:17:18.384 [localhost-startStop-1] INFO  o.s.w.s.m.m.a.RequestMappingHandlerAdapter [RequestMappingHandlerAdapter.java:517] Looking for @ControllerAdvice: WebApplicationContext for namespace 'springServlet-servlet': startup date [Tue Dec 26 15:17:16 GMT+08:00 2017]; parent: Root WebApplicationContext
15:17:18.436 [localhost-startStop-1] INFO  o.s.w.s.h.SimpleUrlHandlerMapping [AbstractUrlHandlerMapping.java:314] Mapped URL path [/static/**] onto handler 'org.springframework.web.servlet.resource.ResourceHttpRequestHandler#0'
15:17:18.468 [localhost-startStop-1] INFO  o.s.w.s.m.m.a.RequestMappingHandlerAdapter [RequestMappingHandlerAdapter.java:517] Looking for @ControllerAdvice: WebApplicationContext for namespace 'springServlet-servlet': startup date [Tue Dec 26 15:17:16 GMT+08:00 2017]; parent: Root WebApplicationContext
15:17:18.516 [localhost-startStop-1] INFO  o.s.web.servlet.DispatcherServlet [FrameworkServlet.java:503] FrameworkServlet 'springServlet': initialization completed in 1584 ms
