19:27:47.181 [localhost-startStop-1] INFO  o.s.web.context.ContextLoader [ContextLoader.java:285] Root WebApplicationContext: initialization started
19:27:47.290 [localhost-startStop-1] INFO  o.s.w.c.s.XmlWebApplicationContext [AbstractApplicationContext.java:510] Refreshing Root WebApplicationContext: startup date [Mon Nov 13 19:27:47 CST 2017]; root of context hierarchy
19:27:47.321 [localhost-startStop-1] INFO  o.s.b.f.xml.XmlBeanDefinitionReader [XmlBeanDefinitionReader.java:317] Loading XML bean definitions from class path resource [spring/task-context.xml]
19:27:47.587 [localhost-startStop-1] INFO  o.s.web.context.ContextLoader [ContextLoader.java:325] Root WebApplicationContext: initialization completed in 406 ms
19:27:47.634 [localhost-startStop-1] INFO  o.s.web.servlet.DispatcherServlet [FrameworkServlet.java:484] FrameworkServlet 'springServlet': initialization started
19:27:47.634 [localhost-startStop-1] INFO  o.s.w.c.s.XmlWebApplicationContext [AbstractApplicationContext.java:510] Refreshing WebApplicationContext for namespace 'springServlet-servlet': startup date [Mon Nov 13 19:27:47 CST 2017]; parent: Root WebApplicationContext
19:27:47.634 [localhost-startStop-1] INFO  o.s.b.f.xml.XmlBeanDefinitionReader [XmlBeanDefinitionReader.java:317] Loading XML bean definitions from class path resource [spring/servlet-context.xml]
19:27:48.402 [localhost-startStop-1] INFO  o.s.b.f.xml.XmlBeanDefinitionReader [XmlBeanDefinitionReader.java:317] Loading XML bean definitions from class path resource [spring/task-context.xml]
19:27:49.078 [localhost-startStop-1] INFO  o.s.c.s.PropertySourcesPlaceholderConfigurer [PropertiesLoaderSupport.java:172] Loading properties file from class path resource [db/db.properties]
19:27:49.110 [localhost-startStop-1] INFO  o.s.c.s.PropertySourcesPlaceholderConfigurer [PropertiesLoaderSupport.java:172] Loading properties file from class path resource [db/db.properties]
19:27:49.110 [localhost-startStop-1] INFO  o.s.b.f.a.AutowiredAnnotationBeanPostProcessor [AutowiredAnnotationBeanPostProcessor.java:153] JSR-330 'javax.inject.Inject' annotation found and supported for autowiring
19:27:50.016 [localhost-startStop-1] INFO  o.s.w.s.m.m.a.RequestMappingHandlerMapping [AbstractHandlerMethodMapping.java:217] Mapped "{[/test/hello],methods=[],params=[],headers=[],consumes=[],produces=[],custom=[]}" onto public java.lang.String com.luju.ygz.dc.controller.DcController.test()
19:27:50.016 [localhost-startStop-1] INFO  o.s.w.s.m.m.a.RequestMappingHandlerMapping [AbstractHandlerMethodMapping.java:217] Mapped "{[/test/world],methods=[],params=[],headers=[],consumes=[],produces=[],custom=[]}" onto public java.lang.String com.luju.ygz.dc.controller.DcController.processDcData()
19:27:50.016 [localhost-startStop-1] INFO  o.s.w.s.m.m.a.RequestMappingHandlerMapping [AbstractHandlerMethodMapping.java:217] Mapped "{[/luju/login],methods=[POST],params=[],headers=[],consumes=[],produces=[],custom=[]}" onto public java.lang.String com.luju.ygz.ShowController.test(javax.servlet.http.HttpServletRequest)
19:27:50.016 [localhost-startStop-1] INFO  o.s.w.s.m.m.a.RequestMappingHandlerMapping [AbstractHandlerMethodMapping.java:217] Mapped "{[/luju/updateSource],methods=[],params=[],headers=[],consumes=[],produces=[],custom=[]}" onto public java.util.Map<java.lang.String, java.util.List<com.luju.pojo.DcPlanInfo>> com.luju.ygz.ShowController.updateSource(com.luju.pojo.DcPlanInfo)
19:27:50.016 [localhost-startStop-1] INFO  o.s.w.s.m.m.a.RequestMappingHandlerMapping [AbstractHandlerMethodMapping.java:217] Mapped "{[/luju/time],methods=[POST],params=[],headers=[],consumes=[],produces=[],custom=[]}" onto public java.util.List<com.luju.pojo.StatisticsInfo> com.luju.ygz.ShowController.list4Time(java.lang.String)
19:27:50.016 [localhost-startStop-1] INFO  o.s.w.s.m.m.a.RequestMappingHandlerMapping [AbstractHandlerMethodMapping.java:217] Mapped "{[/luju/route],methods=[],params=[],headers=[],consumes=[],produces=[],custom=[]}" onto public java.lang.String com.luju.ygz.ShowController.routeLogin()
19:27:50.016 [localhost-startStop-1] INFO  o.s.w.s.m.m.a.RequestMappingHandlerMapping [AbstractHandlerMethodMapping.java:217] Mapped "{[/luju/statistics],methods=[GET],params=[],headers=[],consumes=[],produces=[],custom=[]}" onto public org.springframework.web.servlet.ModelAndView com.luju.ygz.ShowController.toStatistics()
19:27:50.016 [localhost-startStop-1] INFO  o.s.w.s.m.m.a.RequestMappingHandlerMapping [AbstractHandlerMethodMapping.java:217] Mapped "{[/luju/zyPlan],methods=[],params=[],headers=[],consumes=[],produces=[],custom=[]}" onto public org.springframework.web.servlet.ModelAndView com.luju.ygz.ShowController.allJcData()
19:27:50.016 [localhost-startStop-1] INFO  o.s.w.s.m.m.a.RequestMappingHandlerMapping [AbstractHandlerMethodMapping.java:217] Mapped "{[/luju/jcPlan],methods=[],params=[],headers=[],consumes=[],produces=[],custom=[]}" onto public org.springframework.web.servlet.ModelAndView com.luju.ygz.ShowController.allJcDataNew()
19:27:50.016 [localhost-startStop-1] INFO  o.s.w.s.m.m.a.RequestMappingHandlerMapping [AbstractHandlerMethodMapping.java:217] Mapped "{[/luju/textarea],methods=[POST],params=[],headers=[],consumes=[],produces=[],custom=[]}" onto public java.lang.String com.luju.ygz.ShowController.textarea(javax.servlet.http.HttpServletRequest)
19:27:50.016 [localhost-startStop-1] INFO  o.s.w.s.m.m.a.RequestMappingHandlerMapping [AbstractHandlerMethodMapping.java:217] Mapped "{[/luju/selectTextarea],methods=[POST],params=[],headers=[],consumes=[],produces=[],custom=[]}" onto public java.util.List<com.luju.pojo.TextareaInfo> com.luju.ygz.ShowController.selectTextarea(com.luju.pojo.TextareaInfo)
19:27:50.016 [localhost-startStop-1] INFO  o.s.w.s.m.m.a.RequestMappingHandlerMapping [AbstractHandlerMethodMapping.java:217] Mapped "{[/luju/updateDestination],methods=[],params=[],headers=[],consumes=[],produces=[],custom=[]}" onto public java.util.Map<java.lang.String, java.util.List<com.luju.pojo.DcPlanInfo>> com.luju.ygz.ShowController.updateDestination(com.luju.pojo.DcPlanInfo)
19:27:50.016 [localhost-startStop-1] INFO  o.s.w.s.m.m.a.RequestMappingHandlerMapping [AbstractHandlerMethodMapping.java:217] Mapped "{[/luju/hello],methods=[],params=[],headers=[],consumes=[],produces=[],custom=[]}" onto public java.lang.String com.luju.ygz.test.controller.TestController.test()
19:27:50.016 [localhost-startStop-1] INFO  o.s.w.s.m.m.a.RequestMappingHandlerMapping [AbstractHandlerMethodMapping.java:217] Mapped "{[/luju/world],methods=[],params=[],headers=[],consumes=[],produces=[],custom=[]}" onto public java.lang.String com.luju.ygz.test.controller.TestController.dataFromCopyToOne()
19:27:50.016 [localhost-startStop-1] INFO  o.s.w.s.m.m.a.RequestMappingHandlerMapping [AbstractHandlerMethodMapping.java:217] Mapped "{[/luju/xzPlan],methods=[],params=[],headers=[],consumes=[],produces=[],custom=[]}" onto public org.springframework.web.servlet.ModelAndView com.luju.ygz.xz.controller.XzController.allXzData()
19:27:50.032 [localhost-startStop-1] INFO  o.s.w.s.m.m.a.RequestMappingHandlerMapping [AbstractHandlerMethodMapping.java:217] Mapped "{[/about/index],methods=[],params=[],headers=[],consumes=[],produces=[],custom=[]}" onto public java.lang.String com.luju.ygz.about.controller.AboutUsController.aboutUs()
19:27:50.547 [localhost-startStop-1] INFO  o.s.w.s.m.m.a.RequestMappingHandlerAdapter [RequestMappingHandlerAdapter.java:517] Looking for @ControllerAdvice: WebApplicationContext for namespace 'springServlet-servlet': startup date [Mon Nov 13 19:27:47 CST 2017]; parent: Root WebApplicationContext
19:27:50.594 [localhost-startStop-1] INFO  o.s.w.s.m.m.a.RequestMappingHandlerAdapter [RequestMappingHandlerAdapter.java:517] Looking for @ControllerAdvice: WebApplicationContext for namespace 'springServlet-servlet': startup date [Mon Nov 13 19:27:47 CST 2017]; parent: Root WebApplicationContext
19:27:50.672 [localhost-startStop-1] INFO  o.s.w.s.h.SimpleUrlHandlerMapping [AbstractUrlHandlerMapping.java:314] Mapped URL path [/static/**] onto handler 'org.springframework.web.servlet.resource.ResourceHttpRequestHandler#0'
19:27:50.703 [localhost-startStop-1] INFO  o.s.w.s.m.m.a.RequestMappingHandlerAdapter [RequestMappingHandlerAdapter.java:517] Looking for @ControllerAdvice: WebApplicationContext for namespace 'springServlet-servlet': startup date [Mon Nov 13 19:27:47 CST 2017]; parent: Root WebApplicationContext
19:27:50.750 [localhost-startStop-1] INFO  o.s.web.servlet.DispatcherServlet [FrameworkServlet.java:503] FrameworkServlet 'springServlet': initialization completed in 3116 ms
19:28:01.657 [pool-2-thread-1] ERROR o.s.s.s.TaskUtils$LoggingErrorHandler [TaskUtils.java:95] Unexpected error occurred in scheduled task.
java.lang.NullPointerException: null
	at luju.common.util.DataProcess.jcTimeList(DataProcess.java:32)
	at com.luju.ygz.test.service.impl.TestServiceImpl.selectPlanDataFromOra(TestServiceImpl.java:22)
	at com.luju.ygz.dc.controller.AutoSelectDataFromOra.AutoSelectDataFromOra(AutoSelectDataFromOra.java:24)
	at sun.reflect.NativeMethodAccessorImpl.invoke0(Native Method)
	at sun.reflect.NativeMethodAccessorImpl.invoke(NativeMethodAccessorImpl.java:57)
	at sun.reflect.DelegatingMethodAccessorImpl.invoke(DelegatingMethodAccessorImpl.java:43)
	at java.lang.reflect.Method.invoke(Method.java:606)
	at org.springframework.scheduling.support.ScheduledMethodRunnable.run(ScheduledMethodRunnable.java:65)
	at org.springframework.scheduling.support.DelegatingErrorHandlingRunnable.run(DelegatingErrorHandlingRunnable.java:54)
	at org.springframework.scheduling.concurrent.ReschedulingRunnable.run(ReschedulingRunnable.java:81)
	at java.util.concurrent.Executors$RunnableAdapter.call(Executors.java:471)
	at java.util.concurrent.FutureTask.run(FutureTask.java:262)
	at java.util.concurrent.ScheduledThreadPoolExecutor$ScheduledFutureTask.access$201(ScheduledThreadPoolExecutor.java:178)
	at java.util.concurrent.ScheduledThreadPoolExecutor$ScheduledFutureTask.run(ScheduledThreadPoolExecutor.java:292)
	at java.util.concurrent.ThreadPoolExecutor.runWorker(ThreadPoolExecutor.java:1145)
	at java.util.concurrent.ThreadPoolExecutor$Worker.run(ThreadPoolExecutor.java:615)
	at java.lang.Thread.run(Thread.java:745)
19:31:24.020 [localhost-startStop-1] INFO  o.s.web.context.ContextLoader [ContextLoader.java:285] Root WebApplicationContext: initialization started
19:31:24.067 [localhost-startStop-1] INFO  o.s.w.c.s.XmlWebApplicationContext [AbstractApplicationContext.java:510] Refreshing Root WebApplicationContext: startup date [Mon Nov 13 19:31:24 CST 2017]; root of context hierarchy
19:31:24.114 [localhost-startStop-1] INFO  o.s.b.f.xml.XmlBeanDefinitionReader [XmlBeanDefinitionReader.java:317] Loading XML bean definitions from class path resource [spring/task-context.xml]
19:31:24.254 [localhost-startStop-1] INFO  o.s.web.context.ContextLoader [ContextLoader.java:325] Root WebApplicationContext: initialization completed in 234 ms
19:31:24.286 [localhost-startStop-1] INFO  o.s.web.servlet.DispatcherServlet [FrameworkServlet.java:484] FrameworkServlet 'springServlet': initialization started
19:31:24.286 [localhost-startStop-1] INFO  o.s.w.c.s.XmlWebApplicationContext [AbstractApplicationContext.java:510] Refreshing WebApplicationContext for namespace 'springServlet-servlet': startup date [Mon Nov 13 19:31:24 CST 2017]; parent: Root WebApplicationContext
19:31:24.286 [localhost-startStop-1] INFO  o.s.b.f.xml.XmlBeanDefinitionReader [XmlBeanDefinitionReader.java:317] Loading XML bean definitions from class path resource [spring/servlet-context.xml]
19:31:24.489 [localhost-startStop-1] INFO  o.s.b.f.xml.XmlBeanDefinitionReader [XmlBeanDefinitionReader.java:317] Loading XML bean definitions from class path resource [spring/task-context.xml]
19:31:24.739 [localhost-startStop-1] INFO  o.s.c.s.PropertySourcesPlaceholderConfigurer [PropertiesLoaderSupport.java:172] Loading properties file from class path resource [db/db.properties]
19:31:24.754 [localhost-startStop-1] INFO  o.s.c.s.PropertySourcesPlaceholderConfigurer [PropertiesLoaderSupport.java:172] Loading properties file from class path resource [db/db.properties]
19:31:24.754 [localhost-startStop-1] INFO  o.s.b.f.a.AutowiredAnnotationBeanPostProcessor [AutowiredAnnotationBeanPostProcessor.java:153] JSR-330 'javax.inject.Inject' annotation found and supported for autowiring
19:31:25.246 [localhost-startStop-1] INFO  o.s.w.s.m.m.a.RequestMappingHandlerMapping [AbstractHandlerMethodMapping.java:217] Mapped "{[/test/hello],methods=[],params=[],headers=[],consumes=[],produces=[],custom=[]}" onto public java.lang.String com.luju.ygz.dc.controller.DcController.test()
19:31:25.246 [localhost-startStop-1] INFO  o.s.w.s.m.m.a.RequestMappingHandlerMapping [AbstractHandlerMethodMapping.java:217] Mapped "{[/test/world],methods=[],params=[],headers=[],consumes=[],produces=[],custom=[]}" onto public java.lang.String com.luju.ygz.dc.controller.DcController.processDcData()
19:31:25.246 [localhost-startStop-1] INFO  o.s.w.s.m.m.a.RequestMappingHandlerMapping [AbstractHandlerMethodMapping.java:217] Mapped "{[/luju/login],methods=[POST],params=[],headers=[],consumes=[],produces=[],custom=[]}" onto public java.lang.String com.luju.ygz.ShowController.test(javax.servlet.http.HttpServletRequest)
19:31:25.246 [localhost-startStop-1] INFO  o.s.w.s.m.m.a.RequestMappingHandlerMapping [AbstractHandlerMethodMapping.java:217] Mapped "{[/luju/selectTextarea],methods=[POST],params=[],headers=[],consumes=[],produces=[],custom=[]}" onto public java.util.List<com.luju.pojo.TextareaInfo> com.luju.ygz.ShowController.selectTextarea(com.luju.pojo.TextareaInfo)
19:31:25.262 [localhost-startStop-1] INFO  o.s.w.s.m.m.a.RequestMappingHandlerMapping [AbstractHandlerMethodMapping.java:217] Mapped "{[/luju/updateDestination],methods=[],params=[],headers=[],consumes=[],produces=[],custom=[]}" onto public java.util.Map<java.lang.String, java.util.List<com.luju.pojo.DcPlanInfo>> com.luju.ygz.ShowController.updateDestination(com.luju.pojo.DcPlanInfo)
19:31:25.262 [localhost-startStop-1] INFO  o.s.w.s.m.m.a.RequestMappingHandlerMapping [AbstractHandlerMethodMapping.java:217] Mapped "{[/luju/updateSource],methods=[],params=[],headers=[],consumes=[],produces=[],custom=[]}" onto public java.util.Map<java.lang.String, java.util.List<com.luju.pojo.DcPlanInfo>> com.luju.ygz.ShowController.updateSource(com.luju.pojo.DcPlanInfo)
19:31:25.262 [localhost-startStop-1] INFO  o.s.w.s.m.m.a.RequestMappingHandlerMapping [AbstractHandlerMethodMapping.java:217] Mapped "{[/luju/textarea],methods=[POST],params=[],headers=[],consumes=[],produces=[],custom=[]}" onto public java.lang.String com.luju.ygz.ShowController.textarea(javax.servlet.http.HttpServletRequest)
19:31:25.262 [localhost-startStop-1] INFO  o.s.w.s.m.m.a.RequestMappingHandlerMapping [AbstractHandlerMethodMapping.java:217] Mapped "{[/luju/time],methods=[POST],params=[],headers=[],consumes=[],produces=[],custom=[]}" onto public java.util.List<com.luju.pojo.StatisticsInfo> com.luju.ygz.ShowController.list4Time(java.lang.String)
19:31:25.262 [localhost-startStop-1] INFO  o.s.w.s.m.m.a.RequestMappingHandlerMapping [AbstractHandlerMethodMapping.java:217] Mapped "{[/luju/route],methods=[],params=[],headers=[],consumes=[],produces=[],custom=[]}" onto public java.lang.String com.luju.ygz.ShowController.routeLogin()
19:31:25.262 [localhost-startStop-1] INFO  o.s.w.s.m.m.a.RequestMappingHandlerMapping [AbstractHandlerMethodMapping.java:217] Mapped "{[/luju/jcPlan],methods=[],params=[],headers=[],consumes=[],produces=[],custom=[]}" onto public org.springframework.web.servlet.ModelAndView com.luju.ygz.ShowController.allJcDataNew()
19:31:25.262 [localhost-startStop-1] INFO  o.s.w.s.m.m.a.RequestMappingHandlerMapping [AbstractHandlerMethodMapping.java:217] Mapped "{[/luju/zyPlan],methods=[],params=[],headers=[],consumes=[],produces=[],custom=[]}" onto public org.springframework.web.servlet.ModelAndView com.luju.ygz.ShowController.allJcData()
19:31:25.262 [localhost-startStop-1] INFO  o.s.w.s.m.m.a.RequestMappingHandlerMapping [AbstractHandlerMethodMapping.java:217] Mapped "{[/luju/statistics],methods=[GET],params=[],headers=[],consumes=[],produces=[],custom=[]}" onto public org.springframework.web.servlet.ModelAndView com.luju.ygz.ShowController.toStatistics()
19:31:25.262 [localhost-startStop-1] INFO  o.s.w.s.m.m.a.RequestMappingHandlerMapping [AbstractHandlerMethodMapping.java:217] Mapped "{[/luju/hello],methods=[],params=[],headers=[],consumes=[],produces=[],custom=[]}" onto public java.lang.String com.luju.ygz.test.controller.TestController.test()
19:31:25.262 [localhost-startStop-1] INFO  o.s.w.s.m.m.a.RequestMappingHandlerMapping [AbstractHandlerMethodMapping.java:217] Mapped "{[/luju/world],methods=[],params=[],headers=[],consumes=[],produces=[],custom=[]}" onto public java.lang.String com.luju.ygz.test.controller.TestController.dataFromCopyToOne()
19:31:25.262 [localhost-startStop-1] INFO  o.s.w.s.m.m.a.RequestMappingHandlerMapping [AbstractHandlerMethodMapping.java:217] Mapped "{[/luju/xzPlan],methods=[],params=[],headers=[],consumes=[],produces=[],custom=[]}" onto public org.springframework.web.servlet.ModelAndView com.luju.ygz.xz.controller.XzController.allXzData()
19:31:25.262 [localhost-startStop-1] INFO  o.s.w.s.m.m.a.RequestMappingHandlerMapping [AbstractHandlerMethodMapping.java:217] Mapped "{[/about/index],methods=[],params=[],headers=[],consumes=[],produces=[],custom=[]}" onto public java.lang.String com.luju.ygz.about.controller.AboutUsController.aboutUs()
19:31:25.653 [localhost-startStop-1] INFO  o.s.w.s.m.m.a.RequestMappingHandlerAdapter [RequestMappingHandlerAdapter.java:517] Looking for @ControllerAdvice: WebApplicationContext for namespace 'springServlet-servlet': startup date [Mon Nov 13 19:31:24 CST 2017]; parent: Root WebApplicationContext
19:31:25.699 [localhost-startStop-1] INFO  o.s.w.s.m.m.a.RequestMappingHandlerAdapter [RequestMappingHandlerAdapter.java:517] Looking for @ControllerAdvice: WebApplicationContext for namespace 'springServlet-servlet': startup date [Mon Nov 13 19:31:24 CST 2017]; parent: Root WebApplicationContext
19:31:25.778 [localhost-startStop-1] INFO  o.s.w.s.h.SimpleUrlHandlerMapping [AbstractUrlHandlerMapping.java:314] Mapped URL path [/static/**] onto handler 'org.springframework.web.servlet.resource.ResourceHttpRequestHandler#0'
19:31:25.809 [localhost-startStop-1] INFO  o.s.w.s.m.m.a.RequestMappingHandlerAdapter [RequestMappingHandlerAdapter.java:517] Looking for @ControllerAdvice: WebApplicationContext for namespace 'springServlet-servlet': startup date [Mon Nov 13 19:31:24 CST 2017]; parent: Root WebApplicationContext
19:31:25.856 [localhost-startStop-1] INFO  o.s.web.servlet.DispatcherServlet [FrameworkServlet.java:503] FrameworkServlet 'springServlet': initialization completed in 1570 ms
19:32:01.576 [pool-2-thread-1] ERROR o.s.s.s.TaskUtils$LoggingErrorHandler [TaskUtils.java:95] Unexpected error occurred in scheduled task.
java.lang.NullPointerException: null
	at luju.common.util.DataProcess.jcTimeList(DataProcess.java:32)
	at com.luju.ygz.test.service.impl.TestServiceImpl.selectPlanDataFromOra(TestServiceImpl.java:22)
	at com.luju.ygz.dc.controller.AutoSelectDataFromOra.AutoSelectDataFromOra(AutoSelectDataFromOra.java:24)
	at sun.reflect.NativeMethodAccessorImpl.invoke0(Native Method)
	at sun.reflect.NativeMethodAccessorImpl.invoke(NativeMethodAccessorImpl.java:57)
	at sun.reflect.DelegatingMethodAccessorImpl.invoke(DelegatingMethodAccessorImpl.java:43)
	at java.lang.reflect.Method.invoke(Method.java:606)
	at org.springframework.scheduling.support.ScheduledMethodRunnable.run(ScheduledMethodRunnable.java:65)
	at org.springframework.scheduling.support.DelegatingErrorHandlingRunnable.run(DelegatingErrorHandlingRunnable.java:54)
	at org.springframework.scheduling.concurrent.ReschedulingRunnable.run(ReschedulingRunnable.java:81)
	at java.util.concurrent.Executors$RunnableAdapter.call(Executors.java:471)
	at java.util.concurrent.FutureTask.run(FutureTask.java:262)
	at java.util.concurrent.ScheduledThreadPoolExecutor$ScheduledFutureTask.access$201(ScheduledThreadPoolExecutor.java:178)
	at java.util.concurrent.ScheduledThreadPoolExecutor$ScheduledFutureTask.run(ScheduledThreadPoolExecutor.java:292)
	at java.util.concurrent.ThreadPoolExecutor.runWorker(ThreadPoolExecutor.java:1145)
	at java.util.concurrent.ThreadPoolExecutor$Worker.run(ThreadPoolExecutor.java:615)
	at java.lang.Thread.run(Thread.java:745)
19:36:01.219 [pool-2-thread-1] ERROR o.s.s.s.TaskUtils$LoggingErrorHandler [TaskUtils.java:95] Unexpected error occurred in scheduled task.
java.lang.NullPointerException: null
	at luju.common.util.DataProcess.jcTimeList(DataProcess.java:32)
	at com.luju.ygz.test.service.impl.TestServiceImpl.selectPlanDataFromOra(TestServiceImpl.java:22)
	at com.luju.ygz.dc.controller.AutoSelectDataFromOra.AutoSelectDataFromOra(AutoSelectDataFromOra.java:24)
	at sun.reflect.NativeMethodAccessorImpl.invoke0(Native Method)
	at sun.reflect.NativeMethodAccessorImpl.invoke(NativeMethodAccessorImpl.java:57)
	at sun.reflect.DelegatingMethodAccessorImpl.invoke(DelegatingMethodAccessorImpl.java:43)
	at java.lang.reflect.Method.invoke(Method.java:606)
	at org.springframework.scheduling.support.ScheduledMethodRunnable.run(ScheduledMethodRunnable.java:65)
	at org.springframework.scheduling.support.DelegatingErrorHandlingRunnable.run(DelegatingErrorHandlingRunnable.java:54)
	at org.springframework.scheduling.concurrent.ReschedulingRunnable.run(ReschedulingRunnable.java:81)
	at java.util.concurrent.Executors$RunnableAdapter.call(Executors.java:471)
	at java.util.concurrent.FutureTask.run(FutureTask.java:262)
	at java.util.concurrent.ScheduledThreadPoolExecutor$ScheduledFutureTask.access$201(ScheduledThreadPoolExecutor.java:178)
	at java.util.concurrent.ScheduledThreadPoolExecutor$ScheduledFutureTask.run(ScheduledThreadPoolExecutor.java:292)
	at java.util.concurrent.ThreadPoolExecutor.runWorker(ThreadPoolExecutor.java:1145)
	at java.util.concurrent.ThreadPoolExecutor$Worker.run(ThreadPoolExecutor.java:615)
	at java.lang.Thread.run(Thread.java:745)
19:40:01.213 [pool-2-thread-1] ERROR o.s.s.s.TaskUtils$LoggingErrorHandler [TaskUtils.java:95] Unexpected error occurred in scheduled task.
java.lang.NullPointerException: null
	at luju.common.util.DataProcess.jcTimeList(DataProcess.java:32)
	at com.luju.ygz.test.service.impl.TestServiceImpl.selectPlanDataFromOra(TestServiceImpl.java:22)
	at com.luju.ygz.dc.controller.AutoSelectDataFromOra.AutoSelectDataFromOra(AutoSelectDataFromOra.java:24)
	at sun.reflect.NativeMethodAccessorImpl.invoke0(Native Method)
	at sun.reflect.NativeMethodAccessorImpl.invoke(NativeMethodAccessorImpl.java:57)
	at sun.reflect.DelegatingMethodAccessorImpl.invoke(DelegatingMethodAccessorImpl.java:43)
	at java.lang.reflect.Method.invoke(Method.java:606)
	at org.springframework.scheduling.support.ScheduledMethodRunnable.run(ScheduledMethodRunnable.java:65)
	at org.springframework.scheduling.support.DelegatingErrorHandlingRunnable.run(DelegatingErrorHandlingRunnable.java:54)
	at org.springframework.scheduling.concurrent.ReschedulingRunnable.run(ReschedulingRunnable.java:81)
	at java.util.concurrent.Executors$RunnableAdapter.call(Executors.java:471)
	at java.util.concurrent.FutureTask.run(FutureTask.java:262)
	at java.util.concurrent.ScheduledThreadPoolExecutor$ScheduledFutureTask.access$201(ScheduledThreadPoolExecutor.java:178)
	at java.util.concurrent.ScheduledThreadPoolExecutor$ScheduledFutureTask.run(ScheduledThreadPoolExecutor.java:292)
	at java.util.concurrent.ThreadPoolExecutor.runWorker(ThreadPoolExecutor.java:1145)
	at java.util.concurrent.ThreadPoolExecutor$Worker.run(ThreadPoolExecutor.java:615)
	at java.lang.Thread.run(Thread.java:745)
19:44:01.231 [pool-2-thread-1] ERROR o.s.s.s.TaskUtils$LoggingErrorHandler [TaskUtils.java:95] Unexpected error occurred in scheduled task.
java.lang.NullPointerException: null
	at luju.common.util.DataProcess.jcTimeList(DataProcess.java:32)
	at com.luju.ygz.test.service.impl.TestServiceImpl.selectPlanDataFromOra(TestServiceImpl.java:22)
	at com.luju.ygz.dc.controller.AutoSelectDataFromOra.AutoSelectDataFromOra(AutoSelectDataFromOra.java:24)
	at sun.reflect.NativeMethodAccessorImpl.invoke0(Native Method)
	at sun.reflect.NativeMethodAccessorImpl.invoke(NativeMethodAccessorImpl.java:57)
	at sun.reflect.DelegatingMethodAccessorImpl.invoke(DelegatingMethodAccessorImpl.java:43)
	at java.lang.reflect.Method.invoke(Method.java:606)
	at org.springframework.scheduling.support.ScheduledMethodRunnable.run(ScheduledMethodRunnable.java:65)
	at org.springframework.scheduling.support.DelegatingErrorHandlingRunnable.run(DelegatingErrorHandlingRunnable.java:54)
	at org.springframework.scheduling.concurrent.ReschedulingRunnable.run(ReschedulingRunnable.java:81)
	at java.util.concurrent.Executors$RunnableAdapter.call(Executors.java:471)
	at java.util.concurrent.FutureTask.run(FutureTask.java:262)
	at java.util.concurrent.ScheduledThreadPoolExecutor$ScheduledFutureTask.access$201(ScheduledThreadPoolExecutor.java:178)
	at java.util.concurrent.ScheduledThreadPoolExecutor$ScheduledFutureTask.run(ScheduledThreadPoolExecutor.java:292)
	at java.util.concurrent.ThreadPoolExecutor.runWorker(ThreadPoolExecutor.java:1145)
	at java.util.concurrent.ThreadPoolExecutor$Worker.run(ThreadPoolExecutor.java:615)
	at java.lang.Thread.run(Thread.java:745)
19:46:01.721 [localhost-startStop-1] INFO  o.s.web.context.ContextLoader [ContextLoader.java:285] Root WebApplicationContext: initialization started
19:46:01.783 [localhost-startStop-1] INFO  o.s.w.c.s.XmlWebApplicationContext [AbstractApplicationContext.java:510] Refreshing Root WebApplicationContext: startup date [Mon Nov 13 19:46:01 CST 2017]; root of context hierarchy
19:46:01.815 [localhost-startStop-1] INFO  o.s.b.f.xml.XmlBeanDefinitionReader [XmlBeanDefinitionReader.java:317] Loading XML bean definitions from class path resource [spring/task-context.xml]
19:46:01.940 [localhost-startStop-1] INFO  o.s.web.context.ContextLoader [ContextLoader.java:325] Root WebApplicationContext: initialization completed in 203 ms
19:46:01.971 [localhost-startStop-1] INFO  o.s.web.servlet.DispatcherServlet [FrameworkServlet.java:484] FrameworkServlet 'springServlet': initialization started
19:46:01.971 [localhost-startStop-1] INFO  o.s.w.c.s.XmlWebApplicationContext [AbstractApplicationContext.java:510] Refreshing WebApplicationContext for namespace 'springServlet-servlet': startup date [Mon Nov 13 19:46:01 CST 2017]; parent: Root WebApplicationContext
19:46:01.971 [localhost-startStop-1] INFO  o.s.b.f.xml.XmlBeanDefinitionReader [XmlBeanDefinitionReader.java:317] Loading XML bean definitions from class path resource [spring/servlet-context.xml]
19:46:02.143 [localhost-startStop-1] INFO  o.s.b.f.xml.XmlBeanDefinitionReader [XmlBeanDefinitionReader.java:317] Loading XML bean definitions from class path resource [spring/task-context.xml]
19:46:02.377 [localhost-startStop-1] INFO  o.s.c.s.PropertySourcesPlaceholderConfigurer [PropertiesLoaderSupport.java:172] Loading properties file from class path resource [db/db.properties]
19:46:02.393 [localhost-startStop-1] INFO  o.s.c.s.PropertySourcesPlaceholderConfigurer [PropertiesLoaderSupport.java:172] Loading properties file from class path resource [db/db.properties]
19:46:02.393 [localhost-startStop-1] INFO  o.s.b.f.a.AutowiredAnnotationBeanPostProcessor [AutowiredAnnotationBeanPostProcessor.java:153] JSR-330 'javax.inject.Inject' annotation found and supported for autowiring
19:46:02.940 [localhost-startStop-1] INFO  o.s.w.s.m.m.a.RequestMappingHandlerMapping [AbstractHandlerMethodMapping.java:217] Mapped "{[/test/world],methods=[],params=[],headers=[],consumes=[],produces=[],custom=[]}" onto public java.lang.String com.luju.ygz.dc.controller.DcController.processDcData()
19:46:02.940 [localhost-startStop-1] INFO  o.s.w.s.m.m.a.RequestMappingHandlerMapping [AbstractHandlerMethodMapping.java:217] Mapped "{[/test/hello],methods=[],params=[],headers=[],consumes=[],produces=[],custom=[]}" onto public java.lang.String com.luju.ygz.dc.controller.DcController.test()
19:46:02.955 [localhost-startStop-1] INFO  o.s.w.s.m.m.a.RequestMappingHandlerMapping [AbstractHandlerMethodMapping.java:217] Mapped "{[/luju/updateSource],methods=[],params=[],headers=[],consumes=[],produces=[],custom=[]}" onto public java.util.Map<java.lang.String, java.util.List<com.luju.pojo.DcPlanInfo>> com.luju.ygz.ShowController.updateSource(com.luju.pojo.DcPlanInfo)
19:46:02.955 [localhost-startStop-1] INFO  o.s.w.s.m.m.a.RequestMappingHandlerMapping [AbstractHandlerMethodMapping.java:217] Mapped "{[/luju/textarea],methods=[POST],params=[],headers=[],consumes=[],produces=[],custom=[]}" onto public java.lang.String com.luju.ygz.ShowController.textarea(javax.servlet.http.HttpServletRequest)
19:46:02.955 [localhost-startStop-1] INFO  o.s.w.s.m.m.a.RequestMappingHandlerMapping [AbstractHandlerMethodMapping.java:217] Mapped "{[/luju/jcPlan],methods=[],params=[],headers=[],consumes=[],produces=[],custom=[]}" onto public org.springframework.web.servlet.ModelAndView com.luju.ygz.ShowController.allJcDataNew()
19:46:02.955 [localhost-startStop-1] INFO  o.s.w.s.m.m.a.RequestMappingHandlerMapping [AbstractHandlerMethodMapping.java:217] Mapped "{[/luju/route],methods=[],params=[],headers=[],consumes=[],produces=[],custom=[]}" onto public java.lang.String com.luju.ygz.ShowController.routeLogin()
19:46:02.955 [localhost-startStop-1] INFO  o.s.w.s.m.m.a.RequestMappingHandlerMapping [AbstractHandlerMethodMapping.java:217] Mapped "{[/luju/time],methods=[POST],params=[],headers=[],consumes=[],produces=[],custom=[]}" onto public java.util.List<com.luju.pojo.StatisticsInfo> com.luju.ygz.ShowController.list4Time(java.lang.String)
19:46:02.955 [localhost-startStop-1] INFO  o.s.w.s.m.m.a.RequestMappingHandlerMapping [AbstractHandlerMethodMapping.java:217] Mapped "{[/luju/zyPlan],methods=[],params=[],headers=[],consumes=[],produces=[],custom=[]}" onto public org.springframework.web.servlet.ModelAndView com.luju.ygz.ShowController.allJcData()
19:46:02.955 [localhost-startStop-1] INFO  o.s.w.s.m.m.a.RequestMappingHandlerMapping [AbstractHandlerMethodMapping.java:217] Mapped "{[/luju/statistics],methods=[GET],params=[],headers=[],consumes=[],produces=[],custom=[]}" onto public org.springframework.web.servlet.ModelAndView com.luju.ygz.ShowController.toStatistics()
19:46:02.955 [localhost-startStop-1] INFO  o.s.w.s.m.m.a.RequestMappingHandlerMapping [AbstractHandlerMethodMapping.java:217] Mapped "{[/luju/login],methods=[POST],params=[],headers=[],consumes=[],produces=[],custom=[]}" onto public java.lang.String com.luju.ygz.ShowController.test(javax.servlet.http.HttpServletRequest)
19:46:02.955 [localhost-startStop-1] INFO  o.s.w.s.m.m.a.RequestMappingHandlerMapping [AbstractHandlerMethodMapping.java:217] Mapped "{[/luju/updateDestination],methods=[],params=[],headers=[],consumes=[],produces=[],custom=[]}" onto public java.util.Map<java.lang.String, java.util.List<com.luju.pojo.DcPlanInfo>> com.luju.ygz.ShowController.updateDestination(com.luju.pojo.DcPlanInfo)
19:46:02.955 [localhost-startStop-1] INFO  o.s.w.s.m.m.a.RequestMappingHandlerMapping [AbstractHandlerMethodMapping.java:217] Mapped "{[/luju/selectTextarea],methods=[POST],params=[],headers=[],consumes=[],produces=[],custom=[]}" onto public java.util.List<com.luju.pojo.TextareaInfo> com.luju.ygz.ShowController.selectTextarea(com.luju.pojo.TextareaInfo)
19:46:02.955 [localhost-startStop-1] INFO  o.s.w.s.m.m.a.RequestMappingHandlerMapping [AbstractHandlerMethodMapping.java:217] Mapped "{[/luju/hello],methods=[],params=[],headers=[],consumes=[],produces=[],custom=[]}" onto public java.lang.String com.luju.ygz.test.controller.TestController.test()
19:46:02.955 [localhost-startStop-1] INFO  o.s.w.s.m.m.a.RequestMappingHandlerMapping [AbstractHandlerMethodMapping.java:217] Mapped "{[/luju/world],methods=[],params=[],headers=[],consumes=[],produces=[],custom=[]}" onto public java.lang.String com.luju.ygz.test.controller.TestController.dataFromCopyToOne()
19:46:02.955 [localhost-startStop-1] INFO  o.s.w.s.m.m.a.RequestMappingHandlerMapping [AbstractHandlerMethodMapping.java:217] Mapped "{[/luju/xzPlan],methods=[],params=[],headers=[],consumes=[],produces=[],custom=[]}" onto public org.springframework.web.servlet.ModelAndView com.luju.ygz.xz.controller.XzController.allXzData()
19:46:02.955 [localhost-startStop-1] INFO  o.s.w.s.m.m.a.RequestMappingHandlerMapping [AbstractHandlerMethodMapping.java:217] Mapped "{[/about/index],methods=[],params=[],headers=[],consumes=[],produces=[],custom=[]}" onto public java.lang.String com.luju.ygz.about.controller.AboutUsController.aboutUs()
19:46:03.455 [localhost-startStop-1] INFO  o.s.w.s.m.m.a.RequestMappingHandlerAdapter [RequestMappingHandlerAdapter.java:517] Looking for @ControllerAdvice: WebApplicationContext for namespace 'springServlet-servlet': startup date [Mon Nov 13 19:46:01 CST 2017]; parent: Root WebApplicationContext
19:46:03.519 [localhost-startStop-1] INFO  o.s.w.s.m.m.a.RequestMappingHandlerAdapter [RequestMappingHandlerAdapter.java:517] Looking for @ControllerAdvice: WebApplicationContext for namespace 'springServlet-servlet': startup date [Mon Nov 13 19:46:01 CST 2017]; parent: Root WebApplicationContext
19:46:03.609 [localhost-startStop-1] INFO  o.s.w.s.h.SimpleUrlHandlerMapping [AbstractUrlHandlerMapping.java:314] Mapped URL path [/static/**] onto handler 'org.springframework.web.servlet.resource.ResourceHttpRequestHandler#0'
19:46:03.630 [localhost-startStop-1] INFO  o.s.w.s.m.m.a.RequestMappingHandlerAdapter [RequestMappingHandlerAdapter.java:517] Looking for @ControllerAdvice: WebApplicationContext for namespace 'springServlet-servlet': startup date [Mon Nov 13 19:46:01 CST 2017]; parent: Root WebApplicationContext
19:46:03.676 [localhost-startStop-1] INFO  o.s.web.servlet.DispatcherServlet [FrameworkServlet.java:503] FrameworkServlet 'springServlet': initialization completed in 1705 ms
19:48:01.515 [pool-2-thread-1] ERROR o.s.s.s.TaskUtils$LoggingErrorHandler [TaskUtils.java:95] Unexpected error occurred in scheduled task.
java.lang.NullPointerException: null
	at luju.common.util.DataProcess.jcTimeList(DataProcess.java:32)
	at com.luju.ygz.test.service.impl.TestServiceImpl.selectPlanDataFromOra(TestServiceImpl.java:22)
	at com.luju.ygz.dc.controller.AutoSelectDataFromOra.AutoSelectDataFromOra(AutoSelectDataFromOra.java:24)
	at sun.reflect.NativeMethodAccessorImpl.invoke0(Native Method)
	at sun.reflect.NativeMethodAccessorImpl.invoke(NativeMethodAccessorImpl.java:57)
	at sun.reflect.DelegatingMethodAccessorImpl.invoke(DelegatingMethodAccessorImpl.java:43)
	at java.lang.reflect.Method.invoke(Method.java:606)
	at org.springframework.scheduling.support.ScheduledMethodRunnable.run(ScheduledMethodRunnable.java:65)
	at org.springframework.scheduling.support.DelegatingErrorHandlingRunnable.run(DelegatingErrorHandlingRunnable.java:54)
	at org.springframework.scheduling.concurrent.ReschedulingRunnable.run(ReschedulingRunnable.java:81)
	at java.util.concurrent.Executors$RunnableAdapter.call(Executors.java:471)
	at java.util.concurrent.FutureTask.run(FutureTask.java:262)
	at java.util.concurrent.ScheduledThreadPoolExecutor$ScheduledFutureTask.access$201(ScheduledThreadPoolExecutor.java:178)
	at java.util.concurrent.ScheduledThreadPoolExecutor$ScheduledFutureTask.run(ScheduledThreadPoolExecutor.java:292)
	at java.util.concurrent.ThreadPoolExecutor.runWorker(ThreadPoolExecutor.java:1145)
	at java.util.concurrent.ThreadPoolExecutor$Worker.run(ThreadPoolExecutor.java:615)
	at java.lang.Thread.run(Thread.java:745)
19:51:55.905 [localhost-startStop-1] INFO  o.s.web.context.ContextLoader [ContextLoader.java:285] Root WebApplicationContext: initialization started
19:51:55.967 [localhost-startStop-1] INFO  o.s.w.c.s.XmlWebApplicationContext [AbstractApplicationContext.java:510] Refreshing Root WebApplicationContext: startup date [Mon Nov 13 19:51:55 CST 2017]; root of context hierarchy
19:51:55.983 [localhost-startStop-1] INFO  o.s.b.f.xml.XmlBeanDefinitionReader [XmlBeanDefinitionReader.java:317] Loading XML bean definitions from class path resource [spring/task-context.xml]
19:51:56.108 [localhost-startStop-1] INFO  o.s.web.context.ContextLoader [ContextLoader.java:325] Root WebApplicationContext: initialization completed in 203 ms
19:51:56.155 [localhost-startStop-1] INFO  o.s.web.servlet.DispatcherServlet [FrameworkServlet.java:484] FrameworkServlet 'springServlet': initialization started
19:51:56.155 [localhost-startStop-1] INFO  o.s.w.c.s.XmlWebApplicationContext [AbstractApplicationContext.java:510] Refreshing WebApplicationContext for namespace 'springServlet-servlet': startup date [Mon Nov 13 19:51:56 CST 2017]; parent: Root WebApplicationContext
19:51:56.155 [localhost-startStop-1] INFO  o.s.b.f.xml.XmlBeanDefinitionReader [XmlBeanDefinitionReader.java:317] Loading XML bean definitions from class path resource [spring/servlet-context.xml]
19:51:56.327 [localhost-startStop-1] INFO  o.s.b.f.xml.XmlBeanDefinitionReader [XmlBeanDefinitionReader.java:317] Loading XML bean definitions from class path resource [spring/task-context.xml]
19:51:56.577 [localhost-startStop-1] INFO  o.s.c.s.PropertySourcesPlaceholderConfigurer [PropertiesLoaderSupport.java:172] Loading properties file from class path resource [db/db.properties]
19:51:56.592 [localhost-startStop-1] INFO  o.s.c.s.PropertySourcesPlaceholderConfigurer [PropertiesLoaderSupport.java:172] Loading properties file from class path resource [db/db.properties]
19:51:56.592 [localhost-startStop-1] INFO  o.s.b.f.a.AutowiredAnnotationBeanPostProcessor [AutowiredAnnotationBeanPostProcessor.java:153] JSR-330 'javax.inject.Inject' annotation found and supported for autowiring
19:51:57.077 [localhost-startStop-1] INFO  o.s.w.s.m.m.a.RequestMappingHandlerMapping [AbstractHandlerMethodMapping.java:217] Mapped "{[/test/hello],methods=[],params=[],headers=[],consumes=[],produces=[],custom=[]}" onto public java.lang.String com.luju.ygz.dc.controller.DcController.test()
19:51:57.077 [localhost-startStop-1] INFO  o.s.w.s.m.m.a.RequestMappingHandlerMapping [AbstractHandlerMethodMapping.java:217] Mapped "{[/test/world],methods=[],params=[],headers=[],consumes=[],produces=[],custom=[]}" onto public java.lang.String com.luju.ygz.dc.controller.DcController.processDcData()
19:51:57.077 [localhost-startStop-1] INFO  o.s.w.s.m.m.a.RequestMappingHandlerMapping [AbstractHandlerMethodMapping.java:217] Mapped "{[/luju/login],methods=[POST],params=[],headers=[],consumes=[],produces=[],custom=[]}" onto public java.lang.String com.luju.ygz.ShowController.test(javax.servlet.http.HttpServletRequest)
19:51:57.077 [localhost-startStop-1] INFO  o.s.w.s.m.m.a.RequestMappingHandlerMapping [AbstractHandlerMethodMapping.java:217] Mapped "{[/luju/updateDestination],methods=[],params=[],headers=[],consumes=[],produces=[],custom=[]}" onto public java.util.Map<java.lang.String, java.util.List<com.luju.pojo.DcPlanInfo>> com.luju.ygz.ShowController.updateDestination(com.luju.pojo.DcPlanInfo)
19:51:57.077 [localhost-startStop-1] INFO  o.s.w.s.m.m.a.RequestMappingHandlerMapping [AbstractHandlerMethodMapping.java:217] Mapped "{[/luju/selectTextarea],methods=[POST],params=[],headers=[],consumes=[],produces=[],custom=[]}" onto public java.util.List<com.luju.pojo.TextareaInfo> com.luju.ygz.ShowController.selectTextarea(com.luju.pojo.TextareaInfo)
19:51:57.077 [localhost-startStop-1] INFO  o.s.w.s.m.m.a.RequestMappingHandlerMapping [AbstractHandlerMethodMapping.java:217] Mapped "{[/luju/updateSource],methods=[],params=[],headers=[],consumes=[],produces=[],custom=[]}" onto public java.util.Map<java.lang.String, java.util.List<com.luju.pojo.DcPlanInfo>> com.luju.ygz.ShowController.updateSource(com.luju.pojo.DcPlanInfo)
19:51:57.077 [localhost-startStop-1] INFO  o.s.w.s.m.m.a.RequestMappingHandlerMapping [AbstractHandlerMethodMapping.java:217] Mapped "{[/luju/route],methods=[],params=[],headers=[],consumes=[],produces=[],custom=[]}" onto public java.lang.String com.luju.ygz.ShowController.routeLogin()
19:51:57.077 [localhost-startStop-1] INFO  o.s.w.s.m.m.a.RequestMappingHandlerMapping [AbstractHandlerMethodMapping.java:217] Mapped "{[/luju/textarea],methods=[POST],params=[],headers=[],consumes=[],produces=[],custom=[]}" onto public java.lang.String com.luju.ygz.ShowController.textarea(javax.servlet.http.HttpServletRequest)
19:51:57.077 [localhost-startStop-1] INFO  o.s.w.s.m.m.a.RequestMappingHandlerMapping [AbstractHandlerMethodMapping.java:217] Mapped "{[/luju/statistics],methods=[GET],params=[],headers=[],consumes=[],produces=[],custom=[]}" onto public org.springframework.web.servlet.ModelAndView com.luju.ygz.ShowController.toStatistics()
19:51:57.077 [localhost-startStop-1] INFO  o.s.w.s.m.m.a.RequestMappingHandlerMapping [AbstractHandlerMethodMapping.java:217] Mapped "{[/luju/zyPlan],methods=[],params=[],headers=[],consumes=[],produces=[],custom=[]}" onto public org.springframework.web.servlet.ModelAndView com.luju.ygz.ShowController.allJcData()
19:51:57.077 [localhost-startStop-1] INFO  o.s.w.s.m.m.a.RequestMappingHandlerMapping [AbstractHandlerMethodMapping.java:217] Mapped "{[/luju/jcPlan],methods=[],params=[],headers=[],consumes=[],produces=[],custom=[]}" onto public org.springframework.web.servlet.ModelAndView com.luju.ygz.ShowController.allJcDataNew()
19:51:57.077 [localhost-startStop-1] INFO  o.s.w.s.m.m.a.RequestMappingHandlerMapping [AbstractHandlerMethodMapping.java:217] Mapped "{[/luju/time],methods=[POST],params=[],headers=[],consumes=[],produces=[],custom=[]}" onto public java.util.List<com.luju.pojo.StatisticsInfo> com.luju.ygz.ShowController.list4Time(java.lang.String)
19:51:57.077 [localhost-startStop-1] INFO  o.s.w.s.m.m.a.RequestMappingHandlerMapping [AbstractHandlerMethodMapping.java:217] Mapped "{[/luju/hello],methods=[],params=[],headers=[],consumes=[],produces=[],custom=[]}" onto public java.lang.String com.luju.ygz.test.controller.TestController.test()
19:51:57.077 [localhost-startStop-1] INFO  o.s.w.s.m.m.a.RequestMappingHandlerMapping [AbstractHandlerMethodMapping.java:217] Mapped "{[/luju/world],methods=[],params=[],headers=[],consumes=[],produces=[],custom=[]}" onto public java.lang.String com.luju.ygz.test.controller.TestController.dataFromCopyToOne()
19:51:57.077 [localhost-startStop-1] INFO  o.s.w.s.m.m.a.RequestMappingHandlerMapping [AbstractHandlerMethodMapping.java:217] Mapped "{[/luju/xzPlan],methods=[],params=[],headers=[],consumes=[],produces=[],custom=[]}" onto public org.springframework.web.servlet.ModelAndView com.luju.ygz.xz.controller.XzController.allXzData()
19:51:57.092 [localhost-startStop-1] INFO  o.s.w.s.m.m.a.RequestMappingHandlerMapping [AbstractHandlerMethodMapping.java:217] Mapped "{[/about/index],methods=[],params=[],headers=[],consumes=[],produces=[],custom=[]}" onto public java.lang.String com.luju.ygz.about.controller.AboutUsController.aboutUs()
19:51:57.467 [localhost-startStop-1] INFO  o.s.w.s.m.m.a.RequestMappingHandlerAdapter [RequestMappingHandlerAdapter.java:517] Looking for @ControllerAdvice: WebApplicationContext for namespace 'springServlet-servlet': startup date [Mon Nov 13 19:51:56 CST 2017]; parent: Root WebApplicationContext
19:51:57.514 [localhost-startStop-1] INFO  o.s.w.s.m.m.a.RequestMappingHandlerAdapter [RequestMappingHandlerAdapter.java:517] Looking for @ControllerAdvice: WebApplicationContext for namespace 'springServlet-servlet': startup date [Mon Nov 13 19:51:56 CST 2017]; parent: Root WebApplicationContext
19:51:57.608 [localhost-startStop-1] INFO  o.s.w.s.h.SimpleUrlHandlerMapping [AbstractUrlHandlerMapping.java:314] Mapped URL path [/static/**] onto handler 'org.springframework.web.servlet.resource.ResourceHttpRequestHandler#0'
19:51:57.623 [localhost-startStop-1] INFO  o.s.w.s.m.m.a.RequestMappingHandlerAdapter [RequestMappingHandlerAdapter.java:517] Looking for @ControllerAdvice: WebApplicationContext for namespace 'springServlet-servlet': startup date [Mon Nov 13 19:51:56 CST 2017]; parent: Root WebApplicationContext
19:51:57.686 [localhost-startStop-1] INFO  o.s.web.servlet.DispatcherServlet [FrameworkServlet.java:503] FrameworkServlet 'springServlet': initialization completed in 1531 ms
20:00:01.887 [pool-2-thread-1] ERROR o.s.s.s.TaskUtils$LoggingErrorHandler [TaskUtils.java:95] Unexpected error occurred in scheduled task.
java.lang.NullPointerException: null
	at luju.common.util.DataProcess.jcTimeList(DataProcess.java:32)
	at com.luju.ygz.test.service.impl.TestServiceImpl.selectPlanDataFromOra(TestServiceImpl.java:22)
	at com.luju.ygz.dc.controller.AutoSelectDataFromOra.AutoSelectDataFromOra(AutoSelectDataFromOra.java:24)
	at sun.reflect.NativeMethodAccessorImpl.invoke0(Native Method)
	at sun.reflect.NativeMethodAccessorImpl.invoke(NativeMethodAccessorImpl.java:57)
	at sun.reflect.DelegatingMethodAccessorImpl.invoke(DelegatingMethodAccessorImpl.java:43)
	at java.lang.reflect.Method.invoke(Method.java:606)
	at org.springframework.scheduling.support.ScheduledMethodRunnable.run(ScheduledMethodRunnable.java:65)
	at org.springframework.scheduling.support.DelegatingErrorHandlingRunnable.run(DelegatingErrorHandlingRunnable.java:54)
	at org.springframework.scheduling.concurrent.ReschedulingRunnable.run(ReschedulingRunnable.java:81)
	at java.util.concurrent.Executors$RunnableAdapter.call(Executors.java:471)
	at java.util.concurrent.FutureTask.run(FutureTask.java:262)
	at java.util.concurrent.ScheduledThreadPoolExecutor$ScheduledFutureTask.access$201(ScheduledThreadPoolExecutor.java:178)
	at java.util.concurrent.ScheduledThreadPoolExecutor$ScheduledFutureTask.run(ScheduledThreadPoolExecutor.java:292)
	at java.util.concurrent.ThreadPoolExecutor.runWorker(ThreadPoolExecutor.java:1145)
	at java.util.concurrent.ThreadPoolExecutor$Worker.run(ThreadPoolExecutor.java:615)
	at java.lang.Thread.run(Thread.java:745)
20:45:01.233 [pool-2-thread-1] ERROR o.s.s.s.TaskUtils$LoggingErrorHandler [TaskUtils.java:95] Unexpected error occurred in scheduled task.
java.lang.NullPointerException: null
	at luju.common.util.DataProcess.jcTimeList(DataProcess.java:32)
	at com.luju.ygz.test.service.impl.TestServiceImpl.selectPlanDataFromOra(TestServiceImpl.java:22)
	at com.luju.ygz.dc.controller.AutoSelectDataFromOra.AutoSelectDataFromOra(AutoSelectDataFromOra.java:24)
	at sun.reflect.NativeMethodAccessorImpl.invoke0(Native Method)
	at sun.reflect.NativeMethodAccessorImpl.invoke(NativeMethodAccessorImpl.java:57)
	at sun.reflect.DelegatingMethodAccessorImpl.invoke(DelegatingMethodAccessorImpl.java:43)
	at java.lang.reflect.Method.invoke(Method.java:606)
	at org.springframework.scheduling.support.ScheduledMethodRunnable.run(ScheduledMethodRunnable.java:65)
	at org.springframework.scheduling.support.DelegatingErrorHandlingRunnable.run(DelegatingErrorHandlingRunnable.java:54)
	at org.springframework.scheduling.concurrent.ReschedulingRunnable.run(ReschedulingRunnable.java:81)
	at java.util.concurrent.Executors$RunnableAdapter.call(Executors.java:471)
	at java.util.concurrent.FutureTask.run(FutureTask.java:262)
	at java.util.concurrent.ScheduledThreadPoolExecutor$ScheduledFutureTask.access$201(ScheduledThreadPoolExecutor.java:178)
	at java.util.concurrent.ScheduledThreadPoolExecutor$ScheduledFutureTask.run(ScheduledThreadPoolExecutor.java:292)
	at java.util.concurrent.ThreadPoolExecutor.runWorker(ThreadPoolExecutor.java:1145)
	at java.util.concurrent.ThreadPoolExecutor$Worker.run(ThreadPoolExecutor.java:615)
	at java.lang.Thread.run(Thread.java:745)
