19:00:37.021 [localhost-startStop-1] INFO  o.s.web.context.ContextLoader [ContextLoader.java:285] Root WebApplicationContext: initialization started
19:00:37.182 [localhost-startStop-1] INFO  o.s.w.c.s.XmlWebApplicationContext [AbstractApplicationContext.java:510] Refreshing Root WebApplicationContext: startup date [Mon Mar 12 19:00:37 CST 2018]; root of context hierarchy
19:00:37.222 [localhost-startStop-1] INFO  o.s.b.f.xml.XmlBeanDefinitionReader [XmlBeanDefinitionReader.java:317] Loading XML bean definitions from class path resource [spring/task-context.xml]
19:00:37.612 [localhost-startStop-1] INFO  o.s.web.context.ContextLoader [ContextLoader.java:325] Root WebApplicationContext: initialization completed in 591 ms
19:00:37.662 [localhost-startStop-1] INFO  o.s.web.servlet.DispatcherServlet [FrameworkServlet.java:484] FrameworkServlet 'springServlet': initialization started
19:00:37.662 [localhost-startStop-1] INFO  o.s.w.c.s.XmlWebApplicationContext [AbstractApplicationContext.java:510] Refreshing WebApplicationContext for namespace 'springServlet-servlet': startup date [Mon Mar 12 19:00:37 CST 2018]; parent: Root WebApplicationContext
19:00:37.662 [localhost-startStop-1] INFO  o.s.b.f.xml.XmlBeanDefinitionReader [XmlBeanDefinitionReader.java:317] Loading XML bean definitions from class path resource [spring/servlet-context.xml]
19:00:38.032 [localhost-startStop-1] INFO  o.s.b.f.xml.XmlBeanDefinitionReader [XmlBeanDefinitionReader.java:317] Loading XML bean definitions from class path resource [spring/task-context.xml]
19:00:38.422 [localhost-startStop-1] INFO  o.s.c.s.PropertySourcesPlaceholderConfigurer [PropertiesLoaderSupport.java:172] Loading properties file from class path resource [db/db.properties]
19:00:38.442 [localhost-startStop-1] INFO  o.s.c.s.PropertySourcesPlaceholderConfigurer [PropertiesLoaderSupport.java:172] Loading properties file from class path resource [db/db.properties]
19:00:38.452 [localhost-startStop-1] INFO  o.s.b.f.a.AutowiredAnnotationBeanPostProcessor [AutowiredAnnotationBeanPostProcessor.java:153] JSR-330 'javax.inject.Inject' annotation found and supported for autowiring
19:00:39.212 [localhost-startStop-1] INFO  o.s.w.s.m.m.a.RequestMappingHandlerMapping [AbstractHandlerMethodMapping.java:217] Mapped "{[/test/hello],methods=[],params=[],headers=[],consumes=[],produces=[],custom=[]}" onto public java.lang.String com.luju.ygz.dc.controller.DcController.test()
19:00:39.212 [localhost-startStop-1] INFO  o.s.w.s.m.m.a.RequestMappingHandlerMapping [AbstractHandlerMethodMapping.java:217] Mapped "{[/test/world],methods=[],params=[],headers=[],consumes=[],produces=[],custom=[]}" onto public java.lang.String com.luju.ygz.dc.controller.DcController.processDcData()
19:00:39.222 [localhost-startStop-1] INFO  o.s.w.s.m.m.a.RequestMappingHandlerMapping [AbstractHandlerMethodMapping.java:217] Mapped "{[/fc/test],methods=[],params=[],headers=[],consumes=[],produces=[],custom=[]}" onto public java.lang.String com.luju.ygz.fc.controller.FcController.test()
19:00:39.222 [localhost-startStop-1] INFO  o.s.w.s.m.m.a.RequestMappingHandlerMapping [AbstractHandlerMethodMapping.java:217] Mapped "{[/luju/updatesDestination],methods=[],params=[],headers=[],consumes=[],produces=[],custom=[]}" onto public java.util.Map<java.lang.String, java.util.List<com.luju.pojo.DcPlanInfo>> com.luju.ygz.sd.controller.SdController.updateDestination(com.luju.pojo.DcPlanInfo)
19:00:39.222 [localhost-startStop-1] INFO  o.s.w.s.m.m.a.RequestMappingHandlerMapping [AbstractHandlerMethodMapping.java:217] Mapped "{[/luju/updatesSource],methods=[],params=[],headers=[],consumes=[],produces=[],custom=[]}" onto public java.util.Map<java.lang.String, java.util.List<com.luju.pojo.DcPlanInfo>> com.luju.ygz.sd.controller.SdController.updateSource(com.luju.pojo.DcPlanInfo)
19:00:39.222 [localhost-startStop-1] INFO  o.s.w.s.m.m.a.RequestMappingHandlerMapping [AbstractHandlerMethodMapping.java:217] Mapped "{[/luju/sdPlan],methods=[],params=[],headers=[],consumes=[],produces=[],custom=[]}" onto public org.springframework.web.servlet.ModelAndView com.luju.ygz.sd.controller.SdController.sdPlan()
19:00:39.222 [localhost-startStop-1] INFO  o.s.w.s.m.m.a.RequestMappingHandlerMapping [AbstractHandlerMethodMapping.java:217] Mapped "{[/luju/sfPlan],methods=[],params=[],headers=[],consumes=[],produces=[],custom=[]}" onto public org.springframework.web.servlet.ModelAndView com.luju.ygz.sf.controller.SfController.xfData()
19:00:39.222 [localhost-startStop-1] INFO  o.s.w.s.m.m.a.RequestMappingHandlerMapping [AbstractHandlerMethodMapping.java:217] Mapped "{[/luju/login],methods=[POST],params=[],headers=[],consumes=[],produces=[],custom=[]}" onto public java.lang.String com.luju.ygz.ShowController.test(javax.servlet.http.HttpServletRequest)
19:00:39.222 [localhost-startStop-1] INFO  o.s.w.s.m.m.a.RequestMappingHandlerMapping [AbstractHandlerMethodMapping.java:217] Mapped "{[/luju/updateDestination],methods=[],params=[],headers=[],consumes=[],produces=[],custom=[]}" onto public java.util.Map<java.lang.String, java.util.List<com.luju.pojo.DcPlanInfo>> com.luju.ygz.ShowController.updateDestination(com.luju.pojo.DcPlanInfo)
19:00:39.222 [localhost-startStop-1] INFO  o.s.w.s.m.m.a.RequestMappingHandlerMapping [AbstractHandlerMethodMapping.java:217] Mapped "{[/luju/selectTextarea],methods=[POST],params=[],headers=[],consumes=[],produces=[],custom=[]}" onto public java.util.List<com.luju.pojo.TextareaInfo> com.luju.ygz.ShowController.selectTextarea(com.luju.pojo.TextareaInfo)
19:00:39.222 [localhost-startStop-1] INFO  o.s.w.s.m.m.a.RequestMappingHandlerMapping [AbstractHandlerMethodMapping.java:217] Mapped "{[/luju/updateSource],methods=[],params=[],headers=[],consumes=[],produces=[],custom=[]}" onto public java.util.Map<java.lang.String, java.util.List<com.luju.pojo.DcPlanInfo>> com.luju.ygz.ShowController.updateSource(com.luju.pojo.DcPlanInfo)
19:00:39.222 [localhost-startStop-1] INFO  o.s.w.s.m.m.a.RequestMappingHandlerMapping [AbstractHandlerMethodMapping.java:217] Mapped "{[/luju/zyPlan],methods=[],params=[],headers=[],consumes=[],produces=[],custom=[]}" onto public org.springframework.web.servlet.ModelAndView com.luju.ygz.ShowController.allJcData()
19:00:39.222 [localhost-startStop-1] INFO  o.s.w.s.m.m.a.RequestMappingHandlerMapping [AbstractHandlerMethodMapping.java:217] Mapped "{[/luju/route],methods=[],params=[],headers=[],consumes=[],produces=[],custom=[]}" onto public java.lang.String com.luju.ygz.ShowController.routeLogin()
19:00:39.222 [localhost-startStop-1] INFO  o.s.w.s.m.m.a.RequestMappingHandlerMapping [AbstractHandlerMethodMapping.java:217] Mapped "{[/luju/jcPlan],methods=[],params=[],headers=[],consumes=[],produces=[],custom=[]}" onto public org.springframework.web.servlet.ModelAndView com.luju.ygz.ShowController.allJcDataNew()
19:00:39.222 [localhost-startStop-1] INFO  o.s.w.s.m.m.a.RequestMappingHandlerMapping [AbstractHandlerMethodMapping.java:217] Mapped "{[/luju/time],methods=[POST],params=[],headers=[],consumes=[],produces=[],custom=[]}" onto public java.util.List<com.luju.pojo.StatisticsInfo> com.luju.ygz.ShowController.list4Time(java.lang.String)
19:00:39.222 [localhost-startStop-1] INFO  o.s.w.s.m.m.a.RequestMappingHandlerMapping [AbstractHandlerMethodMapping.java:217] Mapped "{[/luju/textarea],methods=[POST],params=[],headers=[],consumes=[],produces=[],custom=[]}" onto public java.lang.String com.luju.ygz.ShowController.textarea(javax.servlet.http.HttpServletRequest)
19:00:39.232 [localhost-startStop-1] INFO  o.s.w.s.m.m.a.RequestMappingHandlerMapping [AbstractHandlerMethodMapping.java:217] Mapped "{[/luju/statistics],methods=[GET],params=[],headers=[],consumes=[],produces=[],custom=[]}" onto public org.springframework.web.servlet.ModelAndView com.luju.ygz.ShowController.toStatistics()
19:00:39.232 [localhost-startStop-1] INFO  o.s.w.s.m.m.a.RequestMappingHandlerMapping [AbstractHandlerMethodMapping.java:217] Mapped "{[/luju/statistics/index],methods=[],params=[],headers=[],consumes=[],produces=[],custom=[]}" onto public org.springframework.web.servlet.ModelAndView com.luju.ygz.statistics.controller.StatisticsController.statistic()
19:00:39.232 [localhost-startStop-1] INFO  o.s.w.s.m.m.a.RequestMappingHandlerMapping [AbstractHandlerMethodMapping.java:217] Mapped "{[/luju/statistics/all],methods=[],params=[],headers=[],consumes=[],produces=[],custom=[]}" onto public java.util.Map<java.lang.String, java.util.List<com.luju.pojo.StatisticsInfo>> com.luju.ygz.statistics.controller.StatisticsController.allConfict()
19:00:39.232 [localhost-startStop-1] INFO  o.s.w.s.m.m.a.RequestMappingHandlerMapping [AbstractHandlerMethodMapping.java:217] Mapped "{[/luju/sxPlan],methods=[],params=[],headers=[],consumes=[],produces=[],custom=[]}" onto public org.springframework.web.servlet.ModelAndView com.luju.ygz.sx.controller.SxController.sdPlan()
19:00:39.232 [localhost-startStop-1] INFO  o.s.w.s.m.m.a.RequestMappingHandlerMapping [AbstractHandlerMethodMapping.java:217] Mapped "{[/luju/szPlan],methods=[],params=[],headers=[],consumes=[],produces=[],custom=[]}" onto public org.springframework.web.servlet.ModelAndView com.luju.ygz.sz.controller.SzController.allSzData()
19:00:39.232 [localhost-startStop-1] INFO  o.s.w.s.m.m.a.RequestMappingHandlerMapping [AbstractHandlerMethodMapping.java:217] Mapped "{[/luju/hello],methods=[],params=[],headers=[],consumes=[],produces=[],custom=[]}" onto public java.lang.String com.luju.ygz.test.controller.TestController.test()
19:00:39.232 [localhost-startStop-1] INFO  o.s.w.s.m.m.a.RequestMappingHandlerMapping [AbstractHandlerMethodMapping.java:217] Mapped "{[/luju/world],methods=[],params=[],headers=[],consumes=[],produces=[],custom=[]}" onto public java.lang.String com.luju.ygz.test.controller.TestController.dataFromCopyToOne()
19:00:39.232 [localhost-startStop-1] INFO  o.s.w.s.m.m.a.RequestMappingHandlerMapping [AbstractHandlerMethodMapping.java:217] Mapped "{[/luju/test],methods=[],params=[],headers=[],consumes=[],produces=[],custom=[]}" onto public org.springframework.web.servlet.ModelAndView com.luju.ygz.test.controller.TestController.test1()
19:00:39.232 [localhost-startStop-1] INFO  o.s.w.s.m.m.a.RequestMappingHandlerMapping [AbstractHandlerMethodMapping.java:217] Mapped "{[/luju/xfPlan],methods=[],params=[],headers=[],consumes=[],produces=[],custom=[]}" onto public org.springframework.web.servlet.ModelAndView com.luju.ygz.xf.controller.XfController.xfData()
19:00:39.232 [localhost-startStop-1] INFO  o.s.w.s.m.m.a.RequestMappingHandlerMapping [AbstractHandlerMethodMapping.java:217] Mapped "{[/luju/xxPlan],methods=[],params=[],headers=[],consumes=[],produces=[],custom=[]}" onto public org.springframework.web.servlet.ModelAndView com.luju.ygz.xx.controller.XxController.XxPlan()
19:00:39.242 [localhost-startStop-1] INFO  o.s.w.s.m.m.a.RequestMappingHandlerMapping [AbstractHandlerMethodMapping.java:217] Mapped "{[/luju/xzPlan],methods=[],params=[],headers=[],consumes=[],produces=[],custom=[]}" onto public org.springframework.web.servlet.ModelAndView com.luju.ygz.xz.controller.XzController.allXzData()
19:00:39.242 [localhost-startStop-1] INFO  o.s.w.s.m.m.a.RequestMappingHandlerMapping [AbstractHandlerMethodMapping.java:217] Mapped "{[/about/index],methods=[],params=[],headers=[],consumes=[],produces=[],custom=[]}" onto public java.lang.String com.luju.ygz.about.controller.AboutUsController.aboutUs()
19:00:39.802 [localhost-startStop-1] INFO  o.s.w.s.m.m.a.RequestMappingHandlerAdapter [RequestMappingHandlerAdapter.java:517] Looking for @ControllerAdvice: WebApplicationContext for namespace 'springServlet-servlet': startup date [Mon Mar 12 19:00:37 CST 2018]; parent: Root WebApplicationContext
19:00:39.852 [localhost-startStop-1] INFO  o.s.w.s.m.m.a.RequestMappingHandlerAdapter [RequestMappingHandlerAdapter.java:517] Looking for @ControllerAdvice: WebApplicationContext for namespace 'springServlet-servlet': startup date [Mon Mar 12 19:00:37 CST 2018]; parent: Root WebApplicationContext
19:00:39.952 [localhost-startStop-1] INFO  o.s.w.s.h.SimpleUrlHandlerMapping [AbstractUrlHandlerMapping.java:314] Mapped URL path [/static/**] onto handler 'org.springframework.web.servlet.resource.ResourceHttpRequestHandler#0'
19:00:40.002 [localhost-startStop-1] INFO  o.s.w.s.m.m.a.RequestMappingHandlerAdapter [RequestMappingHandlerAdapter.java:517] Looking for @ControllerAdvice: WebApplicationContext for namespace 'springServlet-servlet': startup date [Mon Mar 12 19:00:37 CST 2018]; parent: Root WebApplicationContext
19:00:40.072 [localhost-startStop-1] INFO  o.s.web.servlet.DispatcherServlet [FrameworkServlet.java:503] FrameworkServlet 'springServlet': initialization completed in 2410 ms
19:04:21.309 [pool-2-thread-1] ERROR o.s.s.s.TaskUtils$LoggingErrorHandler [TaskUtils.java:95] Unexpected error occurred in scheduled task.
java.lang.NullPointerException: null
	at luju.common.util.DataProcess.jcTimeList(DataProcess.java:34)
	at com.luju.ygz.test.service.impl.TestServiceImpl.selectPlanDataFromOra(TestServiceImpl.java:31)
	at com.luju.ygz.dc.controller.AutoSelectDataFromOra.AutoSelectDataFromOra(AutoSelectDataFromOra.java:28)
	at sun.reflect.NativeMethodAccessorImpl.invoke0(Native Method)
	at sun.reflect.NativeMethodAccessorImpl.invoke(NativeMethodAccessorImpl.java:57)
	at sun.reflect.DelegatingMethodAccessorImpl.invoke(DelegatingMethodAccessorImpl.java:43)
	at java.lang.reflect.Method.invoke(Method.java:606)
	at org.springframework.scheduling.support.ScheduledMethodRunnable.run(ScheduledMethodRunnable.java:65)
	at org.springframework.scheduling.support.DelegatingErrorHandlingRunnable.run(DelegatingErrorHandlingRunnable.java:54)
	at org.springframework.scheduling.concurrent.ReschedulingRunnable.run(ReschedulingRunnable.java:81)
	at java.util.concurrent.Executors$RunnableAdapter.call(Executors.java:471)
	at java.util.concurrent.FutureTask.run(FutureTask.java:262)
	at java.util.concurrent.ScheduledThreadPoolExecutor$ScheduledFutureTask.access$201(ScheduledThreadPoolExecutor.java:178)
	at java.util.concurrent.ScheduledThreadPoolExecutor$ScheduledFutureTask.run(ScheduledThreadPoolExecutor.java:292)
	at java.util.concurrent.ThreadPoolExecutor.runWorker(ThreadPoolExecutor.java:1145)
	at java.util.concurrent.ThreadPoolExecutor$Worker.run(ThreadPoolExecutor.java:615)
	at java.lang.Thread.run(Thread.java:745)
19:08:21.198 [pool-2-thread-1] ERROR o.s.s.s.TaskUtils$LoggingErrorHandler [TaskUtils.java:95] Unexpected error occurred in scheduled task.
java.lang.NullPointerException: null
	at luju.common.util.DataProcess.jcTimeList(DataProcess.java:34)
	at com.luju.ygz.test.service.impl.TestServiceImpl.selectPlanDataFromOra(TestServiceImpl.java:31)
	at com.luju.ygz.dc.controller.AutoSelectDataFromOra.AutoSelectDataFromOra(AutoSelectDataFromOra.java:28)
	at sun.reflect.NativeMethodAccessorImpl.invoke0(Native Method)
	at sun.reflect.NativeMethodAccessorImpl.invoke(NativeMethodAccessorImpl.java:57)
	at sun.reflect.DelegatingMethodAccessorImpl.invoke(DelegatingMethodAccessorImpl.java:43)
	at java.lang.reflect.Method.invoke(Method.java:606)
	at org.springframework.scheduling.support.ScheduledMethodRunnable.run(ScheduledMethodRunnable.java:65)
	at org.springframework.scheduling.support.DelegatingErrorHandlingRunnable.run(DelegatingErrorHandlingRunnable.java:54)
	at org.springframework.scheduling.concurrent.ReschedulingRunnable.run(ReschedulingRunnable.java:81)
	at java.util.concurrent.Executors$RunnableAdapter.call(Executors.java:471)
	at java.util.concurrent.FutureTask.run(FutureTask.java:262)
	at java.util.concurrent.ScheduledThreadPoolExecutor$ScheduledFutureTask.access$201(ScheduledThreadPoolExecutor.java:178)
	at java.util.concurrent.ScheduledThreadPoolExecutor$ScheduledFutureTask.run(ScheduledThreadPoolExecutor.java:292)
	at java.util.concurrent.ThreadPoolExecutor.runWorker(ThreadPoolExecutor.java:1145)
	at java.util.concurrent.ThreadPoolExecutor$Worker.run(ThreadPoolExecutor.java:615)
	at java.lang.Thread.run(Thread.java:745)
19:12:21.193 [pool-2-thread-1] ERROR o.s.s.s.TaskUtils$LoggingErrorHandler [TaskUtils.java:95] Unexpected error occurred in scheduled task.
java.lang.NullPointerException: null
	at luju.common.util.DataProcess.jcTimeList(DataProcess.java:34)
	at com.luju.ygz.test.service.impl.TestServiceImpl.selectPlanDataFromOra(TestServiceImpl.java:31)
	at com.luju.ygz.dc.controller.AutoSelectDataFromOra.AutoSelectDataFromOra(AutoSelectDataFromOra.java:28)
	at sun.reflect.NativeMethodAccessorImpl.invoke0(Native Method)
	at sun.reflect.NativeMethodAccessorImpl.invoke(NativeMethodAccessorImpl.java:57)
	at sun.reflect.DelegatingMethodAccessorImpl.invoke(DelegatingMethodAccessorImpl.java:43)
	at java.lang.reflect.Method.invoke(Method.java:606)
	at org.springframework.scheduling.support.ScheduledMethodRunnable.run(ScheduledMethodRunnable.java:65)
	at org.springframework.scheduling.support.DelegatingErrorHandlingRunnable.run(DelegatingErrorHandlingRunnable.java:54)
	at org.springframework.scheduling.concurrent.ReschedulingRunnable.run(ReschedulingRunnable.java:81)
	at java.util.concurrent.Executors$RunnableAdapter.call(Executors.java:471)
	at java.util.concurrent.FutureTask.run(FutureTask.java:262)
	at java.util.concurrent.ScheduledThreadPoolExecutor$ScheduledFutureTask.access$201(ScheduledThreadPoolExecutor.java:178)
	at java.util.concurrent.ScheduledThreadPoolExecutor$ScheduledFutureTask.run(ScheduledThreadPoolExecutor.java:292)
	at java.util.concurrent.ThreadPoolExecutor.runWorker(ThreadPoolExecutor.java:1145)
	at java.util.concurrent.ThreadPoolExecutor$Worker.run(ThreadPoolExecutor.java:615)
	at java.lang.Thread.run(Thread.java:745)
19:16:21.274 [pool-2-thread-1] ERROR o.s.s.s.TaskUtils$LoggingErrorHandler [TaskUtils.java:95] Unexpected error occurred in scheduled task.
java.lang.NullPointerException: null
	at luju.common.util.DataProcess.jcTimeList(DataProcess.java:34)
	at com.luju.ygz.test.service.impl.TestServiceImpl.selectPlanDataFromOra(TestServiceImpl.java:31)
	at com.luju.ygz.dc.controller.AutoSelectDataFromOra.AutoSelectDataFromOra(AutoSelectDataFromOra.java:28)
	at sun.reflect.NativeMethodAccessorImpl.invoke0(Native Method)
	at sun.reflect.NativeMethodAccessorImpl.invoke(NativeMethodAccessorImpl.java:57)
	at sun.reflect.DelegatingMethodAccessorImpl.invoke(DelegatingMethodAccessorImpl.java:43)
	at java.lang.reflect.Method.invoke(Method.java:606)
	at org.springframework.scheduling.support.ScheduledMethodRunnable.run(ScheduledMethodRunnable.java:65)
	at org.springframework.scheduling.support.DelegatingErrorHandlingRunnable.run(DelegatingErrorHandlingRunnable.java:54)
	at org.springframework.scheduling.concurrent.ReschedulingRunnable.run(ReschedulingRunnable.java:81)
	at java.util.concurrent.Executors$RunnableAdapter.call(Executors.java:471)
	at java.util.concurrent.FutureTask.run(FutureTask.java:262)
	at java.util.concurrent.ScheduledThreadPoolExecutor$ScheduledFutureTask.access$201(ScheduledThreadPoolExecutor.java:178)
	at java.util.concurrent.ScheduledThreadPoolExecutor$ScheduledFutureTask.run(ScheduledThreadPoolExecutor.java:292)
	at java.util.concurrent.ThreadPoolExecutor.runWorker(ThreadPoolExecutor.java:1145)
	at java.util.concurrent.ThreadPoolExecutor$Worker.run(ThreadPoolExecutor.java:615)
	at java.lang.Thread.run(Thread.java:745)
19:20:21.253 [pool-2-thread-1] ERROR o.s.s.s.TaskUtils$LoggingErrorHandler [TaskUtils.java:95] Unexpected error occurred in scheduled task.
java.lang.NullPointerException: null
	at luju.common.util.DataProcess.jcTimeList(DataProcess.java:34)
	at com.luju.ygz.test.service.impl.TestServiceImpl.selectPlanDataFromOra(TestServiceImpl.java:31)
	at com.luju.ygz.dc.controller.AutoSelectDataFromOra.AutoSelectDataFromOra(AutoSelectDataFromOra.java:28)
	at sun.reflect.NativeMethodAccessorImpl.invoke0(Native Method)
	at sun.reflect.NativeMethodAccessorImpl.invoke(NativeMethodAccessorImpl.java:57)
	at sun.reflect.DelegatingMethodAccessorImpl.invoke(DelegatingMethodAccessorImpl.java:43)
	at java.lang.reflect.Method.invoke(Method.java:606)
	at org.springframework.scheduling.support.ScheduledMethodRunnable.run(ScheduledMethodRunnable.java:65)
	at org.springframework.scheduling.support.DelegatingErrorHandlingRunnable.run(DelegatingErrorHandlingRunnable.java:54)
	at org.springframework.scheduling.concurrent.ReschedulingRunnable.run(ReschedulingRunnable.java:81)
	at java.util.concurrent.Executors$RunnableAdapter.call(Executors.java:471)
	at java.util.concurrent.FutureTask.run(FutureTask.java:262)
	at java.util.concurrent.ScheduledThreadPoolExecutor$ScheduledFutureTask.access$201(ScheduledThreadPoolExecutor.java:178)
	at java.util.concurrent.ScheduledThreadPoolExecutor$ScheduledFutureTask.run(ScheduledThreadPoolExecutor.java:292)
	at java.util.concurrent.ThreadPoolExecutor.runWorker(ThreadPoolExecutor.java:1145)
	at java.util.concurrent.ThreadPoolExecutor$Worker.run(ThreadPoolExecutor.java:615)
	at java.lang.Thread.run(Thread.java:745)
19:24:21.225 [pool-2-thread-1] ERROR o.s.s.s.TaskUtils$LoggingErrorHandler [TaskUtils.java:95] Unexpected error occurred in scheduled task.
java.lang.NullPointerException: null
	at luju.common.util.DataProcess.jcTimeList(DataProcess.java:34)
	at com.luju.ygz.test.service.impl.TestServiceImpl.selectPlanDataFromOra(TestServiceImpl.java:31)
	at com.luju.ygz.dc.controller.AutoSelectDataFromOra.AutoSelectDataFromOra(AutoSelectDataFromOra.java:28)
	at sun.reflect.NativeMethodAccessorImpl.invoke0(Native Method)
	at sun.reflect.NativeMethodAccessorImpl.invoke(NativeMethodAccessorImpl.java:57)
	at sun.reflect.DelegatingMethodAccessorImpl.invoke(DelegatingMethodAccessorImpl.java:43)
	at java.lang.reflect.Method.invoke(Method.java:606)
	at org.springframework.scheduling.support.ScheduledMethodRunnable.run(ScheduledMethodRunnable.java:65)
	at org.springframework.scheduling.support.DelegatingErrorHandlingRunnable.run(DelegatingErrorHandlingRunnable.java:54)
	at org.springframework.scheduling.concurrent.ReschedulingRunnable.run(ReschedulingRunnable.java:81)
	at java.util.concurrent.Executors$RunnableAdapter.call(Executors.java:471)
	at java.util.concurrent.FutureTask.run(FutureTask.java:262)
	at java.util.concurrent.ScheduledThreadPoolExecutor$ScheduledFutureTask.access$201(ScheduledThreadPoolExecutor.java:178)
	at java.util.concurrent.ScheduledThreadPoolExecutor$ScheduledFutureTask.run(ScheduledThreadPoolExecutor.java:292)
	at java.util.concurrent.ThreadPoolExecutor.runWorker(ThreadPoolExecutor.java:1145)
	at java.util.concurrent.ThreadPoolExecutor$Worker.run(ThreadPoolExecutor.java:615)
	at java.lang.Thread.run(Thread.java:745)
19:28:21.276 [pool-2-thread-1] ERROR o.s.s.s.TaskUtils$LoggingErrorHandler [TaskUtils.java:95] Unexpected error occurred in scheduled task.
java.lang.NullPointerException: null
	at luju.common.util.DataProcess.jcTimeList(DataProcess.java:34)
	at com.luju.ygz.test.service.impl.TestServiceImpl.selectPlanDataFromOra(TestServiceImpl.java:31)
	at com.luju.ygz.dc.controller.AutoSelectDataFromOra.AutoSelectDataFromOra(AutoSelectDataFromOra.java:28)
	at sun.reflect.NativeMethodAccessorImpl.invoke0(Native Method)
	at sun.reflect.NativeMethodAccessorImpl.invoke(NativeMethodAccessorImpl.java:57)
	at sun.reflect.DelegatingMethodAccessorImpl.invoke(DelegatingMethodAccessorImpl.java:43)
	at java.lang.reflect.Method.invoke(Method.java:606)
	at org.springframework.scheduling.support.ScheduledMethodRunnable.run(ScheduledMethodRunnable.java:65)
	at org.springframework.scheduling.support.DelegatingErrorHandlingRunnable.run(DelegatingErrorHandlingRunnable.java:54)
	at org.springframework.scheduling.concurrent.ReschedulingRunnable.run(ReschedulingRunnable.java:81)
	at java.util.concurrent.Executors$RunnableAdapter.call(Executors.java:471)
	at java.util.concurrent.FutureTask.run(FutureTask.java:262)
	at java.util.concurrent.ScheduledThreadPoolExecutor$ScheduledFutureTask.access$201(ScheduledThreadPoolExecutor.java:178)
	at java.util.concurrent.ScheduledThreadPoolExecutor$ScheduledFutureTask.run(ScheduledThreadPoolExecutor.java:292)
	at java.util.concurrent.ThreadPoolExecutor.runWorker(ThreadPoolExecutor.java:1145)
	at java.util.concurrent.ThreadPoolExecutor$Worker.run(ThreadPoolExecutor.java:615)
	at java.lang.Thread.run(Thread.java:745)
19:32:21.250 [pool-2-thread-1] ERROR o.s.s.s.TaskUtils$LoggingErrorHandler [TaskUtils.java:95] Unexpected error occurred in scheduled task.
java.lang.NullPointerException: null
	at luju.common.util.DataProcess.jcTimeList(DataProcess.java:34)
	at com.luju.ygz.test.service.impl.TestServiceImpl.selectPlanDataFromOra(TestServiceImpl.java:31)
	at com.luju.ygz.dc.controller.AutoSelectDataFromOra.AutoSelectDataFromOra(AutoSelectDataFromOra.java:28)
	at sun.reflect.NativeMethodAccessorImpl.invoke0(Native Method)
	at sun.reflect.NativeMethodAccessorImpl.invoke(NativeMethodAccessorImpl.java:57)
	at sun.reflect.DelegatingMethodAccessorImpl.invoke(DelegatingMethodAccessorImpl.java:43)
	at java.lang.reflect.Method.invoke(Method.java:606)
	at org.springframework.scheduling.support.ScheduledMethodRunnable.run(ScheduledMethodRunnable.java:65)
	at org.springframework.scheduling.support.DelegatingErrorHandlingRunnable.run(DelegatingErrorHandlingRunnable.java:54)
	at org.springframework.scheduling.concurrent.ReschedulingRunnable.run(ReschedulingRunnable.java:81)
	at java.util.concurrent.Executors$RunnableAdapter.call(Executors.java:471)
	at java.util.concurrent.FutureTask.run(FutureTask.java:262)
	at java.util.concurrent.ScheduledThreadPoolExecutor$ScheduledFutureTask.access$201(ScheduledThreadPoolExecutor.java:178)
	at java.util.concurrent.ScheduledThreadPoolExecutor$ScheduledFutureTask.run(ScheduledThreadPoolExecutor.java:292)
	at java.util.concurrent.ThreadPoolExecutor.runWorker(ThreadPoolExecutor.java:1145)
	at java.util.concurrent.ThreadPoolExecutor$Worker.run(ThreadPoolExecutor.java:615)
	at java.lang.Thread.run(Thread.java:745)
19:36:21.222 [pool-2-thread-1] ERROR o.s.s.s.TaskUtils$LoggingErrorHandler [TaskUtils.java:95] Unexpected error occurred in scheduled task.
java.lang.NullPointerException: null
	at luju.common.util.DataProcess.jcTimeList(DataProcess.java:34)
	at com.luju.ygz.test.service.impl.TestServiceImpl.selectPlanDataFromOra(TestServiceImpl.java:31)
	at com.luju.ygz.dc.controller.AutoSelectDataFromOra.AutoSelectDataFromOra(AutoSelectDataFromOra.java:28)
	at sun.reflect.NativeMethodAccessorImpl.invoke0(Native Method)
	at sun.reflect.NativeMethodAccessorImpl.invoke(NativeMethodAccessorImpl.java:57)
	at sun.reflect.DelegatingMethodAccessorImpl.invoke(DelegatingMethodAccessorImpl.java:43)
	at java.lang.reflect.Method.invoke(Method.java:606)
	at org.springframework.scheduling.support.ScheduledMethodRunnable.run(ScheduledMethodRunnable.java:65)
	at org.springframework.scheduling.support.DelegatingErrorHandlingRunnable.run(DelegatingErrorHandlingRunnable.java:54)
	at org.springframework.scheduling.concurrent.ReschedulingRunnable.run(ReschedulingRunnable.java:81)
	at java.util.concurrent.Executors$RunnableAdapter.call(Executors.java:471)
	at java.util.concurrent.FutureTask.run(FutureTask.java:262)
	at java.util.concurrent.ScheduledThreadPoolExecutor$ScheduledFutureTask.access$201(ScheduledThreadPoolExecutor.java:178)
	at java.util.concurrent.ScheduledThreadPoolExecutor$ScheduledFutureTask.run(ScheduledThreadPoolExecutor.java:292)
	at java.util.concurrent.ThreadPoolExecutor.runWorker(ThreadPoolExecutor.java:1145)
	at java.util.concurrent.ThreadPoolExecutor$Worker.run(ThreadPoolExecutor.java:615)
	at java.lang.Thread.run(Thread.java:745)
19:38:39.985 [localhost-startStop-1] INFO  o.s.web.context.ContextLoader [ContextLoader.java:285] Root WebApplicationContext: initialization started
19:38:40.056 [localhost-startStop-1] INFO  o.s.w.c.s.XmlWebApplicationContext [AbstractApplicationContext.java:510] Refreshing Root WebApplicationContext: startup date [Mon Mar 12 19:38:40 CST 2018]; root of context hierarchy
19:38:40.089 [localhost-startStop-1] INFO  o.s.b.f.xml.XmlBeanDefinitionReader [XmlBeanDefinitionReader.java:317] Loading XML bean definitions from class path resource [spring/task-context.xml]
19:38:40.263 [localhost-startStop-1] INFO  o.s.web.context.ContextLoader [ContextLoader.java:325] Root WebApplicationContext: initialization completed in 275 ms
19:38:40.310 [localhost-startStop-1] INFO  o.s.web.servlet.DispatcherServlet [FrameworkServlet.java:484] FrameworkServlet 'springServlet': initialization started
19:38:40.312 [localhost-startStop-1] INFO  o.s.w.c.s.XmlWebApplicationContext [AbstractApplicationContext.java:510] Refreshing WebApplicationContext for namespace 'springServlet-servlet': startup date [Mon Mar 12 19:38:40 CST 2018]; parent: Root WebApplicationContext
19:38:40.313 [localhost-startStop-1] INFO  o.s.b.f.xml.XmlBeanDefinitionReader [XmlBeanDefinitionReader.java:317] Loading XML bean definitions from class path resource [spring/servlet-context.xml]
19:38:40.612 [localhost-startStop-1] INFO  o.s.b.f.xml.XmlBeanDefinitionReader [XmlBeanDefinitionReader.java:317] Loading XML bean definitions from class path resource [spring/task-context.xml]
19:38:40.954 [localhost-startStop-1] INFO  o.s.c.s.PropertySourcesPlaceholderConfigurer [PropertiesLoaderSupport.java:172] Loading properties file from class path resource [db/db.properties]
19:38:40.967 [localhost-startStop-1] INFO  o.s.c.s.PropertySourcesPlaceholderConfigurer [PropertiesLoaderSupport.java:172] Loading properties file from class path resource [db/db.properties]
19:38:40.976 [localhost-startStop-1] INFO  o.s.b.f.a.AutowiredAnnotationBeanPostProcessor [AutowiredAnnotationBeanPostProcessor.java:153] JSR-330 'javax.inject.Inject' annotation found and supported for autowiring
19:38:41.576 [localhost-startStop-1] INFO  o.s.w.s.m.m.a.RequestMappingHandlerMapping [AbstractHandlerMethodMapping.java:217] Mapped "{[/test/hello],methods=[],params=[],headers=[],consumes=[],produces=[],custom=[]}" onto public java.lang.String com.luju.ygz.dc.controller.DcController.test()
19:38:41.576 [localhost-startStop-1] INFO  o.s.w.s.m.m.a.RequestMappingHandlerMapping [AbstractHandlerMethodMapping.java:217] Mapped "{[/test/world],methods=[],params=[],headers=[],consumes=[],produces=[],custom=[]}" onto public java.lang.String com.luju.ygz.dc.controller.DcController.processDcData()
19:38:41.577 [localhost-startStop-1] INFO  o.s.w.s.m.m.a.RequestMappingHandlerMapping [AbstractHandlerMethodMapping.java:217] Mapped "{[/fc/test],methods=[],params=[],headers=[],consumes=[],produces=[],custom=[]}" onto public java.lang.String com.luju.ygz.fc.controller.FcController.test()
19:38:41.578 [localhost-startStop-1] INFO  o.s.w.s.m.m.a.RequestMappingHandlerMapping [AbstractHandlerMethodMapping.java:217] Mapped "{[/luju/updatesDestination],methods=[],params=[],headers=[],consumes=[],produces=[],custom=[]}" onto public java.util.Map<java.lang.String, java.util.List<com.luju.pojo.DcPlanInfo>> com.luju.ygz.sd.controller.SdController.updateDestination(com.luju.pojo.DcPlanInfo)
19:38:41.579 [localhost-startStop-1] INFO  o.s.w.s.m.m.a.RequestMappingHandlerMapping [AbstractHandlerMethodMapping.java:217] Mapped "{[/luju/sdPlan],methods=[],params=[],headers=[],consumes=[],produces=[],custom=[]}" onto public org.springframework.web.servlet.ModelAndView com.luju.ygz.sd.controller.SdController.sdPlan()
19:38:41.579 [localhost-startStop-1] INFO  o.s.w.s.m.m.a.RequestMappingHandlerMapping [AbstractHandlerMethodMapping.java:217] Mapped "{[/luju/updatesSource],methods=[],params=[],headers=[],consumes=[],produces=[],custom=[]}" onto public java.util.Map<java.lang.String, java.util.List<com.luju.pojo.DcPlanInfo>> com.luju.ygz.sd.controller.SdController.updateSource(com.luju.pojo.DcPlanInfo)
19:38:41.579 [localhost-startStop-1] INFO  o.s.w.s.m.m.a.RequestMappingHandlerMapping [AbstractHandlerMethodMapping.java:217] Mapped "{[/luju/sfPlan],methods=[],params=[],headers=[],consumes=[],produces=[],custom=[]}" onto public org.springframework.web.servlet.ModelAndView com.luju.ygz.sf.controller.SfController.xfData()
19:38:41.581 [localhost-startStop-1] INFO  o.s.w.s.m.m.a.RequestMappingHandlerMapping [AbstractHandlerMethodMapping.java:217] Mapped "{[/luju/login],methods=[POST],params=[],headers=[],consumes=[],produces=[],custom=[]}" onto public java.lang.String com.luju.ygz.ShowController.test(javax.servlet.http.HttpServletRequest)
19:38:41.582 [localhost-startStop-1] INFO  o.s.w.s.m.m.a.RequestMappingHandlerMapping [AbstractHandlerMethodMapping.java:217] Mapped "{[/luju/selectTextarea],methods=[POST],params=[],headers=[],consumes=[],produces=[],custom=[]}" onto public java.util.List<com.luju.pojo.TextareaInfo> com.luju.ygz.ShowController.selectTextarea(com.luju.pojo.TextareaInfo)
19:38:41.582 [localhost-startStop-1] INFO  o.s.w.s.m.m.a.RequestMappingHandlerMapping [AbstractHandlerMethodMapping.java:217] Mapped "{[/luju/updateDestination],methods=[],params=[],headers=[],consumes=[],produces=[],custom=[]}" onto public java.util.Map<java.lang.String, java.util.List<com.luju.pojo.DcPlanInfo>> com.luju.ygz.ShowController.updateDestination(com.luju.pojo.DcPlanInfo)
19:38:41.582 [localhost-startStop-1] INFO  o.s.w.s.m.m.a.RequestMappingHandlerMapping [AbstractHandlerMethodMapping.java:217] Mapped "{[/luju/route],methods=[],params=[],headers=[],consumes=[],produces=[],custom=[]}" onto public java.lang.String com.luju.ygz.ShowController.routeLogin()
19:38:41.583 [localhost-startStop-1] INFO  o.s.w.s.m.m.a.RequestMappingHandlerMapping [AbstractHandlerMethodMapping.java:217] Mapped "{[/luju/statistics],methods=[GET],params=[],headers=[],consumes=[],produces=[],custom=[]}" onto public org.springframework.web.servlet.ModelAndView com.luju.ygz.ShowController.toStatistics()
19:38:41.583 [localhost-startStop-1] INFO  o.s.w.s.m.m.a.RequestMappingHandlerMapping [AbstractHandlerMethodMapping.java:217] Mapped "{[/luju/time],methods=[POST],params=[],headers=[],consumes=[],produces=[],custom=[]}" onto public java.util.List<com.luju.pojo.StatisticsInfo> com.luju.ygz.ShowController.list4Time(java.lang.String)
19:38:41.583 [localhost-startStop-1] INFO  o.s.w.s.m.m.a.RequestMappingHandlerMapping [AbstractHandlerMethodMapping.java:217] Mapped "{[/luju/zyPlan],methods=[],params=[],headers=[],consumes=[],produces=[],custom=[]}" onto public org.springframework.web.servlet.ModelAndView com.luju.ygz.ShowController.allJcData()
19:38:41.583 [localhost-startStop-1] INFO  o.s.w.s.m.m.a.RequestMappingHandlerMapping [AbstractHandlerMethodMapping.java:217] Mapped "{[/luju/textarea],methods=[POST],params=[],headers=[],consumes=[],produces=[],custom=[]}" onto public java.lang.String com.luju.ygz.ShowController.textarea(javax.servlet.http.HttpServletRequest)
19:38:41.583 [localhost-startStop-1] INFO  o.s.w.s.m.m.a.RequestMappingHandlerMapping [AbstractHandlerMethodMapping.java:217] Mapped "{[/luju/jcPlan],methods=[],params=[],headers=[],consumes=[],produces=[],custom=[]}" onto public org.springframework.web.servlet.ModelAndView com.luju.ygz.ShowController.allJcDataNew()
19:38:41.584 [localhost-startStop-1] INFO  o.s.w.s.m.m.a.RequestMappingHandlerMapping [AbstractHandlerMethodMapping.java:217] Mapped "{[/luju/updateSource],methods=[],params=[],headers=[],consumes=[],produces=[],custom=[]}" onto public java.util.Map<java.lang.String, java.util.List<com.luju.pojo.DcPlanInfo>> com.luju.ygz.ShowController.updateSource(com.luju.pojo.DcPlanInfo)
19:38:41.584 [localhost-startStop-1] INFO  o.s.w.s.m.m.a.RequestMappingHandlerMapping [AbstractHandlerMethodMapping.java:217] Mapped "{[/luju/statistics/index],methods=[],params=[],headers=[],consumes=[],produces=[],custom=[]}" onto public org.springframework.web.servlet.ModelAndView com.luju.ygz.statistics.controller.StatisticsController.statistic()
19:38:41.584 [localhost-startStop-1] INFO  o.s.w.s.m.m.a.RequestMappingHandlerMapping [AbstractHandlerMethodMapping.java:217] Mapped "{[/luju/statistics/all],methods=[],params=[],headers=[],consumes=[],produces=[],custom=[]}" onto public java.util.Map<java.lang.String, java.util.List<com.luju.pojo.StatisticsInfo>> com.luju.ygz.statistics.controller.StatisticsController.allConfict()
19:38:41.585 [localhost-startStop-1] INFO  o.s.w.s.m.m.a.RequestMappingHandlerMapping [AbstractHandlerMethodMapping.java:217] Mapped "{[/luju/sxPlan],methods=[],params=[],headers=[],consumes=[],produces=[],custom=[]}" onto public org.springframework.web.servlet.ModelAndView com.luju.ygz.sx.controller.SxController.sdPlan()
19:38:41.586 [localhost-startStop-1] INFO  o.s.w.s.m.m.a.RequestMappingHandlerMapping [AbstractHandlerMethodMapping.java:217] Mapped "{[/luju/szPlan],methods=[],params=[],headers=[],consumes=[],produces=[],custom=[]}" onto public org.springframework.web.servlet.ModelAndView com.luju.ygz.sz.controller.SzController.allSzData()
19:38:41.587 [localhost-startStop-1] INFO  o.s.w.s.m.m.a.RequestMappingHandlerMapping [AbstractHandlerMethodMapping.java:217] Mapped "{[/luju/hello],methods=[],params=[],headers=[],consumes=[],produces=[],custom=[]}" onto public java.lang.String com.luju.ygz.test.controller.TestController.test()
19:38:41.587 [localhost-startStop-1] INFO  o.s.w.s.m.m.a.RequestMappingHandlerMapping [AbstractHandlerMethodMapping.java:217] Mapped "{[/luju/world],methods=[],params=[],headers=[],consumes=[],produces=[],custom=[]}" onto public java.lang.String com.luju.ygz.test.controller.TestController.dataFromCopyToOne()
19:38:41.587 [localhost-startStop-1] INFO  o.s.w.s.m.m.a.RequestMappingHandlerMapping [AbstractHandlerMethodMapping.java:217] Mapped "{[/luju/test],methods=[],params=[],headers=[],consumes=[],produces=[],custom=[]}" onto public org.springframework.web.servlet.ModelAndView com.luju.ygz.test.controller.TestController.test1()
19:38:41.588 [localhost-startStop-1] INFO  o.s.w.s.m.m.a.RequestMappingHandlerMapping [AbstractHandlerMethodMapping.java:217] Mapped "{[/luju/xfPlan],methods=[],params=[],headers=[],consumes=[],produces=[],custom=[]}" onto public org.springframework.web.servlet.ModelAndView com.luju.ygz.xf.controller.XfController.xfData()
19:38:41.589 [localhost-startStop-1] INFO  o.s.w.s.m.m.a.RequestMappingHandlerMapping [AbstractHandlerMethodMapping.java:217] Mapped "{[/luju/xxPlan],methods=[],params=[],headers=[],consumes=[],produces=[],custom=[]}" onto public org.springframework.web.servlet.ModelAndView com.luju.ygz.xx.controller.XxController.XxPlan()
19:38:41.589 [localhost-startStop-1] INFO  o.s.w.s.m.m.a.RequestMappingHandlerMapping [AbstractHandlerMethodMapping.java:217] Mapped "{[/luju/xzPlan],methods=[],params=[],headers=[],consumes=[],produces=[],custom=[]}" onto public org.springframework.web.servlet.ModelAndView com.luju.ygz.xz.controller.XzController.allXzData()
19:38:41.590 [localhost-startStop-1] INFO  o.s.w.s.m.m.a.RequestMappingHandlerMapping [AbstractHandlerMethodMapping.java:217] Mapped "{[/about/index],methods=[],params=[],headers=[],consumes=[],produces=[],custom=[]}" onto public java.lang.String com.luju.ygz.about.controller.AboutUsController.aboutUs()
19:38:42.010 [localhost-startStop-1] INFO  o.s.w.s.m.m.a.RequestMappingHandlerAdapter [RequestMappingHandlerAdapter.java:517] Looking for @ControllerAdvice: WebApplicationContext for namespace 'springServlet-servlet': startup date [Mon Mar 12 19:38:40 CST 2018]; parent: Root WebApplicationContext
19:38:42.071 [localhost-startStop-1] INFO  o.s.w.s.m.m.a.RequestMappingHandlerAdapter [RequestMappingHandlerAdapter.java:517] Looking for @ControllerAdvice: WebApplicationContext for namespace 'springServlet-servlet': startup date [Mon Mar 12 19:38:40 CST 2018]; parent: Root WebApplicationContext
19:38:42.159 [localhost-startStop-1] INFO  o.s.w.s.h.SimpleUrlHandlerMapping [AbstractUrlHandlerMapping.java:314] Mapped URL path [/static/**] onto handler 'org.springframework.web.servlet.resource.ResourceHttpRequestHandler#0'
19:38:42.193 [localhost-startStop-1] INFO  o.s.w.s.m.m.a.RequestMappingHandlerAdapter [RequestMappingHandlerAdapter.java:517] Looking for @ControllerAdvice: WebApplicationContext for namespace 'springServlet-servlet': startup date [Mon Mar 12 19:38:40 CST 2018]; parent: Root WebApplicationContext
19:38:42.269 [localhost-startStop-1] INFO  o.s.web.servlet.DispatcherServlet [FrameworkServlet.java:503] FrameworkServlet 'springServlet': initialization completed in 1959 ms
19:40:21.309 [pool-2-thread-1] ERROR o.s.s.s.TaskUtils$LoggingErrorHandler [TaskUtils.java:95] Unexpected error occurred in scheduled task.
java.lang.NullPointerException: null
	at luju.common.util.DataProcess.jcTimeList(DataProcess.java:34)
	at com.luju.ygz.test.service.impl.TestServiceImpl.selectPlanDataFromOra(TestServiceImpl.java:31)
	at com.luju.ygz.dc.controller.AutoSelectDataFromOra.AutoSelectDataFromOra(AutoSelectDataFromOra.java:28)
	at sun.reflect.NativeMethodAccessorImpl.invoke0(Native Method)
	at sun.reflect.NativeMethodAccessorImpl.invoke(NativeMethodAccessorImpl.java:57)
	at sun.reflect.DelegatingMethodAccessorImpl.invoke(DelegatingMethodAccessorImpl.java:43)
	at java.lang.reflect.Method.invoke(Method.java:606)
	at org.springframework.scheduling.support.ScheduledMethodRunnable.run(ScheduledMethodRunnable.java:65)
	at org.springframework.scheduling.support.DelegatingErrorHandlingRunnable.run(DelegatingErrorHandlingRunnable.java:54)
	at org.springframework.scheduling.concurrent.ReschedulingRunnable.run(ReschedulingRunnable.java:81)
	at java.util.concurrent.Executors$RunnableAdapter.call(Executors.java:471)
	at java.util.concurrent.FutureTask.run(FutureTask.java:262)
	at java.util.concurrent.ScheduledThreadPoolExecutor$ScheduledFutureTask.access$201(ScheduledThreadPoolExecutor.java:178)
	at java.util.concurrent.ScheduledThreadPoolExecutor$ScheduledFutureTask.run(ScheduledThreadPoolExecutor.java:292)
	at java.util.concurrent.ThreadPoolExecutor.runWorker(ThreadPoolExecutor.java:1145)
	at java.util.concurrent.ThreadPoolExecutor$Worker.run(ThreadPoolExecutor.java:615)
	at java.lang.Thread.run(Thread.java:745)
19:44:21.195 [pool-2-thread-1] ERROR o.s.s.s.TaskUtils$LoggingErrorHandler [TaskUtils.java:95] Unexpected error occurred in scheduled task.
java.lang.NullPointerException: null
	at luju.common.util.DataProcess.jcTimeList(DataProcess.java:34)
	at com.luju.ygz.test.service.impl.TestServiceImpl.selectPlanDataFromOra(TestServiceImpl.java:31)
	at com.luju.ygz.dc.controller.AutoSelectDataFromOra.AutoSelectDataFromOra(AutoSelectDataFromOra.java:28)
	at sun.reflect.NativeMethodAccessorImpl.invoke0(Native Method)
	at sun.reflect.NativeMethodAccessorImpl.invoke(NativeMethodAccessorImpl.java:57)
	at sun.reflect.DelegatingMethodAccessorImpl.invoke(DelegatingMethodAccessorImpl.java:43)
	at java.lang.reflect.Method.invoke(Method.java:606)
	at org.springframework.scheduling.support.ScheduledMethodRunnable.run(ScheduledMethodRunnable.java:65)
	at org.springframework.scheduling.support.DelegatingErrorHandlingRunnable.run(DelegatingErrorHandlingRunnable.java:54)
	at org.springframework.scheduling.concurrent.ReschedulingRunnable.run(ReschedulingRunnable.java:81)
	at java.util.concurrent.Executors$RunnableAdapter.call(Executors.java:471)
	at java.util.concurrent.FutureTask.run(FutureTask.java:262)
	at java.util.concurrent.ScheduledThreadPoolExecutor$ScheduledFutureTask.access$201(ScheduledThreadPoolExecutor.java:178)
	at java.util.concurrent.ScheduledThreadPoolExecutor$ScheduledFutureTask.run(ScheduledThreadPoolExecutor.java:292)
	at java.util.concurrent.ThreadPoolExecutor.runWorker(ThreadPoolExecutor.java:1145)
	at java.util.concurrent.ThreadPoolExecutor$Worker.run(ThreadPoolExecutor.java:615)
	at java.lang.Thread.run(Thread.java:745)
19:48:21.188 [pool-2-thread-1] ERROR o.s.s.s.TaskUtils$LoggingErrorHandler [TaskUtils.java:95] Unexpected error occurred in scheduled task.
java.lang.NullPointerException: null
	at luju.common.util.DataProcess.jcTimeList(DataProcess.java:34)
	at com.luju.ygz.test.service.impl.TestServiceImpl.selectPlanDataFromOra(TestServiceImpl.java:31)
	at com.luju.ygz.dc.controller.AutoSelectDataFromOra.AutoSelectDataFromOra(AutoSelectDataFromOra.java:28)
	at sun.reflect.NativeMethodAccessorImpl.invoke0(Native Method)
	at sun.reflect.NativeMethodAccessorImpl.invoke(NativeMethodAccessorImpl.java:57)
	at sun.reflect.DelegatingMethodAccessorImpl.invoke(DelegatingMethodAccessorImpl.java:43)
	at java.lang.reflect.Method.invoke(Method.java:606)
	at org.springframework.scheduling.support.ScheduledMethodRunnable.run(ScheduledMethodRunnable.java:65)
	at org.springframework.scheduling.support.DelegatingErrorHandlingRunnable.run(DelegatingErrorHandlingRunnable.java:54)
	at org.springframework.scheduling.concurrent.ReschedulingRunnable.run(ReschedulingRunnable.java:81)
	at java.util.concurrent.Executors$RunnableAdapter.call(Executors.java:471)
	at java.util.concurrent.FutureTask.run(FutureTask.java:262)
	at java.util.concurrent.ScheduledThreadPoolExecutor$ScheduledFutureTask.access$201(ScheduledThreadPoolExecutor.java:178)
	at java.util.concurrent.ScheduledThreadPoolExecutor$ScheduledFutureTask.run(ScheduledThreadPoolExecutor.java:292)
	at java.util.concurrent.ThreadPoolExecutor.runWorker(ThreadPoolExecutor.java:1145)
	at java.util.concurrent.ThreadPoolExecutor$Worker.run(ThreadPoolExecutor.java:615)
	at java.lang.Thread.run(Thread.java:745)
19:52:21.194 [pool-2-thread-1] ERROR o.s.s.s.TaskUtils$LoggingErrorHandler [TaskUtils.java:95] Unexpected error occurred in scheduled task.
java.lang.NullPointerException: null
	at luju.common.util.DataProcess.jcTimeList(DataProcess.java:34)
	at com.luju.ygz.test.service.impl.TestServiceImpl.selectPlanDataFromOra(TestServiceImpl.java:31)
	at com.luju.ygz.dc.controller.AutoSelectDataFromOra.AutoSelectDataFromOra(AutoSelectDataFromOra.java:28)
	at sun.reflect.NativeMethodAccessorImpl.invoke0(Native Method)
	at sun.reflect.NativeMethodAccessorImpl.invoke(NativeMethodAccessorImpl.java:57)
	at sun.reflect.DelegatingMethodAccessorImpl.invoke(DelegatingMethodAccessorImpl.java:43)
	at java.lang.reflect.Method.invoke(Method.java:606)
	at org.springframework.scheduling.support.ScheduledMethodRunnable.run(ScheduledMethodRunnable.java:65)
	at org.springframework.scheduling.support.DelegatingErrorHandlingRunnable.run(DelegatingErrorHandlingRunnable.java:54)
	at org.springframework.scheduling.concurrent.ReschedulingRunnable.run(ReschedulingRunnable.java:81)
	at java.util.concurrent.Executors$RunnableAdapter.call(Executors.java:471)
	at java.util.concurrent.FutureTask.run(FutureTask.java:262)
	at java.util.concurrent.ScheduledThreadPoolExecutor$ScheduledFutureTask.access$201(ScheduledThreadPoolExecutor.java:178)
	at java.util.concurrent.ScheduledThreadPoolExecutor$ScheduledFutureTask.run(ScheduledThreadPoolExecutor.java:292)
	at java.util.concurrent.ThreadPoolExecutor.runWorker(ThreadPoolExecutor.java:1145)
	at java.util.concurrent.ThreadPoolExecutor$Worker.run(ThreadPoolExecutor.java:615)
	at java.lang.Thread.run(Thread.java:745)
19:56:21.192 [pool-2-thread-1] ERROR o.s.s.s.TaskUtils$LoggingErrorHandler [TaskUtils.java:95] Unexpected error occurred in scheduled task.
java.lang.NullPointerException: null
	at luju.common.util.DataProcess.jcTimeList(DataProcess.java:34)
	at com.luju.ygz.test.service.impl.TestServiceImpl.selectPlanDataFromOra(TestServiceImpl.java:31)
	at com.luju.ygz.dc.controller.AutoSelectDataFromOra.AutoSelectDataFromOra(AutoSelectDataFromOra.java:28)
	at sun.reflect.NativeMethodAccessorImpl.invoke0(Native Method)
	at sun.reflect.NativeMethodAccessorImpl.invoke(NativeMethodAccessorImpl.java:57)
	at sun.reflect.DelegatingMethodAccessorImpl.invoke(DelegatingMethodAccessorImpl.java:43)
	at java.lang.reflect.Method.invoke(Method.java:606)
	at org.springframework.scheduling.support.ScheduledMethodRunnable.run(ScheduledMethodRunnable.java:65)
	at org.springframework.scheduling.support.DelegatingErrorHandlingRunnable.run(DelegatingErrorHandlingRunnable.java:54)
	at org.springframework.scheduling.concurrent.ReschedulingRunnable.run(ReschedulingRunnable.java:81)
	at java.util.concurrent.Executors$RunnableAdapter.call(Executors.java:471)
	at java.util.concurrent.FutureTask.run(FutureTask.java:262)
	at java.util.concurrent.ScheduledThreadPoolExecutor$ScheduledFutureTask.access$201(ScheduledThreadPoolExecutor.java:178)
	at java.util.concurrent.ScheduledThreadPoolExecutor$ScheduledFutureTask.run(ScheduledThreadPoolExecutor.java:292)
	at java.util.concurrent.ThreadPoolExecutor.runWorker(ThreadPoolExecutor.java:1145)
	at java.util.concurrent.ThreadPoolExecutor$Worker.run(ThreadPoolExecutor.java:615)
	at java.lang.Thread.run(Thread.java:745)
20:00:03.497 [localhost-startStop-1] INFO  o.s.web.context.ContextLoader [ContextLoader.java:285] Root WebApplicationContext: initialization started
20:00:03.568 [localhost-startStop-1] INFO  o.s.w.c.s.XmlWebApplicationContext [AbstractApplicationContext.java:510] Refreshing Root WebApplicationContext: startup date [Mon Mar 12 20:00:03 CST 2018]; root of context hierarchy
20:00:03.601 [localhost-startStop-1] INFO  o.s.b.f.xml.XmlBeanDefinitionReader [XmlBeanDefinitionReader.java:317] Loading XML bean definitions from class path resource [spring/task-context.xml]
20:00:03.801 [localhost-startStop-1] INFO  o.s.web.context.ContextLoader [ContextLoader.java:325] Root WebApplicationContext: initialization completed in 301 ms
20:00:03.841 [localhost-startStop-1] INFO  o.s.web.servlet.DispatcherServlet [FrameworkServlet.java:484] FrameworkServlet 'springServlet': initialization started
20:00:03.843 [localhost-startStop-1] INFO  o.s.w.c.s.XmlWebApplicationContext [AbstractApplicationContext.java:510] Refreshing WebApplicationContext for namespace 'springServlet-servlet': startup date [Mon Mar 12 20:00:03 CST 2018]; parent: Root WebApplicationContext
20:00:03.844 [localhost-startStop-1] INFO  o.s.b.f.xml.XmlBeanDefinitionReader [XmlBeanDefinitionReader.java:317] Loading XML bean definitions from class path resource [spring/servlet-context.xml]
20:00:04.102 [localhost-startStop-1] INFO  o.s.b.f.xml.XmlBeanDefinitionReader [XmlBeanDefinitionReader.java:317] Loading XML bean definitions from class path resource [spring/task-context.xml]
20:00:04.440 [localhost-startStop-1] INFO  o.s.c.s.PropertySourcesPlaceholderConfigurer [PropertiesLoaderSupport.java:172] Loading properties file from class path resource [db/db.properties]
20:00:04.450 [localhost-startStop-1] INFO  o.s.c.s.PropertySourcesPlaceholderConfigurer [PropertiesLoaderSupport.java:172] Loading properties file from class path resource [db/db.properties]
20:00:04.455 [localhost-startStop-1] INFO  o.s.b.f.a.AutowiredAnnotationBeanPostProcessor [AutowiredAnnotationBeanPostProcessor.java:153] JSR-330 'javax.inject.Inject' annotation found and supported for autowiring
20:00:05.029 [localhost-startStop-1] INFO  o.s.w.s.m.m.a.RequestMappingHandlerMapping [AbstractHandlerMethodMapping.java:217] Mapped "{[/test/hello],methods=[],params=[],headers=[],consumes=[],produces=[],custom=[]}" onto public java.lang.String com.luju.ygz.dc.controller.DcController.test()
20:00:05.030 [localhost-startStop-1] INFO  o.s.w.s.m.m.a.RequestMappingHandlerMapping [AbstractHandlerMethodMapping.java:217] Mapped "{[/test/world],methods=[],params=[],headers=[],consumes=[],produces=[],custom=[]}" onto public java.lang.String com.luju.ygz.dc.controller.DcController.processDcData()
20:00:05.031 [localhost-startStop-1] INFO  o.s.w.s.m.m.a.RequestMappingHandlerMapping [AbstractHandlerMethodMapping.java:217] Mapped "{[/fc/test],methods=[],params=[],headers=[],consumes=[],produces=[],custom=[]}" onto public java.lang.String com.luju.ygz.fc.controller.FcController.test()
20:00:05.033 [localhost-startStop-1] INFO  o.s.w.s.m.m.a.RequestMappingHandlerMapping [AbstractHandlerMethodMapping.java:217] Mapped "{[/luju/updatesSource],methods=[],params=[],headers=[],consumes=[],produces=[],custom=[]}" onto public java.util.Map<java.lang.String, java.util.List<com.luju.pojo.DcPlanInfo>> com.luju.ygz.sd.controller.SdController.updateSource(com.luju.pojo.DcPlanInfo)
20:00:05.033 [localhost-startStop-1] INFO  o.s.w.s.m.m.a.RequestMappingHandlerMapping [AbstractHandlerMethodMapping.java:217] Mapped "{[/luju/sdPlan],methods=[],params=[],headers=[],consumes=[],produces=[],custom=[]}" onto public org.springframework.web.servlet.ModelAndView com.luju.ygz.sd.controller.SdController.sdPlan()
20:00:05.034 [localhost-startStop-1] INFO  o.s.w.s.m.m.a.RequestMappingHandlerMapping [AbstractHandlerMethodMapping.java:217] Mapped "{[/luju/updatesDestination],methods=[],params=[],headers=[],consumes=[],produces=[],custom=[]}" onto public java.util.Map<java.lang.String, java.util.List<com.luju.pojo.DcPlanInfo>> com.luju.ygz.sd.controller.SdController.updateDestination(com.luju.pojo.DcPlanInfo)
20:00:05.034 [localhost-startStop-1] INFO  o.s.w.s.m.m.a.RequestMappingHandlerMapping [AbstractHandlerMethodMapping.java:217] Mapped "{[/luju/sfPlan],methods=[],params=[],headers=[],consumes=[],produces=[],custom=[]}" onto public org.springframework.web.servlet.ModelAndView com.luju.ygz.sf.controller.SfController.xfData()
20:00:05.036 [localhost-startStop-1] INFO  o.s.w.s.m.m.a.RequestMappingHandlerMapping [AbstractHandlerMethodMapping.java:217] Mapped "{[/luju/login],methods=[POST],params=[],headers=[],consumes=[],produces=[],custom=[]}" onto public java.lang.String com.luju.ygz.ShowController.test(javax.servlet.http.HttpServletRequest)
20:00:05.037 [localhost-startStop-1] INFO  o.s.w.s.m.m.a.RequestMappingHandlerMapping [AbstractHandlerMethodMapping.java:217] Mapped "{[/luju/updateSource],methods=[],params=[],headers=[],consumes=[],produces=[],custom=[]}" onto public java.util.Map<java.lang.String, java.util.List<com.luju.pojo.DcPlanInfo>> com.luju.ygz.ShowController.updateSource(com.luju.pojo.DcPlanInfo)
20:00:05.037 [localhost-startStop-1] INFO  o.s.w.s.m.m.a.RequestMappingHandlerMapping [AbstractHandlerMethodMapping.java:217] Mapped "{[/luju/zyPlan],methods=[],params=[],headers=[],consumes=[],produces=[],custom=[]}" onto public org.springframework.web.servlet.ModelAndView com.luju.ygz.ShowController.allJcData()
20:00:05.038 [localhost-startStop-1] INFO  o.s.w.s.m.m.a.RequestMappingHandlerMapping [AbstractHandlerMethodMapping.java:217] Mapped "{[/luju/textarea],methods=[POST],params=[],headers=[],consumes=[],produces=[],custom=[]}" onto public java.lang.String com.luju.ygz.ShowController.textarea(javax.servlet.http.HttpServletRequest)
20:00:05.038 [localhost-startStop-1] INFO  o.s.w.s.m.m.a.RequestMappingHandlerMapping [AbstractHandlerMethodMapping.java:217] Mapped "{[/luju/time],methods=[POST],params=[],headers=[],consumes=[],produces=[],custom=[]}" onto public java.util.List<com.luju.pojo.StatisticsInfo> com.luju.ygz.ShowController.list4Time(java.lang.String)
20:00:05.039 [localhost-startStop-1] INFO  o.s.w.s.m.m.a.RequestMappingHandlerMapping [AbstractHandlerMethodMapping.java:217] Mapped "{[/luju/statistics],methods=[GET],params=[],headers=[],consumes=[],produces=[],custom=[]}" onto public org.springframework.web.servlet.ModelAndView com.luju.ygz.ShowController.toStatistics()
20:00:05.039 [localhost-startStop-1] INFO  o.s.w.s.m.m.a.RequestMappingHandlerMapping [AbstractHandlerMethodMapping.java:217] Mapped "{[/luju/route],methods=[],params=[],headers=[],consumes=[],produces=[],custom=[]}" onto public java.lang.String com.luju.ygz.ShowController.routeLogin()
20:00:05.039 [localhost-startStop-1] INFO  o.s.w.s.m.m.a.RequestMappingHandlerMapping [AbstractHandlerMethodMapping.java:217] Mapped "{[/luju/jcPlan],methods=[],params=[],headers=[],consumes=[],produces=[],custom=[]}" onto public org.springframework.web.servlet.ModelAndView com.luju.ygz.ShowController.allJcDataNew()
20:00:05.040 [localhost-startStop-1] INFO  o.s.w.s.m.m.a.RequestMappingHandlerMapping [AbstractHandlerMethodMapping.java:217] Mapped "{[/luju/updateDestination],methods=[],params=[],headers=[],consumes=[],produces=[],custom=[]}" onto public java.util.Map<java.lang.String, java.util.List<com.luju.pojo.DcPlanInfo>> com.luju.ygz.ShowController.updateDestination(com.luju.pojo.DcPlanInfo)
20:00:05.040 [localhost-startStop-1] INFO  o.s.w.s.m.m.a.RequestMappingHandlerMapping [AbstractHandlerMethodMapping.java:217] Mapped "{[/luju/selectTextarea],methods=[POST],params=[],headers=[],consumes=[],produces=[],custom=[]}" onto public java.util.List<com.luju.pojo.TextareaInfo> com.luju.ygz.ShowController.selectTextarea(com.luju.pojo.TextareaInfo)
20:00:05.041 [localhost-startStop-1] INFO  o.s.w.s.m.m.a.RequestMappingHandlerMapping [AbstractHandlerMethodMapping.java:217] Mapped "{[/luju/statistics/all],methods=[],params=[],headers=[],consumes=[],produces=[],custom=[]}" onto public java.util.Map<java.lang.String, java.util.List<com.luju.pojo.StatisticsInfo>> com.luju.ygz.statistics.controller.StatisticsController.allConfict()
20:00:05.042 [localhost-startStop-1] INFO  o.s.w.s.m.m.a.RequestMappingHandlerMapping [AbstractHandlerMethodMapping.java:217] Mapped "{[/luju/statistics/index],methods=[],params=[],headers=[],consumes=[],produces=[],custom=[]}" onto public org.springframework.web.servlet.ModelAndView com.luju.ygz.statistics.controller.StatisticsController.statistic()
20:00:05.043 [localhost-startStop-1] INFO  o.s.w.s.m.m.a.RequestMappingHandlerMapping [AbstractHandlerMethodMapping.java:217] Mapped "{[/luju/sxPlan],methods=[],params=[],headers=[],consumes=[],produces=[],custom=[]}" onto public org.springframework.web.servlet.ModelAndView com.luju.ygz.sx.controller.SxController.sdPlan()
20:00:05.044 [localhost-startStop-1] INFO  o.s.w.s.m.m.a.RequestMappingHandlerMapping [AbstractHandlerMethodMapping.java:217] Mapped "{[/luju/szPlan],methods=[],params=[],headers=[],consumes=[],produces=[],custom=[]}" onto public org.springframework.web.servlet.ModelAndView com.luju.ygz.sz.controller.SzController.allSzData()
20:00:05.045 [localhost-startStop-1] INFO  o.s.w.s.m.m.a.RequestMappingHandlerMapping [AbstractHandlerMethodMapping.java:217] Mapped "{[/luju/hello],methods=[],params=[],headers=[],consumes=[],produces=[],custom=[]}" onto public java.lang.String com.luju.ygz.test.controller.TestController.test()
20:00:05.046 [localhost-startStop-1] INFO  o.s.w.s.m.m.a.RequestMappingHandlerMapping [AbstractHandlerMethodMapping.java:217] Mapped "{[/luju/test],methods=[],params=[],headers=[],consumes=[],produces=[],custom=[]}" onto public org.springframework.web.servlet.ModelAndView com.luju.ygz.test.controller.TestController.test1()
20:00:05.046 [localhost-startStop-1] INFO  o.s.w.s.m.m.a.RequestMappingHandlerMapping [AbstractHandlerMethodMapping.java:217] Mapped "{[/luju/world],methods=[],params=[],headers=[],consumes=[],produces=[],custom=[]}" onto public java.lang.String com.luju.ygz.test.controller.TestController.dataFromCopyToOne()
20:00:05.047 [localhost-startStop-1] INFO  o.s.w.s.m.m.a.RequestMappingHandlerMapping [AbstractHandlerMethodMapping.java:217] Mapped "{[/luju/xfPlan],methods=[],params=[],headers=[],consumes=[],produces=[],custom=[]}" onto public org.springframework.web.servlet.ModelAndView com.luju.ygz.xf.controller.XfController.xfData()
20:00:05.048 [localhost-startStop-1] INFO  o.s.w.s.m.m.a.RequestMappingHandlerMapping [AbstractHandlerMethodMapping.java:217] Mapped "{[/luju/xxPlan],methods=[],params=[],headers=[],consumes=[],produces=[],custom=[]}" onto public org.springframework.web.servlet.ModelAndView com.luju.ygz.xx.controller.XxController.XxPlan()
20:00:05.049 [localhost-startStop-1] INFO  o.s.w.s.m.m.a.RequestMappingHandlerMapping [AbstractHandlerMethodMapping.java:217] Mapped "{[/luju/xzPlan],methods=[],params=[],headers=[],consumes=[],produces=[],custom=[]}" onto public org.springframework.web.servlet.ModelAndView com.luju.ygz.xz.controller.XzController.allXzData()
20:00:05.051 [localhost-startStop-1] INFO  o.s.w.s.m.m.a.RequestMappingHandlerMapping [AbstractHandlerMethodMapping.java:217] Mapped "{[/about/index],methods=[],params=[],headers=[],consumes=[],produces=[],custom=[]}" onto public java.lang.String com.luju.ygz.about.controller.AboutUsController.aboutUs()
20:00:05.447 [localhost-startStop-1] INFO  o.s.w.s.m.m.a.RequestMappingHandlerAdapter [RequestMappingHandlerAdapter.java:517] Looking for @ControllerAdvice: WebApplicationContext for namespace 'springServlet-servlet': startup date [Mon Mar 12 20:00:03 CST 2018]; parent: Root WebApplicationContext
20:00:05.500 [localhost-startStop-1] INFO  o.s.w.s.m.m.a.RequestMappingHandlerAdapter [RequestMappingHandlerAdapter.java:517] Looking for @ControllerAdvice: WebApplicationContext for namespace 'springServlet-servlet': startup date [Mon Mar 12 20:00:03 CST 2018]; parent: Root WebApplicationContext
20:00:05.595 [localhost-startStop-1] INFO  o.s.w.s.h.SimpleUrlHandlerMapping [AbstractUrlHandlerMapping.java:314] Mapped URL path [/static/**] onto handler 'org.springframework.web.servlet.resource.ResourceHttpRequestHandler#0'
20:00:05.624 [localhost-startStop-1] INFO  o.s.w.s.m.m.a.RequestMappingHandlerAdapter [RequestMappingHandlerAdapter.java:517] Looking for @ControllerAdvice: WebApplicationContext for namespace 'springServlet-servlet': startup date [Mon Mar 12 20:00:03 CST 2018]; parent: Root WebApplicationContext
20:00:05.689 [localhost-startStop-1] INFO  o.s.web.servlet.DispatcherServlet [FrameworkServlet.java:503] FrameworkServlet 'springServlet': initialization completed in 1848 ms
20:04:21.389 [pool-2-thread-1] ERROR o.s.s.s.TaskUtils$LoggingErrorHandler [TaskUtils.java:95] Unexpected error occurred in scheduled task.
java.lang.NullPointerException: null
	at luju.common.util.DataProcess.jcTimeList(DataProcess.java:34)
	at com.luju.ygz.test.service.impl.TestServiceImpl.selectPlanDataFromOra(TestServiceImpl.java:31)
	at com.luju.ygz.dc.controller.AutoSelectDataFromOra.AutoSelectDataFromOra(AutoSelectDataFromOra.java:28)
	at sun.reflect.NativeMethodAccessorImpl.invoke0(Native Method)
	at sun.reflect.NativeMethodAccessorImpl.invoke(NativeMethodAccessorImpl.java:57)
	at sun.reflect.DelegatingMethodAccessorImpl.invoke(DelegatingMethodAccessorImpl.java:43)
	at java.lang.reflect.Method.invoke(Method.java:606)
	at org.springframework.scheduling.support.ScheduledMethodRunnable.run(ScheduledMethodRunnable.java:65)
	at org.springframework.scheduling.support.DelegatingErrorHandlingRunnable.run(DelegatingErrorHandlingRunnable.java:54)
	at org.springframework.scheduling.concurrent.ReschedulingRunnable.run(ReschedulingRunnable.java:81)
	at java.util.concurrent.Executors$RunnableAdapter.call(Executors.java:471)
	at java.util.concurrent.FutureTask.run(FutureTask.java:262)
	at java.util.concurrent.ScheduledThreadPoolExecutor$ScheduledFutureTask.access$201(ScheduledThreadPoolExecutor.java:178)
	at java.util.concurrent.ScheduledThreadPoolExecutor$ScheduledFutureTask.run(ScheduledThreadPoolExecutor.java:292)
	at java.util.concurrent.ThreadPoolExecutor.runWorker(ThreadPoolExecutor.java:1145)
	at java.util.concurrent.ThreadPoolExecutor$Worker.run(ThreadPoolExecutor.java:615)
	at java.lang.Thread.run(Thread.java:745)
20:08:21.215 [pool-2-thread-1] ERROR o.s.s.s.TaskUtils$LoggingErrorHandler [TaskUtils.java:95] Unexpected error occurred in scheduled task.
java.lang.NullPointerException: null
	at luju.common.util.DataProcess.jcTimeList(DataProcess.java:34)
	at com.luju.ygz.test.service.impl.TestServiceImpl.selectPlanDataFromOra(TestServiceImpl.java:31)
	at com.luju.ygz.dc.controller.AutoSelectDataFromOra.AutoSelectDataFromOra(AutoSelectDataFromOra.java:28)
	at sun.reflect.NativeMethodAccessorImpl.invoke0(Native Method)
	at sun.reflect.NativeMethodAccessorImpl.invoke(NativeMethodAccessorImpl.java:57)
	at sun.reflect.DelegatingMethodAccessorImpl.invoke(DelegatingMethodAccessorImpl.java:43)
	at java.lang.reflect.Method.invoke(Method.java:606)
	at org.springframework.scheduling.support.ScheduledMethodRunnable.run(ScheduledMethodRunnable.java:65)
	at org.springframework.scheduling.support.DelegatingErrorHandlingRunnable.run(DelegatingErrorHandlingRunnable.java:54)
	at org.springframework.scheduling.concurrent.ReschedulingRunnable.run(ReschedulingRunnable.java:81)
	at java.util.concurrent.Executors$RunnableAdapter.call(Executors.java:471)
	at java.util.concurrent.FutureTask.run(FutureTask.java:262)
	at java.util.concurrent.ScheduledThreadPoolExecutor$ScheduledFutureTask.access$201(ScheduledThreadPoolExecutor.java:178)
	at java.util.concurrent.ScheduledThreadPoolExecutor$ScheduledFutureTask.run(ScheduledThreadPoolExecutor.java:292)
	at java.util.concurrent.ThreadPoolExecutor.runWorker(ThreadPoolExecutor.java:1145)
	at java.util.concurrent.ThreadPoolExecutor$Worker.run(ThreadPoolExecutor.java:615)
	at java.lang.Thread.run(Thread.java:745)
20:12:21.228 [pool-2-thread-1] ERROR o.s.s.s.TaskUtils$LoggingErrorHandler [TaskUtils.java:95] Unexpected error occurred in scheduled task.
java.lang.NullPointerException: null
	at luju.common.util.DataProcess.jcTimeList(DataProcess.java:34)
	at com.luju.ygz.test.service.impl.TestServiceImpl.selectPlanDataFromOra(TestServiceImpl.java:31)
	at com.luju.ygz.dc.controller.AutoSelectDataFromOra.AutoSelectDataFromOra(AutoSelectDataFromOra.java:28)
	at sun.reflect.NativeMethodAccessorImpl.invoke0(Native Method)
	at sun.reflect.NativeMethodAccessorImpl.invoke(NativeMethodAccessorImpl.java:57)
	at sun.reflect.DelegatingMethodAccessorImpl.invoke(DelegatingMethodAccessorImpl.java:43)
	at java.lang.reflect.Method.invoke(Method.java:606)
	at org.springframework.scheduling.support.ScheduledMethodRunnable.run(ScheduledMethodRunnable.java:65)
	at org.springframework.scheduling.support.DelegatingErrorHandlingRunnable.run(DelegatingErrorHandlingRunnable.java:54)
	at org.springframework.scheduling.concurrent.ReschedulingRunnable.run(ReschedulingRunnable.java:81)
	at java.util.concurrent.Executors$RunnableAdapter.call(Executors.java:471)
	at java.util.concurrent.FutureTask.run(FutureTask.java:262)
	at java.util.concurrent.ScheduledThreadPoolExecutor$ScheduledFutureTask.access$201(ScheduledThreadPoolExecutor.java:178)
	at java.util.concurrent.ScheduledThreadPoolExecutor$ScheduledFutureTask.run(ScheduledThreadPoolExecutor.java:292)
	at java.util.concurrent.ThreadPoolExecutor.runWorker(ThreadPoolExecutor.java:1145)
	at java.util.concurrent.ThreadPoolExecutor$Worker.run(ThreadPoolExecutor.java:615)
	at java.lang.Thread.run(Thread.java:745)
20:16:21.281 [pool-2-thread-1] ERROR o.s.s.s.TaskUtils$LoggingErrorHandler [TaskUtils.java:95] Unexpected error occurred in scheduled task.
java.lang.NullPointerException: null
	at luju.common.util.DataProcess.jcTimeList(DataProcess.java:34)
	at com.luju.ygz.test.service.impl.TestServiceImpl.selectPlanDataFromOra(TestServiceImpl.java:31)
	at com.luju.ygz.dc.controller.AutoSelectDataFromOra.AutoSelectDataFromOra(AutoSelectDataFromOra.java:28)
	at sun.reflect.NativeMethodAccessorImpl.invoke0(Native Method)
	at sun.reflect.NativeMethodAccessorImpl.invoke(NativeMethodAccessorImpl.java:57)
	at sun.reflect.DelegatingMethodAccessorImpl.invoke(DelegatingMethodAccessorImpl.java:43)
	at java.lang.reflect.Method.invoke(Method.java:606)
	at org.springframework.scheduling.support.ScheduledMethodRunnable.run(ScheduledMethodRunnable.java:65)
	at org.springframework.scheduling.support.DelegatingErrorHandlingRunnable.run(DelegatingErrorHandlingRunnable.java:54)
	at org.springframework.scheduling.concurrent.ReschedulingRunnable.run(ReschedulingRunnable.java:81)
	at java.util.concurrent.Executors$RunnableAdapter.call(Executors.java:471)
	at java.util.concurrent.FutureTask.run(FutureTask.java:262)
	at java.util.concurrent.ScheduledThreadPoolExecutor$ScheduledFutureTask.access$201(ScheduledThreadPoolExecutor.java:178)
	at java.util.concurrent.ScheduledThreadPoolExecutor$ScheduledFutureTask.run(ScheduledThreadPoolExecutor.java:292)
	at java.util.concurrent.ThreadPoolExecutor.runWorker(ThreadPoolExecutor.java:1145)
	at java.util.concurrent.ThreadPoolExecutor$Worker.run(ThreadPoolExecutor.java:615)
	at java.lang.Thread.run(Thread.java:745)
20:20:21.216 [pool-2-thread-1] ERROR o.s.s.s.TaskUtils$LoggingErrorHandler [TaskUtils.java:95] Unexpected error occurred in scheduled task.
java.lang.NullPointerException: null
	at luju.common.util.DataProcess.jcTimeList(DataProcess.java:34)
	at com.luju.ygz.test.service.impl.TestServiceImpl.selectPlanDataFromOra(TestServiceImpl.java:31)
	at com.luju.ygz.dc.controller.AutoSelectDataFromOra.AutoSelectDataFromOra(AutoSelectDataFromOra.java:28)
	at sun.reflect.NativeMethodAccessorImpl.invoke0(Native Method)
	at sun.reflect.NativeMethodAccessorImpl.invoke(NativeMethodAccessorImpl.java:57)
	at sun.reflect.DelegatingMethodAccessorImpl.invoke(DelegatingMethodAccessorImpl.java:43)
	at java.lang.reflect.Method.invoke(Method.java:606)
	at org.springframework.scheduling.support.ScheduledMethodRunnable.run(ScheduledMethodRunnable.java:65)
	at org.springframework.scheduling.support.DelegatingErrorHandlingRunnable.run(DelegatingErrorHandlingRunnable.java:54)
	at org.springframework.scheduling.concurrent.ReschedulingRunnable.run(ReschedulingRunnable.java:81)
	at java.util.concurrent.Executors$RunnableAdapter.call(Executors.java:471)
	at java.util.concurrent.FutureTask.run(FutureTask.java:262)
	at java.util.concurrent.ScheduledThreadPoolExecutor$ScheduledFutureTask.access$201(ScheduledThreadPoolExecutor.java:178)
	at java.util.concurrent.ScheduledThreadPoolExecutor$ScheduledFutureTask.run(ScheduledThreadPoolExecutor.java:292)
	at java.util.concurrent.ThreadPoolExecutor.runWorker(ThreadPoolExecutor.java:1145)
	at java.util.concurrent.ThreadPoolExecutor$Worker.run(ThreadPoolExecutor.java:615)
	at java.lang.Thread.run(Thread.java:745)
20:24:21.208 [pool-2-thread-1] ERROR o.s.s.s.TaskUtils$LoggingErrorHandler [TaskUtils.java:95] Unexpected error occurred in scheduled task.
java.lang.NullPointerException: null
	at luju.common.util.DataProcess.jcTimeList(DataProcess.java:34)
	at com.luju.ygz.test.service.impl.TestServiceImpl.selectPlanDataFromOra(TestServiceImpl.java:31)
	at com.luju.ygz.dc.controller.AutoSelectDataFromOra.AutoSelectDataFromOra(AutoSelectDataFromOra.java:28)
	at sun.reflect.NativeMethodAccessorImpl.invoke0(Native Method)
	at sun.reflect.NativeMethodAccessorImpl.invoke(NativeMethodAccessorImpl.java:57)
	at sun.reflect.DelegatingMethodAccessorImpl.invoke(DelegatingMethodAccessorImpl.java:43)
	at java.lang.reflect.Method.invoke(Method.java:606)
	at org.springframework.scheduling.support.ScheduledMethodRunnable.run(ScheduledMethodRunnable.java:65)
	at org.springframework.scheduling.support.DelegatingErrorHandlingRunnable.run(DelegatingErrorHandlingRunnable.java:54)
	at org.springframework.scheduling.concurrent.ReschedulingRunnable.run(ReschedulingRunnable.java:81)
	at java.util.concurrent.Executors$RunnableAdapter.call(Executors.java:471)
	at java.util.concurrent.FutureTask.run(FutureTask.java:262)
	at java.util.concurrent.ScheduledThreadPoolExecutor$ScheduledFutureTask.access$201(ScheduledThreadPoolExecutor.java:178)
	at java.util.concurrent.ScheduledThreadPoolExecutor$ScheduledFutureTask.run(ScheduledThreadPoolExecutor.java:292)
	at java.util.concurrent.ThreadPoolExecutor.runWorker(ThreadPoolExecutor.java:1145)
	at java.util.concurrent.ThreadPoolExecutor$Worker.run(ThreadPoolExecutor.java:615)
	at java.lang.Thread.run(Thread.java:745)
20:28:21.295 [pool-2-thread-1] ERROR o.s.s.s.TaskUtils$LoggingErrorHandler [TaskUtils.java:95] Unexpected error occurred in scheduled task.
java.lang.NullPointerException: null
	at luju.common.util.DataProcess.jcTimeList(DataProcess.java:34)
	at com.luju.ygz.test.service.impl.TestServiceImpl.selectPlanDataFromOra(TestServiceImpl.java:31)
	at com.luju.ygz.dc.controller.AutoSelectDataFromOra.AutoSelectDataFromOra(AutoSelectDataFromOra.java:28)
	at sun.reflect.NativeMethodAccessorImpl.invoke0(Native Method)
	at sun.reflect.NativeMethodAccessorImpl.invoke(NativeMethodAccessorImpl.java:57)
	at sun.reflect.DelegatingMethodAccessorImpl.invoke(DelegatingMethodAccessorImpl.java:43)
	at java.lang.reflect.Method.invoke(Method.java:606)
	at org.springframework.scheduling.support.ScheduledMethodRunnable.run(ScheduledMethodRunnable.java:65)
	at org.springframework.scheduling.support.DelegatingErrorHandlingRunnable.run(DelegatingErrorHandlingRunnable.java:54)
	at org.springframework.scheduling.concurrent.ReschedulingRunnable.run(ReschedulingRunnable.java:81)
	at java.util.concurrent.Executors$RunnableAdapter.call(Executors.java:471)
	at java.util.concurrent.FutureTask.run(FutureTask.java:262)
	at java.util.concurrent.ScheduledThreadPoolExecutor$ScheduledFutureTask.access$201(ScheduledThreadPoolExecutor.java:178)
	at java.util.concurrent.ScheduledThreadPoolExecutor$ScheduledFutureTask.run(ScheduledThreadPoolExecutor.java:292)
	at java.util.concurrent.ThreadPoolExecutor.runWorker(ThreadPoolExecutor.java:1145)
	at java.util.concurrent.ThreadPoolExecutor$Worker.run(ThreadPoolExecutor.java:615)
	at java.lang.Thread.run(Thread.java:745)
20:32:21.200 [pool-2-thread-1] ERROR o.s.s.s.TaskUtils$LoggingErrorHandler [TaskUtils.java:95] Unexpected error occurred in scheduled task.
java.lang.NullPointerException: null
	at luju.common.util.DataProcess.jcTimeList(DataProcess.java:34)
	at com.luju.ygz.test.service.impl.TestServiceImpl.selectPlanDataFromOra(TestServiceImpl.java:31)
	at com.luju.ygz.dc.controller.AutoSelectDataFromOra.AutoSelectDataFromOra(AutoSelectDataFromOra.java:28)
	at sun.reflect.NativeMethodAccessorImpl.invoke0(Native Method)
	at sun.reflect.NativeMethodAccessorImpl.invoke(NativeMethodAccessorImpl.java:57)
	at sun.reflect.DelegatingMethodAccessorImpl.invoke(DelegatingMethodAccessorImpl.java:43)
	at java.lang.reflect.Method.invoke(Method.java:606)
	at org.springframework.scheduling.support.ScheduledMethodRunnable.run(ScheduledMethodRunnable.java:65)
	at org.springframework.scheduling.support.DelegatingErrorHandlingRunnable.run(DelegatingErrorHandlingRunnable.java:54)
	at org.springframework.scheduling.concurrent.ReschedulingRunnable.run(ReschedulingRunnable.java:81)
	at java.util.concurrent.Executors$RunnableAdapter.call(Executors.java:471)
	at java.util.concurrent.FutureTask.run(FutureTask.java:262)
	at java.util.concurrent.ScheduledThreadPoolExecutor$ScheduledFutureTask.access$201(ScheduledThreadPoolExecutor.java:178)
	at java.util.concurrent.ScheduledThreadPoolExecutor$ScheduledFutureTask.run(ScheduledThreadPoolExecutor.java:292)
	at java.util.concurrent.ThreadPoolExecutor.runWorker(ThreadPoolExecutor.java:1145)
	at java.util.concurrent.ThreadPoolExecutor$Worker.run(ThreadPoolExecutor.java:615)
	at java.lang.Thread.run(Thread.java:745)
20:36:21.219 [pool-2-thread-1] ERROR o.s.s.s.TaskUtils$LoggingErrorHandler [TaskUtils.java:95] Unexpected error occurred in scheduled task.
java.lang.NullPointerException: null
	at luju.common.util.DataProcess.jcTimeList(DataProcess.java:34)
	at com.luju.ygz.test.service.impl.TestServiceImpl.selectPlanDataFromOra(TestServiceImpl.java:31)
	at com.luju.ygz.dc.controller.AutoSelectDataFromOra.AutoSelectDataFromOra(AutoSelectDataFromOra.java:28)
	at sun.reflect.NativeMethodAccessorImpl.invoke0(Native Method)
	at sun.reflect.NativeMethodAccessorImpl.invoke(NativeMethodAccessorImpl.java:57)
	at sun.reflect.DelegatingMethodAccessorImpl.invoke(DelegatingMethodAccessorImpl.java:43)
	at java.lang.reflect.Method.invoke(Method.java:606)
	at org.springframework.scheduling.support.ScheduledMethodRunnable.run(ScheduledMethodRunnable.java:65)
	at org.springframework.scheduling.support.DelegatingErrorHandlingRunnable.run(DelegatingErrorHandlingRunnable.java:54)
	at org.springframework.scheduling.concurrent.ReschedulingRunnable.run(ReschedulingRunnable.java:81)
	at java.util.concurrent.Executors$RunnableAdapter.call(Executors.java:471)
	at java.util.concurrent.FutureTask.run(FutureTask.java:262)
	at java.util.concurrent.ScheduledThreadPoolExecutor$ScheduledFutureTask.access$201(ScheduledThreadPoolExecutor.java:178)
	at java.util.concurrent.ScheduledThreadPoolExecutor$ScheduledFutureTask.run(ScheduledThreadPoolExecutor.java:292)
	at java.util.concurrent.ThreadPoolExecutor.runWorker(ThreadPoolExecutor.java:1145)
	at java.util.concurrent.ThreadPoolExecutor$Worker.run(ThreadPoolExecutor.java:615)
	at java.lang.Thread.run(Thread.java:745)
20:40:21.193 [pool-2-thread-1] ERROR o.s.s.s.TaskUtils$LoggingErrorHandler [TaskUtils.java:95] Unexpected error occurred in scheduled task.
java.lang.NullPointerException: null
	at luju.common.util.DataProcess.jcTimeList(DataProcess.java:34)
	at com.luju.ygz.test.service.impl.TestServiceImpl.selectPlanDataFromOra(TestServiceImpl.java:31)
	at com.luju.ygz.dc.controller.AutoSelectDataFromOra.AutoSelectDataFromOra(AutoSelectDataFromOra.java:28)
	at sun.reflect.NativeMethodAccessorImpl.invoke0(Native Method)
	at sun.reflect.NativeMethodAccessorImpl.invoke(NativeMethodAccessorImpl.java:57)
	at sun.reflect.DelegatingMethodAccessorImpl.invoke(DelegatingMethodAccessorImpl.java:43)
	at java.lang.reflect.Method.invoke(Method.java:606)
	at org.springframework.scheduling.support.ScheduledMethodRunnable.run(ScheduledMethodRunnable.java:65)
	at org.springframework.scheduling.support.DelegatingErrorHandlingRunnable.run(DelegatingErrorHandlingRunnable.java:54)
	at org.springframework.scheduling.concurrent.ReschedulingRunnable.run(ReschedulingRunnable.java:81)
	at java.util.concurrent.Executors$RunnableAdapter.call(Executors.java:471)
	at java.util.concurrent.FutureTask.run(FutureTask.java:262)
	at java.util.concurrent.ScheduledThreadPoolExecutor$ScheduledFutureTask.access$201(ScheduledThreadPoolExecutor.java:178)
	at java.util.concurrent.ScheduledThreadPoolExecutor$ScheduledFutureTask.run(ScheduledThreadPoolExecutor.java:292)
	at java.util.concurrent.ThreadPoolExecutor.runWorker(ThreadPoolExecutor.java:1145)
	at java.util.concurrent.ThreadPoolExecutor$Worker.run(ThreadPoolExecutor.java:615)
	at java.lang.Thread.run(Thread.java:745)
20:44:21.262 [pool-2-thread-1] ERROR o.s.s.s.TaskUtils$LoggingErrorHandler [TaskUtils.java:95] Unexpected error occurred in scheduled task.
java.lang.NullPointerException: null
	at luju.common.util.DataProcess.jcTimeList(DataProcess.java:34)
	at com.luju.ygz.test.service.impl.TestServiceImpl.selectPlanDataFromOra(TestServiceImpl.java:31)
	at com.luju.ygz.dc.controller.AutoSelectDataFromOra.AutoSelectDataFromOra(AutoSelectDataFromOra.java:28)
	at sun.reflect.NativeMethodAccessorImpl.invoke0(Native Method)
	at sun.reflect.NativeMethodAccessorImpl.invoke(NativeMethodAccessorImpl.java:57)
	at sun.reflect.DelegatingMethodAccessorImpl.invoke(DelegatingMethodAccessorImpl.java:43)
	at java.lang.reflect.Method.invoke(Method.java:606)
	at org.springframework.scheduling.support.ScheduledMethodRunnable.run(ScheduledMethodRunnable.java:65)
	at org.springframework.scheduling.support.DelegatingErrorHandlingRunnable.run(DelegatingErrorHandlingRunnable.java:54)
	at org.springframework.scheduling.concurrent.ReschedulingRunnable.run(ReschedulingRunnable.java:81)
	at java.util.concurrent.Executors$RunnableAdapter.call(Executors.java:471)
	at java.util.concurrent.FutureTask.run(FutureTask.java:262)
	at java.util.concurrent.ScheduledThreadPoolExecutor$ScheduledFutureTask.access$201(ScheduledThreadPoolExecutor.java:178)
	at java.util.concurrent.ScheduledThreadPoolExecutor$ScheduledFutureTask.run(ScheduledThreadPoolExecutor.java:292)
	at java.util.concurrent.ThreadPoolExecutor.runWorker(ThreadPoolExecutor.java:1145)
	at java.util.concurrent.ThreadPoolExecutor$Worker.run(ThreadPoolExecutor.java:615)
	at java.lang.Thread.run(Thread.java:745)
20:48:21.215 [pool-2-thread-1] ERROR o.s.s.s.TaskUtils$LoggingErrorHandler [TaskUtils.java:95] Unexpected error occurred in scheduled task.
java.lang.NullPointerException: null
	at luju.common.util.DataProcess.jcTimeList(DataProcess.java:34)
	at com.luju.ygz.test.service.impl.TestServiceImpl.selectPlanDataFromOra(TestServiceImpl.java:31)
	at com.luju.ygz.dc.controller.AutoSelectDataFromOra.AutoSelectDataFromOra(AutoSelectDataFromOra.java:28)
	at sun.reflect.NativeMethodAccessorImpl.invoke0(Native Method)
	at sun.reflect.NativeMethodAccessorImpl.invoke(NativeMethodAccessorImpl.java:57)
	at sun.reflect.DelegatingMethodAccessorImpl.invoke(DelegatingMethodAccessorImpl.java:43)
	at java.lang.reflect.Method.invoke(Method.java:606)
	at org.springframework.scheduling.support.ScheduledMethodRunnable.run(ScheduledMethodRunnable.java:65)
	at org.springframework.scheduling.support.DelegatingErrorHandlingRunnable.run(DelegatingErrorHandlingRunnable.java:54)
	at org.springframework.scheduling.concurrent.ReschedulingRunnable.run(ReschedulingRunnable.java:81)
	at java.util.concurrent.Executors$RunnableAdapter.call(Executors.java:471)
	at java.util.concurrent.FutureTask.run(FutureTask.java:262)
	at java.util.concurrent.ScheduledThreadPoolExecutor$ScheduledFutureTask.access$201(ScheduledThreadPoolExecutor.java:178)
	at java.util.concurrent.ScheduledThreadPoolExecutor$ScheduledFutureTask.run(ScheduledThreadPoolExecutor.java:292)
	at java.util.concurrent.ThreadPoolExecutor.runWorker(ThreadPoolExecutor.java:1145)
	at java.util.concurrent.ThreadPoolExecutor$Worker.run(ThreadPoolExecutor.java:615)
	at java.lang.Thread.run(Thread.java:745)
20:52:21.195 [pool-2-thread-1] ERROR o.s.s.s.TaskUtils$LoggingErrorHandler [TaskUtils.java:95] Unexpected error occurred in scheduled task.
java.lang.NullPointerException: null
	at luju.common.util.DataProcess.jcTimeList(DataProcess.java:34)
	at com.luju.ygz.test.service.impl.TestServiceImpl.selectPlanDataFromOra(TestServiceImpl.java:31)
	at com.luju.ygz.dc.controller.AutoSelectDataFromOra.AutoSelectDataFromOra(AutoSelectDataFromOra.java:28)
	at sun.reflect.NativeMethodAccessorImpl.invoke0(Native Method)
	at sun.reflect.NativeMethodAccessorImpl.invoke(NativeMethodAccessorImpl.java:57)
	at sun.reflect.DelegatingMethodAccessorImpl.invoke(DelegatingMethodAccessorImpl.java:43)
	at java.lang.reflect.Method.invoke(Method.java:606)
	at org.springframework.scheduling.support.ScheduledMethodRunnable.run(ScheduledMethodRunnable.java:65)
	at org.springframework.scheduling.support.DelegatingErrorHandlingRunnable.run(DelegatingErrorHandlingRunnable.java:54)
	at org.springframework.scheduling.concurrent.ReschedulingRunnable.run(ReschedulingRunnable.java:81)
	at java.util.concurrent.Executors$RunnableAdapter.call(Executors.java:471)
	at java.util.concurrent.FutureTask.run(FutureTask.java:262)
	at java.util.concurrent.ScheduledThreadPoolExecutor$ScheduledFutureTask.access$201(ScheduledThreadPoolExecutor.java:178)
	at java.util.concurrent.ScheduledThreadPoolExecutor$ScheduledFutureTask.run(ScheduledThreadPoolExecutor.java:292)
	at java.util.concurrent.ThreadPoolExecutor.runWorker(ThreadPoolExecutor.java:1145)
	at java.util.concurrent.ThreadPoolExecutor$Worker.run(ThreadPoolExecutor.java:615)
	at java.lang.Thread.run(Thread.java:745)
20:56:21.150 [pool-2-thread-1] ERROR o.s.s.s.TaskUtils$LoggingErrorHandler [TaskUtils.java:95] Unexpected error occurred in scheduled task.
java.lang.NullPointerException: null
	at luju.common.util.DataProcess.jcTimeList(DataProcess.java:34)
	at com.luju.ygz.test.service.impl.TestServiceImpl.selectPlanDataFromOra(TestServiceImpl.java:31)
	at com.luju.ygz.dc.controller.AutoSelectDataFromOra.AutoSelectDataFromOra(AutoSelectDataFromOra.java:28)
	at sun.reflect.NativeMethodAccessorImpl.invoke0(Native Method)
	at sun.reflect.NativeMethodAccessorImpl.invoke(NativeMethodAccessorImpl.java:57)
	at sun.reflect.DelegatingMethodAccessorImpl.invoke(DelegatingMethodAccessorImpl.java:43)
	at java.lang.reflect.Method.invoke(Method.java:606)
	at org.springframework.scheduling.support.ScheduledMethodRunnable.run(ScheduledMethodRunnable.java:65)
	at org.springframework.scheduling.support.DelegatingErrorHandlingRunnable.run(DelegatingErrorHandlingRunnable.java:54)
	at org.springframework.scheduling.concurrent.ReschedulingRunnable.run(ReschedulingRunnable.java:81)
	at java.util.concurrent.Executors$RunnableAdapter.call(Executors.java:471)
	at java.util.concurrent.FutureTask.run(FutureTask.java:262)
	at java.util.concurrent.ScheduledThreadPoolExecutor$ScheduledFutureTask.access$201(ScheduledThreadPoolExecutor.java:178)
	at java.util.concurrent.ScheduledThreadPoolExecutor$ScheduledFutureTask.run(ScheduledThreadPoolExecutor.java:292)
	at java.util.concurrent.ThreadPoolExecutor.runWorker(ThreadPoolExecutor.java:1145)
	at java.util.concurrent.ThreadPoolExecutor$Worker.run(ThreadPoolExecutor.java:615)
	at java.lang.Thread.run(Thread.java:745)
