00:35:04.975 [localhost-startStop-1] INFO  o.s.web.context.ContextLoader [ContextLoader.java:285] Root WebApplicationContext: initialization started
00:35:05.331 [localhost-startStop-1] INFO  o.s.w.c.s.XmlWebApplicationContext [AbstractApplicationContext.java:510] Refreshing Root WebApplicationContext: startup date [Wed Nov 01 00:35:05 GMT+08:00 2017]; root of context hierarchy
00:35:05.382 [localhost-startStop-1] INFO  o.s.b.f.xml.XmlBeanDefinitionReader [XmlBeanDefinitionReader.java:317] Loading XML bean definitions from class path resource [spring/task-context.xml]
00:35:05.624 [localhost-startStop-1] INFO  o.s.web.context.ContextLoader [ContextLoader.java:325] Root WebApplicationContext: initialization completed in 643 ms
00:35:05.663 [localhost-startStop-1] INFO  o.s.web.servlet.DispatcherServlet [FrameworkServlet.java:484] FrameworkServlet 'springServlet': initialization started
00:35:05.664 [localhost-startStop-1] INFO  o.s.w.c.s.XmlWebApplicationContext [AbstractApplicationContext.java:510] Refreshing WebApplicationContext for namespace 'springServlet-servlet': startup date [Wed Nov 01 00:35:05 GMT+08:00 2017]; parent: Root WebApplicationContext
00:35:05.665 [localhost-startStop-1] INFO  o.s.b.f.xml.XmlBeanDefinitionReader [XmlBeanDefinitionReader.java:317] Loading XML bean definitions from class path resource [spring/servlet-context.xml]
00:35:05.852 [localhost-startStop-1] INFO  o.s.b.f.xml.XmlBeanDefinitionReader [XmlBeanDefinitionReader.java:317] Loading XML bean definitions from class path resource [spring/task-context.xml]
00:35:06.173 [localhost-startStop-1] INFO  o.s.c.s.PropertySourcesPlaceholderConfigurer [PropertiesLoaderSupport.java:172] Loading properties file from class path resource [db/db.properties]
00:35:06.182 [localhost-startStop-1] INFO  o.s.c.s.PropertySourcesPlaceholderConfigurer [PropertiesLoaderSupport.java:172] Loading properties file from class path resource [db/db.properties]
00:35:06.192 [localhost-startStop-1] INFO  o.s.b.f.a.AutowiredAnnotationBeanPostProcessor [AutowiredAnnotationBeanPostProcessor.java:153] JSR-330 'javax.inject.Inject' annotation found and supported for autowiring
00:35:06.815 [localhost-startStop-1] INFO  o.s.w.s.m.m.a.RequestMappingHandlerMapping [AbstractHandlerMethodMapping.java:217] Mapped "{[/test/hello],methods=[],params=[],headers=[],consumes=[],produces=[],custom=[]}" onto public java.lang.String com.luju.ygz.dc.controller.DcController.test()
00:35:06.815 [localhost-startStop-1] INFO  o.s.w.s.m.m.a.RequestMappingHandlerMapping [AbstractHandlerMethodMapping.java:217] Mapped "{[/test/world],methods=[],params=[],headers=[],consumes=[],produces=[],custom=[]}" onto public java.lang.String com.luju.ygz.dc.controller.DcController.processDcData()
00:35:06.818 [localhost-startStop-1] INFO  o.s.w.s.m.m.a.RequestMappingHandlerMapping [AbstractHandlerMethodMapping.java:217] Mapped "{[/luju/login],methods=[POST],params=[],headers=[],consumes=[],produces=[],custom=[]}" onto public java.lang.String com.luju.ygz.ShowController.test(javax.servlet.http.HttpServletRequest)
00:35:06.819 [localhost-startStop-1] INFO  o.s.w.s.m.m.a.RequestMappingHandlerMapping [AbstractHandlerMethodMapping.java:217] Mapped "{[/luju/updateDestination],methods=[],params=[],headers=[],consumes=[],produces=[],custom=[]}" onto public java.util.Map<java.lang.String, java.util.List<com.luju.pojo.DcPlanInfo>> com.luju.ygz.ShowController.updateDestination(com.luju.pojo.DcPlanInfo)
00:35:06.819 [localhost-startStop-1] INFO  o.s.w.s.m.m.a.RequestMappingHandlerMapping [AbstractHandlerMethodMapping.java:217] Mapped "{[/luju/selectTextarea],methods=[POST],params=[],headers=[],consumes=[],produces=[],custom=[]}" onto public java.util.List<com.luju.pojo.TextareaInfo> com.luju.ygz.ShowController.selectTextarea(com.luju.pojo.TextareaInfo)
00:35:06.820 [localhost-startStop-1] INFO  o.s.w.s.m.m.a.RequestMappingHandlerMapping [AbstractHandlerMethodMapping.java:217] Mapped "{[/luju/bwjPath],methods=[],params=[],headers=[],consumes=[],produces=[],custom=[]}" onto public java.lang.String com.luju.ygz.ShowController.selectBwjPath(com.luju.pojo.JcPlanInfo)
00:35:06.821 [localhost-startStop-1] INFO  o.s.w.s.m.m.a.RequestMappingHandlerMapping [AbstractHandlerMethodMapping.java:217] Mapped "{[/luju/route],methods=[],params=[],headers=[],consumes=[],produces=[],custom=[]}" onto public java.lang.String com.luju.ygz.ShowController.routeLogin()
00:35:06.821 [localhost-startStop-1] INFO  o.s.w.s.m.m.a.RequestMappingHandlerMapping [AbstractHandlerMethodMapping.java:217] Mapped "{[/luju/textarea],methods=[POST],params=[],headers=[],consumes=[],produces=[],custom=[]}" onto public java.lang.String com.luju.ygz.ShowController.textarea(javax.servlet.http.HttpServletRequest)
00:35:06.821 [localhost-startStop-1] INFO  o.s.w.s.m.m.a.RequestMappingHandlerMapping [AbstractHandlerMethodMapping.java:217] Mapped "{[/luju/jcPlan],methods=[],params=[],headers=[],consumes=[],produces=[],custom=[]}" onto public org.springframework.web.servlet.ModelAndView com.luju.ygz.ShowController.allJcDataNew()
00:35:06.822 [localhost-startStop-1] INFO  o.s.w.s.m.m.a.RequestMappingHandlerMapping [AbstractHandlerMethodMapping.java:217] Mapped "{[/luju/statistics],methods=[GET],params=[],headers=[],consumes=[],produces=[],custom=[]}" onto public org.springframework.web.servlet.ModelAndView com.luju.ygz.ShowController.toStatistics()
00:35:06.822 [localhost-startStop-1] INFO  o.s.w.s.m.m.a.RequestMappingHandlerMapping [AbstractHandlerMethodMapping.java:217] Mapped "{[/luju/time],methods=[POST],params=[],headers=[],consumes=[],produces=[],custom=[]}" onto public java.util.List<com.luju.pojo.StatisticsInfo> com.luju.ygz.ShowController.list4Time(java.lang.String)
00:35:06.822 [localhost-startStop-1] INFO  o.s.w.s.m.m.a.RequestMappingHandlerMapping [AbstractHandlerMethodMapping.java:217] Mapped "{[/luju/zyPlan],methods=[],params=[],headers=[],consumes=[],produces=[],custom=[]}" onto public org.springframework.web.servlet.ModelAndView com.luju.ygz.ShowController.allJcData()
00:35:06.822 [localhost-startStop-1] INFO  o.s.w.s.m.m.a.RequestMappingHandlerMapping [AbstractHandlerMethodMapping.java:217] Mapped "{[/luju/tcPath],methods=[],params=[],headers=[],consumes=[],produces=[],custom=[]}" onto public org.springframework.web.servlet.ModelAndView com.luju.ygz.ShowController.selectTcPath(com.luju.pojo.DcPlanInfo)
00:35:06.823 [localhost-startStop-1] INFO  o.s.w.s.m.m.a.RequestMappingHandlerMapping [AbstractHandlerMethodMapping.java:217] Mapped "{[/luju/zmPath],methods=[],params=[],headers=[],consumes=[],produces=[],custom=[]}" onto public java.lang.String com.luju.ygz.ShowController.selectZmPath(com.luju.pojo.DcPlanInfo)
00:35:06.823 [localhost-startStop-1] INFO  o.s.w.s.m.m.a.RequestMappingHandlerMapping [AbstractHandlerMethodMapping.java:217] Mapped "{[/luju/jtPath],methods=[],params=[],headers=[],consumes=[],produces=[],custom=[]}" onto public java.lang.String com.luju.ygz.ShowController.selectJtPath(com.luju.pojo.DcPlanInfo)
00:35:06.823 [localhost-startStop-1] INFO  o.s.w.s.m.m.a.RequestMappingHandlerMapping [AbstractHandlerMethodMapping.java:217] Mapped "{[/luju/updateSource],methods=[],params=[],headers=[],consumes=[],produces=[],custom=[]}" onto public java.util.Map<java.lang.String, java.util.List<com.luju.pojo.DcPlanInfo>> com.luju.ygz.ShowController.updateSource(com.luju.pojo.DcPlanInfo)
00:35:06.824 [localhost-startStop-1] INFO  o.s.w.s.m.m.a.RequestMappingHandlerMapping [AbstractHandlerMethodMapping.java:217] Mapped "{[/luju/hello],methods=[],params=[],headers=[],consumes=[],produces=[],custom=[]}" onto public java.lang.String com.luju.ygz.test.controller.TestController.test()
00:35:06.824 [localhost-startStop-1] INFO  o.s.w.s.m.m.a.RequestMappingHandlerMapping [AbstractHandlerMethodMapping.java:217] Mapped "{[/luju/world],methods=[],params=[],headers=[],consumes=[],produces=[],custom=[]}" onto public java.lang.String com.luju.ygz.test.controller.TestController.dataFromCopyToOne()
00:35:06.825 [localhost-startStop-1] INFO  o.s.w.s.m.m.a.RequestMappingHandlerMapping [AbstractHandlerMethodMapping.java:217] Mapped "{[/about/index],methods=[],params=[],headers=[],consumes=[],produces=[],custom=[]}" onto public java.lang.String com.luju.ygz.about.controller.AboutUsController.aboutUs()
00:35:07.380 [localhost-startStop-1] INFO  o.s.w.s.m.m.a.RequestMappingHandlerAdapter [RequestMappingHandlerAdapter.java:517] Looking for @ControllerAdvice: WebApplicationContext for namespace 'springServlet-servlet': startup date [Wed Nov 01 00:35:05 GMT+08:00 2017]; parent: Root WebApplicationContext
00:35:07.465 [localhost-startStop-1] INFO  o.s.w.s.m.m.a.RequestMappingHandlerAdapter [RequestMappingHandlerAdapter.java:517] Looking for @ControllerAdvice: WebApplicationContext for namespace 'springServlet-servlet': startup date [Wed Nov 01 00:35:05 GMT+08:00 2017]; parent: Root WebApplicationContext
00:35:07.580 [localhost-startStop-1] INFO  o.s.w.s.h.SimpleUrlHandlerMapping [AbstractUrlHandlerMapping.java:314] Mapped URL path [/static/**] onto handler 'org.springframework.web.servlet.resource.ResourceHttpRequestHandler#0'
00:35:07.630 [localhost-startStop-1] INFO  o.s.w.s.m.m.a.RequestMappingHandlerAdapter [RequestMappingHandlerAdapter.java:517] Looking for @ControllerAdvice: WebApplicationContext for namespace 'springServlet-servlet': startup date [Wed Nov 01 00:35:05 GMT+08:00 2017]; parent: Root WebApplicationContext
00:35:07.681 [localhost-startStop-1] INFO  o.s.web.servlet.DispatcherServlet [FrameworkServlet.java:503] FrameworkServlet 'springServlet': initialization completed in 2018 ms
00:36:21.546 [pool-2-thread-1] ERROR o.s.s.s.TaskUtils$LoggingErrorHandler [TaskUtils.java:95] Unexpected error occurred in scheduled task.
java.lang.NullPointerException: null
	at luju.common.util.DataProcess.jcTimeList(DataProcess.java:39)
	at com.luju.ygz.test.service.impl.TestServiceImpl.selectPlanDataFromOra(TestServiceImpl.java:23)
	at com.luju.ygz.dc.controller.AutoSelectDataFromOra.AutoSelectDataFromOra(AutoSelectDataFromOra.java:24)
	at sun.reflect.NativeMethodAccessorImpl.invoke0(Native Method)
	at sun.reflect.NativeMethodAccessorImpl.invoke(NativeMethodAccessorImpl.java:57)
	at sun.reflect.DelegatingMethodAccessorImpl.invoke(DelegatingMethodAccessorImpl.java:43)
	at java.lang.reflect.Method.invoke(Method.java:601)
	at org.springframework.scheduling.support.ScheduledMethodRunnable.run(ScheduledMethodRunnable.java:65)
	at org.springframework.scheduling.support.DelegatingErrorHandlingRunnable.run(DelegatingErrorHandlingRunnable.java:54)
	at org.springframework.scheduling.concurrent.ReschedulingRunnable.run(ReschedulingRunnable.java:81)
	at java.util.concurrent.Executors$RunnableAdapter.call(Executors.java:471)
	at java.util.concurrent.FutureTask$Sync.innerRun(FutureTask.java:334)
	at java.util.concurrent.FutureTask.run(FutureTask.java:166)
	at java.util.concurrent.ScheduledThreadPoolExecutor$ScheduledFutureTask.access$201(ScheduledThreadPoolExecutor.java:178)
	at java.util.concurrent.ScheduledThreadPoolExecutor$ScheduledFutureTask.run(ScheduledThreadPoolExecutor.java:292)
	at java.util.concurrent.ThreadPoolExecutor.runWorker(ThreadPoolExecutor.java:1145)
	at java.util.concurrent.ThreadPoolExecutor$Worker.run(ThreadPoolExecutor.java:615)
	at java.lang.Thread.run(Thread.java:722)
00:40:21.440 [pool-2-thread-1] ERROR o.s.s.s.TaskUtils$LoggingErrorHandler [TaskUtils.java:95] Unexpected error occurred in scheduled task.
java.lang.NullPointerException: null
	at luju.common.util.DataProcess.jcTimeList(DataProcess.java:39)
	at com.luju.ygz.test.service.impl.TestServiceImpl.selectPlanDataFromOra(TestServiceImpl.java:23)
	at com.luju.ygz.dc.controller.AutoSelectDataFromOra.AutoSelectDataFromOra(AutoSelectDataFromOra.java:24)
	at sun.reflect.NativeMethodAccessorImpl.invoke0(Native Method)
	at sun.reflect.NativeMethodAccessorImpl.invoke(NativeMethodAccessorImpl.java:57)
	at sun.reflect.DelegatingMethodAccessorImpl.invoke(DelegatingMethodAccessorImpl.java:43)
	at java.lang.reflect.Method.invoke(Method.java:601)
	at org.springframework.scheduling.support.ScheduledMethodRunnable.run(ScheduledMethodRunnable.java:65)
	at org.springframework.scheduling.support.DelegatingErrorHandlingRunnable.run(DelegatingErrorHandlingRunnable.java:54)
	at org.springframework.scheduling.concurrent.ReschedulingRunnable.run(ReschedulingRunnable.java:81)
	at java.util.concurrent.Executors$RunnableAdapter.call(Executors.java:471)
	at java.util.concurrent.FutureTask$Sync.innerRun(FutureTask.java:334)
	at java.util.concurrent.FutureTask.run(FutureTask.java:166)
	at java.util.concurrent.ScheduledThreadPoolExecutor$ScheduledFutureTask.access$201(ScheduledThreadPoolExecutor.java:178)
	at java.util.concurrent.ScheduledThreadPoolExecutor$ScheduledFutureTask.run(ScheduledThreadPoolExecutor.java:292)
	at java.util.concurrent.ThreadPoolExecutor.runWorker(ThreadPoolExecutor.java:1145)
	at java.util.concurrent.ThreadPoolExecutor$Worker.run(ThreadPoolExecutor.java:615)
	at java.lang.Thread.run(Thread.java:722)
00:44:21.429 [pool-2-thread-1] ERROR o.s.s.s.TaskUtils$LoggingErrorHandler [TaskUtils.java:95] Unexpected error occurred in scheduled task.
java.lang.NullPointerException: null
	at luju.common.util.DataProcess.jcTimeList(DataProcess.java:39)
	at com.luju.ygz.test.service.impl.TestServiceImpl.selectPlanDataFromOra(TestServiceImpl.java:23)
	at com.luju.ygz.dc.controller.AutoSelectDataFromOra.AutoSelectDataFromOra(AutoSelectDataFromOra.java:24)
	at sun.reflect.NativeMethodAccessorImpl.invoke0(Native Method)
	at sun.reflect.NativeMethodAccessorImpl.invoke(NativeMethodAccessorImpl.java:57)
	at sun.reflect.DelegatingMethodAccessorImpl.invoke(DelegatingMethodAccessorImpl.java:43)
	at java.lang.reflect.Method.invoke(Method.java:601)
	at org.springframework.scheduling.support.ScheduledMethodRunnable.run(ScheduledMethodRunnable.java:65)
	at org.springframework.scheduling.support.DelegatingErrorHandlingRunnable.run(DelegatingErrorHandlingRunnable.java:54)
	at org.springframework.scheduling.concurrent.ReschedulingRunnable.run(ReschedulingRunnable.java:81)
	at java.util.concurrent.Executors$RunnableAdapter.call(Executors.java:471)
	at java.util.concurrent.FutureTask$Sync.innerRun(FutureTask.java:334)
	at java.util.concurrent.FutureTask.run(FutureTask.java:166)
	at java.util.concurrent.ScheduledThreadPoolExecutor$ScheduledFutureTask.access$201(ScheduledThreadPoolExecutor.java:178)
	at java.util.concurrent.ScheduledThreadPoolExecutor$ScheduledFutureTask.run(ScheduledThreadPoolExecutor.java:292)
	at java.util.concurrent.ThreadPoolExecutor.runWorker(ThreadPoolExecutor.java:1145)
	at java.util.concurrent.ThreadPoolExecutor$Worker.run(ThreadPoolExecutor.java:615)
	at java.lang.Thread.run(Thread.java:722)
00:48:21.426 [pool-2-thread-1] ERROR o.s.s.s.TaskUtils$LoggingErrorHandler [TaskUtils.java:95] Unexpected error occurred in scheduled task.
java.lang.NullPointerException: null
	at luju.common.util.DataProcess.jcTimeList(DataProcess.java:39)
	at com.luju.ygz.test.service.impl.TestServiceImpl.selectPlanDataFromOra(TestServiceImpl.java:23)
	at com.luju.ygz.dc.controller.AutoSelectDataFromOra.AutoSelectDataFromOra(AutoSelectDataFromOra.java:24)
	at sun.reflect.NativeMethodAccessorImpl.invoke0(Native Method)
	at sun.reflect.NativeMethodAccessorImpl.invoke(NativeMethodAccessorImpl.java:57)
	at sun.reflect.DelegatingMethodAccessorImpl.invoke(DelegatingMethodAccessorImpl.java:43)
	at java.lang.reflect.Method.invoke(Method.java:601)
	at org.springframework.scheduling.support.ScheduledMethodRunnable.run(ScheduledMethodRunnable.java:65)
	at org.springframework.scheduling.support.DelegatingErrorHandlingRunnable.run(DelegatingErrorHandlingRunnable.java:54)
	at org.springframework.scheduling.concurrent.ReschedulingRunnable.run(ReschedulingRunnable.java:81)
	at java.util.concurrent.Executors$RunnableAdapter.call(Executors.java:471)
	at java.util.concurrent.FutureTask$Sync.innerRun(FutureTask.java:334)
	at java.util.concurrent.FutureTask.run(FutureTask.java:166)
	at java.util.concurrent.ScheduledThreadPoolExecutor$ScheduledFutureTask.access$201(ScheduledThreadPoolExecutor.java:178)
	at java.util.concurrent.ScheduledThreadPoolExecutor$ScheduledFutureTask.run(ScheduledThreadPoolExecutor.java:292)
	at java.util.concurrent.ThreadPoolExecutor.runWorker(ThreadPoolExecutor.java:1145)
	at java.util.concurrent.ThreadPoolExecutor$Worker.run(ThreadPoolExecutor.java:615)
	at java.lang.Thread.run(Thread.java:722)
