23:09:08.159 [localhost-startStop-1] INFO  o.s.web.context.ContextLoader [ContextLoader.java:285] Root WebApplicationContext: initialization started
23:09:08.262 [localhost-startStop-1] INFO  o.s.w.c.s.XmlWebApplicationContext [AbstractApplicationContext.java:510] Refreshing Root WebApplicationContext: startup date [Fri Jul 21 23:09:08 GMT+08:00 2017]; root of context hierarchy
23:09:08.297 [localhost-startStop-1] INFO  o.s.b.f.xml.XmlBeanDefinitionReader [XmlBeanDefinitionReader.java:317] Loading XML bean definitions from class path resource [spring/servlet-context.xml]
23:09:08.869 [localhost-startStop-1] INFO  o.s.c.s.PropertySourcesPlaceholderConfigurer [PropertiesLoaderSupport.java:172] Loading properties file from class path resource [db/db.properties]
23:09:08.888 [localhost-startStop-1] INFO  o.s.c.s.PropertySourcesPlaceholderConfigurer [PropertiesLoaderSupport.java:172] Loading properties file from class path resource [db/dbora.properties]
23:09:08.894 [localhost-startStop-1] INFO  o.s.b.f.a.AutowiredAnnotationBeanPostProcessor [AutowiredAnnotationBeanPostProcessor.java:153] JSR-330 'javax.inject.Inject' annotation found and supported for autowiring
23:09:09.361 [localhost-startStop-1] INFO  o.s.w.s.m.m.a.RequestMappingHandlerMapping [AbstractHandlerMethodMapping.java:217] Mapped "{[/test/hello],methods=[],params=[],headers=[],consumes=[],produces=[],custom=[]}" onto public java.lang.String TestController.test()
23:09:09.362 [localhost-startStop-1] INFO  o.s.w.s.m.m.a.RequestMappingHandlerMapping [AbstractHandlerMethodMapping.java:217] Mapped "{[/about/index],methods=[],params=[],headers=[],consumes=[],produces=[],custom=[]}" onto public java.lang.String luju.ygz.about.controller.AboutUsController.aboutUs()
23:09:09.929 [localhost-startStop-1] INFO  o.s.w.s.m.m.a.RequestMappingHandlerAdapter [RequestMappingHandlerAdapter.java:517] Looking for @ControllerAdvice: Root WebApplicationContext: startup date [Fri Jul 21 23:09:08 GMT+08:00 2017]; root of context hierarchy
23:09:09.973 [localhost-startStop-1] INFO  o.s.w.s.m.m.a.RequestMappingHandlerAdapter [RequestMappingHandlerAdapter.java:517] Looking for @ControllerAdvice: Root WebApplicationContext: startup date [Fri Jul 21 23:09:08 GMT+08:00 2017]; root of context hierarchy
23:09:10.052 [localhost-startStop-1] INFO  o.s.w.s.h.SimpleUrlHandlerMapping [AbstractUrlHandlerMapping.java:314] Mapped URL path [/static/**] onto handler 'org.springframework.web.servlet.resource.ResourceHttpRequestHandler#0'
23:09:10.091 [localhost-startStop-1] INFO  o.s.w.s.m.m.a.RequestMappingHandlerAdapter [RequestMappingHandlerAdapter.java:517] Looking for @ControllerAdvice: Root WebApplicationContext: startup date [Fri Jul 21 23:09:08 GMT+08:00 2017]; root of context hierarchy
23:09:10.121 [localhost-startStop-1] INFO  o.s.web.context.ContextLoader [ContextLoader.java:325] Root WebApplicationContext: initialization completed in 1955 ms
23:09:10.155 [localhost-startStop-1] INFO  o.s.web.servlet.DispatcherServlet [FrameworkServlet.java:484] FrameworkServlet 'springServlet': initialization started
23:09:10.159 [localhost-startStop-1] INFO  o.s.w.c.s.XmlWebApplicationContext [AbstractApplicationContext.java:510] Refreshing WebApplicationContext for namespace 'springServlet-servlet': startup date [Fri Jul 21 23:09:10 GMT+08:00 2017]; parent: Root WebApplicationContext
23:09:10.159 [localhost-startStop-1] INFO  o.s.b.f.xml.XmlBeanDefinitionReader [XmlBeanDefinitionReader.java:317] Loading XML bean definitions from class path resource [spring/servlet-context.xml]
23:09:10.236 [localhost-startStop-1] INFO  o.s.c.s.PropertySourcesPlaceholderConfigurer [PropertiesLoaderSupport.java:172] Loading properties file from class path resource [db/db.properties]
23:09:10.250 [localhost-startStop-1] INFO  o.s.c.s.PropertySourcesPlaceholderConfigurer [PropertiesLoaderSupport.java:172] Loading properties file from class path resource [db/dbora.properties]
23:09:10.254 [localhost-startStop-1] INFO  o.s.b.f.a.AutowiredAnnotationBeanPostProcessor [AutowiredAnnotationBeanPostProcessor.java:153] JSR-330 'javax.inject.Inject' annotation found and supported for autowiring
23:09:10.286 [localhost-startStop-1] INFO  o.s.w.s.m.m.a.RequestMappingHandlerMapping [AbstractHandlerMethodMapping.java:217] Mapped "{[/test/hello],methods=[],params=[],headers=[],consumes=[],produces=[],custom=[]}" onto public java.lang.String TestController.test()
23:09:10.290 [localhost-startStop-1] INFO  o.s.w.s.m.m.a.RequestMappingHandlerMapping [AbstractHandlerMethodMapping.java:217] Mapped "{[/about/index],methods=[],params=[],headers=[],consumes=[],produces=[],custom=[]}" onto public java.lang.String luju.ygz.about.controller.AboutUsController.aboutUs()
23:09:10.331 [localhost-startStop-1] INFO  o.s.w.s.m.m.a.RequestMappingHandlerAdapter [RequestMappingHandlerAdapter.java:517] Looking for @ControllerAdvice: WebApplicationContext for namespace 'springServlet-servlet': startup date [Fri Jul 21 23:09:10 GMT+08:00 2017]; parent: Root WebApplicationContext
23:09:10.356 [localhost-startStop-1] INFO  o.s.w.s.m.m.a.RequestMappingHandlerAdapter [RequestMappingHandlerAdapter.java:517] Looking for @ControllerAdvice: WebApplicationContext for namespace 'springServlet-servlet': startup date [Fri Jul 21 23:09:10 GMT+08:00 2017]; parent: Root WebApplicationContext
23:09:10.394 [localhost-startStop-1] INFO  o.s.w.s.h.SimpleUrlHandlerMapping [AbstractUrlHandlerMapping.java:314] Mapped URL path [/static/**] onto handler 'org.springframework.web.servlet.resource.ResourceHttpRequestHandler#0'
23:09:10.412 [localhost-startStop-1] INFO  o.s.w.s.m.m.a.RequestMappingHandlerAdapter [RequestMappingHandlerAdapter.java:517] Looking for @ControllerAdvice: WebApplicationContext for namespace 'springServlet-servlet': startup date [Fri Jul 21 23:09:10 GMT+08:00 2017]; parent: Root WebApplicationContext
23:09:10.456 [localhost-startStop-1] INFO  o.s.web.servlet.DispatcherServlet [FrameworkServlet.java:503] FrameworkServlet 'springServlet': initialization completed in 300 ms
23:13:50.782 [localhost-startStop-1] INFO  o.s.web.context.ContextLoader [ContextLoader.java:285] Root WebApplicationContext: initialization started
23:13:50.882 [localhost-startStop-1] INFO  o.s.w.c.s.XmlWebApplicationContext [AbstractApplicationContext.java:510] Refreshing Root WebApplicationContext: startup date [Fri Jul 21 23:13:50 GMT+08:00 2017]; root of context hierarchy
23:13:50.925 [localhost-startStop-1] INFO  o.s.b.f.xml.XmlBeanDefinitionReader [XmlBeanDefinitionReader.java:317] Loading XML bean definitions from class path resource [spring/servlet-context.xml]
23:13:51.496 [localhost-startStop-1] INFO  o.s.c.s.PropertySourcesPlaceholderConfigurer [PropertiesLoaderSupport.java:172] Loading properties file from class path resource [db/db.properties]
23:13:51.500 [localhost-startStop-1] WARN  o.s.w.c.s.XmlWebApplicationContext [AbstractApplicationContext.java:487] Exception encountered during context initialization - cancelling refresh attempt
org.springframework.beans.factory.BeanInitializationException: Could not load properties; nested exception is java.io.FileNotFoundException: class path resource [db/db.properties] cannot be opened because it does not exist
	at org.springframework.context.support.PropertySourcesPlaceholderConfigurer.postProcessBeanFactory(PropertySourcesPlaceholderConfigurer.java:151)
	at org.springframework.context.support.PostProcessorRegistrationDelegate.invokeBeanFactoryPostProcessors(PostProcessorRegistrationDelegate.java:265)
	at org.springframework.context.support.PostProcessorRegistrationDelegate.invokeBeanFactoryPostProcessors(PostProcessorRegistrationDelegate.java:162)
	at org.springframework.context.support.AbstractApplicationContext.invokeBeanFactoryPostProcessors(AbstractApplicationContext.java:606)
	at org.springframework.context.support.AbstractApplicationContext.refresh(AbstractApplicationContext.java:462)
	at org.springframework.web.context.ContextLoader.configureAndRefreshWebApplicationContext(ContextLoader.java:403)
	at org.springframework.web.context.ContextLoader.initWebApplicationContext(ContextLoader.java:306)
	at org.springframework.web.context.ContextLoaderListener.contextInitialized(ContextLoaderListener.java:106)
	at org.apache.catalina.core.StandardContext.listenerStart(StandardContext.java:4791)
	at org.apache.catalina.core.StandardContext.startInternal(StandardContext.java:5285)
	at org.apache.catalina.util.LifecycleBase.start(LifecycleBase.java:150)
	at org.apache.catalina.core.ContainerBase$StartChild.call(ContainerBase.java:1559)
	at org.apache.catalina.core.ContainerBase$StartChild.call(ContainerBase.java:1549)
	at java.util.concurrent.FutureTask.run(FutureTask.java:266)
	at java.util.concurrent.ThreadPoolExecutor.runWorker(ThreadPoolExecutor.java:1142)
	at java.util.concurrent.ThreadPoolExecutor$Worker.run(ThreadPoolExecutor.java:617)
	at java.lang.Thread.run(Thread.java:748)
Caused by: java.io.FileNotFoundException: class path resource [db/db.properties] cannot be opened because it does not exist
	at org.springframework.core.io.ClassPathResource.getInputStream(ClassPathResource.java:172)
	at org.springframework.core.io.support.EncodedResource.getInputStream(EncodedResource.java:150)
	at org.springframework.core.io.support.PropertiesLoaderUtils.fillProperties(PropertiesLoaderUtils.java:98)
	at org.springframework.core.io.support.PropertiesLoaderSupport.loadProperties(PropertiesLoaderSupport.java:175)
	at org.springframework.core.io.support.PropertiesLoaderSupport.mergeProperties(PropertiesLoaderSupport.java:156)
	at org.springframework.context.support.PropertySourcesPlaceholderConfigurer.postProcessBeanFactory(PropertySourcesPlaceholderConfigurer.java:142)
	... 16 common frames omitted
23:13:51.501 [localhost-startStop-1] ERROR o.s.web.context.ContextLoader [ContextLoader.java:331] Context initialization failed
org.springframework.beans.factory.BeanInitializationException: Could not load properties; nested exception is java.io.FileNotFoundException: class path resource [db/db.properties] cannot be opened because it does not exist
	at org.springframework.context.support.PropertySourcesPlaceholderConfigurer.postProcessBeanFactory(PropertySourcesPlaceholderConfigurer.java:151)
	at org.springframework.context.support.PostProcessorRegistrationDelegate.invokeBeanFactoryPostProcessors(PostProcessorRegistrationDelegate.java:265)
	at org.springframework.context.support.PostProcessorRegistrationDelegate.invokeBeanFactoryPostProcessors(PostProcessorRegistrationDelegate.java:162)
	at org.springframework.context.support.AbstractApplicationContext.invokeBeanFactoryPostProcessors(AbstractApplicationContext.java:606)
	at org.springframework.context.support.AbstractApplicationContext.refresh(AbstractApplicationContext.java:462)
	at org.springframework.web.context.ContextLoader.configureAndRefreshWebApplicationContext(ContextLoader.java:403)
	at org.springframework.web.context.ContextLoader.initWebApplicationContext(ContextLoader.java:306)
	at org.springframework.web.context.ContextLoaderListener.contextInitialized(ContextLoaderListener.java:106)
	at org.apache.catalina.core.StandardContext.listenerStart(StandardContext.java:4791)
	at org.apache.catalina.core.StandardContext.startInternal(StandardContext.java:5285)
	at org.apache.catalina.util.LifecycleBase.start(LifecycleBase.java:150)
	at org.apache.catalina.core.ContainerBase$StartChild.call(ContainerBase.java:1559)
	at org.apache.catalina.core.ContainerBase$StartChild.call(ContainerBase.java:1549)
	at java.util.concurrent.FutureTask.run(FutureTask.java:266)
	at java.util.concurrent.ThreadPoolExecutor.runWorker(ThreadPoolExecutor.java:1142)
	at java.util.concurrent.ThreadPoolExecutor$Worker.run(ThreadPoolExecutor.java:617)
	at java.lang.Thread.run(Thread.java:748)
Caused by: java.io.FileNotFoundException: class path resource [db/db.properties] cannot be opened because it does not exist
	at org.springframework.core.io.ClassPathResource.getInputStream(ClassPathResource.java:172)
	at org.springframework.core.io.support.EncodedResource.getInputStream(EncodedResource.java:150)
	at org.springframework.core.io.support.PropertiesLoaderUtils.fillProperties(PropertiesLoaderUtils.java:98)
	at org.springframework.core.io.support.PropertiesLoaderSupport.loadProperties(PropertiesLoaderSupport.java:175)
	at org.springframework.core.io.support.PropertiesLoaderSupport.mergeProperties(PropertiesLoaderSupport.java:156)
	at org.springframework.context.support.PropertySourcesPlaceholderConfigurer.postProcessBeanFactory(PropertySourcesPlaceholderConfigurer.java:142)
	... 16 common frames omitted
23:15:17.442 [localhost-startStop-1] INFO  o.s.web.context.ContextLoader [ContextLoader.java:285] Root WebApplicationContext: initialization started
23:15:17.529 [localhost-startStop-1] INFO  o.s.w.c.s.XmlWebApplicationContext [AbstractApplicationContext.java:510] Refreshing Root WebApplicationContext: startup date [Fri Jul 21 23:15:17 GMT+08:00 2017]; root of context hierarchy
23:15:17.572 [localhost-startStop-1] INFO  o.s.b.f.xml.XmlBeanDefinitionReader [XmlBeanDefinitionReader.java:317] Loading XML bean definitions from class path resource [spring/servlet-context.xml]
23:15:18.224 [localhost-startStop-1] INFO  o.s.c.s.PropertySourcesPlaceholderConfigurer [PropertiesLoaderSupport.java:172] Loading properties file from class path resource [db/db.properties]
23:15:18.229 [localhost-startStop-1] WARN  o.s.w.c.s.XmlWebApplicationContext [AbstractApplicationContext.java:487] Exception encountered during context initialization - cancelling refresh attempt
org.springframework.beans.factory.BeanInitializationException: Could not load properties; nested exception is java.io.FileNotFoundException: class path resource [db/db.properties] cannot be opened because it does not exist
	at org.springframework.context.support.PropertySourcesPlaceholderConfigurer.postProcessBeanFactory(PropertySourcesPlaceholderConfigurer.java:151)
	at org.springframework.context.support.PostProcessorRegistrationDelegate.invokeBeanFactoryPostProcessors(PostProcessorRegistrationDelegate.java:265)
	at org.springframework.context.support.PostProcessorRegistrationDelegate.invokeBeanFactoryPostProcessors(PostProcessorRegistrationDelegate.java:162)
	at org.springframework.context.support.AbstractApplicationContext.invokeBeanFactoryPostProcessors(AbstractApplicationContext.java:606)
	at org.springframework.context.support.AbstractApplicationContext.refresh(AbstractApplicationContext.java:462)
	at org.springframework.web.context.ContextLoader.configureAndRefreshWebApplicationContext(ContextLoader.java:403)
	at org.springframework.web.context.ContextLoader.initWebApplicationContext(ContextLoader.java:306)
	at org.springframework.web.context.ContextLoaderListener.contextInitialized(ContextLoaderListener.java:106)
	at org.apache.catalina.core.StandardContext.listenerStart(StandardContext.java:4791)
	at org.apache.catalina.core.StandardContext.startInternal(StandardContext.java:5285)
	at org.apache.catalina.util.LifecycleBase.start(LifecycleBase.java:150)
	at org.apache.catalina.core.ContainerBase$StartChild.call(ContainerBase.java:1559)
	at org.apache.catalina.core.ContainerBase$StartChild.call(ContainerBase.java:1549)
	at java.util.concurrent.FutureTask.run(FutureTask.java:266)
	at java.util.concurrent.ThreadPoolExecutor.runWorker(ThreadPoolExecutor.java:1142)
	at java.util.concurrent.ThreadPoolExecutor$Worker.run(ThreadPoolExecutor.java:617)
	at java.lang.Thread.run(Thread.java:748)
Caused by: java.io.FileNotFoundException: class path resource [db/db.properties] cannot be opened because it does not exist
	at org.springframework.core.io.ClassPathResource.getInputStream(ClassPathResource.java:172)
	at org.springframework.core.io.support.EncodedResource.getInputStream(EncodedResource.java:150)
	at org.springframework.core.io.support.PropertiesLoaderUtils.fillProperties(PropertiesLoaderUtils.java:98)
	at org.springframework.core.io.support.PropertiesLoaderSupport.loadProperties(PropertiesLoaderSupport.java:175)
	at org.springframework.core.io.support.PropertiesLoaderSupport.mergeProperties(PropertiesLoaderSupport.java:156)
	at org.springframework.context.support.PropertySourcesPlaceholderConfigurer.postProcessBeanFactory(PropertySourcesPlaceholderConfigurer.java:142)
	... 16 common frames omitted
23:15:18.230 [localhost-startStop-1] ERROR o.s.web.context.ContextLoader [ContextLoader.java:331] Context initialization failed
org.springframework.beans.factory.BeanInitializationException: Could not load properties; nested exception is java.io.FileNotFoundException: class path resource [db/db.properties] cannot be opened because it does not exist
	at org.springframework.context.support.PropertySourcesPlaceholderConfigurer.postProcessBeanFactory(PropertySourcesPlaceholderConfigurer.java:151)
	at org.springframework.context.support.PostProcessorRegistrationDelegate.invokeBeanFactoryPostProcessors(PostProcessorRegistrationDelegate.java:265)
	at org.springframework.context.support.PostProcessorRegistrationDelegate.invokeBeanFactoryPostProcessors(PostProcessorRegistrationDelegate.java:162)
	at org.springframework.context.support.AbstractApplicationContext.invokeBeanFactoryPostProcessors(AbstractApplicationContext.java:606)
	at org.springframework.context.support.AbstractApplicationContext.refresh(AbstractApplicationContext.java:462)
	at org.springframework.web.context.ContextLoader.configureAndRefreshWebApplicationContext(ContextLoader.java:403)
	at org.springframework.web.context.ContextLoader.initWebApplicationContext(ContextLoader.java:306)
	at org.springframework.web.context.ContextLoaderListener.contextInitialized(ContextLoaderListener.java:106)
	at org.apache.catalina.core.StandardContext.listenerStart(StandardContext.java:4791)
	at org.apache.catalina.core.StandardContext.startInternal(StandardContext.java:5285)
	at org.apache.catalina.util.LifecycleBase.start(LifecycleBase.java:150)
	at org.apache.catalina.core.ContainerBase$StartChild.call(ContainerBase.java:1559)
	at org.apache.catalina.core.ContainerBase$StartChild.call(ContainerBase.java:1549)
	at java.util.concurrent.FutureTask.run(FutureTask.java:266)
	at java.util.concurrent.ThreadPoolExecutor.runWorker(ThreadPoolExecutor.java:1142)
	at java.util.concurrent.ThreadPoolExecutor$Worker.run(ThreadPoolExecutor.java:617)
	at java.lang.Thread.run(Thread.java:748)
Caused by: java.io.FileNotFoundException: class path resource [db/db.properties] cannot be opened because it does not exist
	at org.springframework.core.io.ClassPathResource.getInputStream(ClassPathResource.java:172)
	at org.springframework.core.io.support.EncodedResource.getInputStream(EncodedResource.java:150)
	at org.springframework.core.io.support.PropertiesLoaderUtils.fillProperties(PropertiesLoaderUtils.java:98)
	at org.springframework.core.io.support.PropertiesLoaderSupport.loadProperties(PropertiesLoaderSupport.java:175)
	at org.springframework.core.io.support.PropertiesLoaderSupport.mergeProperties(PropertiesLoaderSupport.java:156)
	at org.springframework.context.support.PropertySourcesPlaceholderConfigurer.postProcessBeanFactory(PropertySourcesPlaceholderConfigurer.java:142)
	... 16 common frames omitted
23:19:34.222 [localhost-startStop-1] INFO  o.s.web.context.ContextLoader [ContextLoader.java:285] Root WebApplicationContext: initialization started
23:19:34.321 [localhost-startStop-1] INFO  o.s.w.c.s.XmlWebApplicationContext [AbstractApplicationContext.java:510] Refreshing Root WebApplicationContext: startup date [Fri Jul 21 23:19:34 GMT+08:00 2017]; root of context hierarchy
23:19:34.365 [localhost-startStop-1] INFO  o.s.b.f.xml.XmlBeanDefinitionReader [XmlBeanDefinitionReader.java:317] Loading XML bean definitions from class path resource [spring/servlet-context.xml]
23:19:34.921 [localhost-startStop-1] INFO  o.s.c.s.PropertySourcesPlaceholderConfigurer [PropertiesLoaderSupport.java:172] Loading properties file from class path resource [db/db.properties]
23:19:34.932 [localhost-startStop-1] INFO  o.s.c.s.PropertySourcesPlaceholderConfigurer [PropertiesLoaderSupport.java:172] Loading properties file from class path resource [db/db.properties]
23:19:34.935 [localhost-startStop-1] INFO  o.s.b.f.a.AutowiredAnnotationBeanPostProcessor [AutowiredAnnotationBeanPostProcessor.java:153] JSR-330 'javax.inject.Inject' annotation found and supported for autowiring
23:19:35.432 [localhost-startStop-1] INFO  o.s.w.s.m.m.a.RequestMappingHandlerMapping [AbstractHandlerMethodMapping.java:217] Mapped "{[/test/hello],methods=[],params=[],headers=[],consumes=[],produces=[],custom=[]}" onto public java.lang.String TestController.test()
23:19:35.437 [localhost-startStop-1] INFO  o.s.w.s.m.m.a.RequestMappingHandlerMapping [AbstractHandlerMethodMapping.java:217] Mapped "{[/about/index],methods=[],params=[],headers=[],consumes=[],produces=[],custom=[]}" onto public java.lang.String luju.ygz.about.controller.AboutUsController.aboutUs()
23:19:35.839 [localhost-startStop-1] INFO  o.s.w.s.m.m.a.RequestMappingHandlerAdapter [RequestMappingHandlerAdapter.java:517] Looking for @ControllerAdvice: Root WebApplicationContext: startup date [Fri Jul 21 23:19:34 GMT+08:00 2017]; root of context hierarchy
23:19:35.885 [localhost-startStop-1] INFO  o.s.w.s.m.m.a.RequestMappingHandlerAdapter [RequestMappingHandlerAdapter.java:517] Looking for @ControllerAdvice: Root WebApplicationContext: startup date [Fri Jul 21 23:19:34 GMT+08:00 2017]; root of context hierarchy
23:19:35.958 [localhost-startStop-1] INFO  o.s.w.s.h.SimpleUrlHandlerMapping [AbstractUrlHandlerMapping.java:314] Mapped URL path [/static/**] onto handler 'org.springframework.web.servlet.resource.ResourceHttpRequestHandler#0'
23:19:35.999 [localhost-startStop-1] INFO  o.s.w.s.m.m.a.RequestMappingHandlerAdapter [RequestMappingHandlerAdapter.java:517] Looking for @ControllerAdvice: Root WebApplicationContext: startup date [Fri Jul 21 23:19:34 GMT+08:00 2017]; root of context hierarchy
23:19:36.031 [localhost-startStop-1] INFO  o.s.web.context.ContextLoader [ContextLoader.java:325] Root WebApplicationContext: initialization completed in 1803 ms
23:19:36.069 [localhost-startStop-1] INFO  o.s.web.servlet.DispatcherServlet [FrameworkServlet.java:484] FrameworkServlet 'springServlet': initialization started
23:19:36.072 [localhost-startStop-1] INFO  o.s.w.c.s.XmlWebApplicationContext [AbstractApplicationContext.java:510] Refreshing WebApplicationContext for namespace 'springServlet-servlet': startup date [Fri Jul 21 23:19:36 GMT+08:00 2017]; parent: Root WebApplicationContext
23:19:36.078 [localhost-startStop-1] INFO  o.s.b.f.xml.XmlBeanDefinitionReader [XmlBeanDefinitionReader.java:317] Loading XML bean definitions from class path resource [spring/servlet-context.xml]
23:19:36.168 [localhost-startStop-1] INFO  o.s.c.s.PropertySourcesPlaceholderConfigurer [PropertiesLoaderSupport.java:172] Loading properties file from class path resource [db/db.properties]
23:19:36.185 [localhost-startStop-1] INFO  o.s.c.s.PropertySourcesPlaceholderConfigurer [PropertiesLoaderSupport.java:172] Loading properties file from class path resource [db/db.properties]
23:19:36.189 [localhost-startStop-1] INFO  o.s.b.f.a.AutowiredAnnotationBeanPostProcessor [AutowiredAnnotationBeanPostProcessor.java:153] JSR-330 'javax.inject.Inject' annotation found and supported for autowiring
23:19:36.221 [localhost-startStop-1] INFO  o.s.w.s.m.m.a.RequestMappingHandlerMapping [AbstractHandlerMethodMapping.java:217] Mapped "{[/test/hello],methods=[],params=[],headers=[],consumes=[],produces=[],custom=[]}" onto public java.lang.String TestController.test()
23:19:36.222 [localhost-startStop-1] INFO  o.s.w.s.m.m.a.RequestMappingHandlerMapping [AbstractHandlerMethodMapping.java:217] Mapped "{[/about/index],methods=[],params=[],headers=[],consumes=[],produces=[],custom=[]}" onto public java.lang.String luju.ygz.about.controller.AboutUsController.aboutUs()
23:19:36.247 [localhost-startStop-1] INFO  o.s.w.s.m.m.a.RequestMappingHandlerAdapter [RequestMappingHandlerAdapter.java:517] Looking for @ControllerAdvice: WebApplicationContext for namespace 'springServlet-servlet': startup date [Fri Jul 21 23:19:36 GMT+08:00 2017]; parent: Root WebApplicationContext
23:19:36.270 [localhost-startStop-1] INFO  o.s.w.s.m.m.a.RequestMappingHandlerAdapter [RequestMappingHandlerAdapter.java:517] Looking for @ControllerAdvice: WebApplicationContext for namespace 'springServlet-servlet': startup date [Fri Jul 21 23:19:36 GMT+08:00 2017]; parent: Root WebApplicationContext
23:19:36.309 [localhost-startStop-1] INFO  o.s.w.s.h.SimpleUrlHandlerMapping [AbstractUrlHandlerMapping.java:314] Mapped URL path [/static/**] onto handler 'org.springframework.web.servlet.resource.ResourceHttpRequestHandler#0'
23:19:36.327 [localhost-startStop-1] INFO  o.s.w.s.m.m.a.RequestMappingHandlerAdapter [RequestMappingHandlerAdapter.java:517] Looking for @ControllerAdvice: WebApplicationContext for namespace 'springServlet-servlet': startup date [Fri Jul 21 23:19:36 GMT+08:00 2017]; parent: Root WebApplicationContext
23:19:36.373 [localhost-startStop-1] INFO  o.s.web.servlet.DispatcherServlet [FrameworkServlet.java:503] FrameworkServlet 'springServlet': initialization completed in 304 ms
23:21:41.769 [localhost-startStop-1] INFO  o.s.web.context.ContextLoader [ContextLoader.java:285] Root WebApplicationContext: initialization started
23:21:41.872 [localhost-startStop-1] INFO  o.s.w.c.s.XmlWebApplicationContext [AbstractApplicationContext.java:510] Refreshing Root WebApplicationContext: startup date [Fri Jul 21 23:21:41 GMT+08:00 2017]; root of context hierarchy
23:21:41.921 [localhost-startStop-1] INFO  o.s.b.f.xml.XmlBeanDefinitionReader [XmlBeanDefinitionReader.java:317] Loading XML bean definitions from class path resource [spring/servlet-context.xml]
23:21:42.585 [localhost-startStop-1] INFO  o.s.c.s.PropertySourcesPlaceholderConfigurer [PropertiesLoaderSupport.java:172] Loading properties file from class path resource [db/db.properties]
23:21:42.599 [localhost-startStop-1] INFO  o.s.c.s.PropertySourcesPlaceholderConfigurer [PropertiesLoaderSupport.java:172] Loading properties file from class path resource [db/db.properties]
23:21:42.604 [localhost-startStop-1] INFO  o.s.b.f.a.AutowiredAnnotationBeanPostProcessor [AutowiredAnnotationBeanPostProcessor.java:153] JSR-330 'javax.inject.Inject' annotation found and supported for autowiring
23:21:43.145 [localhost-startStop-1] INFO  o.s.w.s.m.m.a.RequestMappingHandlerMapping [AbstractHandlerMethodMapping.java:217] Mapped "{[/test/hello],methods=[],params=[],headers=[],consumes=[],produces=[],custom=[]}" onto public java.lang.String TestController.test()
23:21:43.154 [localhost-startStop-1] INFO  o.s.w.s.m.m.a.RequestMappingHandlerMapping [AbstractHandlerMethodMapping.java:217] Mapped "{[/about/index],methods=[],params=[],headers=[],consumes=[],produces=[],custom=[]}" onto public java.lang.String luju.ygz.about.controller.AboutUsController.aboutUs()
23:21:43.609 [localhost-startStop-1] INFO  o.s.w.s.m.m.a.RequestMappingHandlerAdapter [RequestMappingHandlerAdapter.java:517] Looking for @ControllerAdvice: Root WebApplicationContext: startup date [Fri Jul 21 23:21:41 GMT+08:00 2017]; root of context hierarchy
23:21:43.678 [localhost-startStop-1] INFO  o.s.w.s.m.m.a.RequestMappingHandlerAdapter [RequestMappingHandlerAdapter.java:517] Looking for @ControllerAdvice: Root WebApplicationContext: startup date [Fri Jul 21 23:21:41 GMT+08:00 2017]; root of context hierarchy
23:21:43.794 [localhost-startStop-1] INFO  o.s.w.s.h.SimpleUrlHandlerMapping [AbstractUrlHandlerMapping.java:314] Mapped URL path [/static/**] onto handler 'org.springframework.web.servlet.resource.ResourceHttpRequestHandler#0'
23:21:43.860 [localhost-startStop-1] INFO  o.s.w.s.m.m.a.RequestMappingHandlerAdapter [RequestMappingHandlerAdapter.java:517] Looking for @ControllerAdvice: Root WebApplicationContext: startup date [Fri Jul 21 23:21:41 GMT+08:00 2017]; root of context hierarchy
23:21:43.935 [localhost-startStop-1] INFO  o.s.web.context.ContextLoader [ContextLoader.java:325] Root WebApplicationContext: initialization completed in 2163 ms
23:21:43.988 [localhost-startStop-1] INFO  o.s.web.servlet.DispatcherServlet [FrameworkServlet.java:484] FrameworkServlet 'springServlet': initialization started
23:21:43.991 [localhost-startStop-1] INFO  o.s.w.c.s.XmlWebApplicationContext [AbstractApplicationContext.java:510] Refreshing WebApplicationContext for namespace 'springServlet-servlet': startup date [Fri Jul 21 23:21:43 GMT+08:00 2017]; parent: Root WebApplicationContext
23:21:44.002 [localhost-startStop-1] INFO  o.s.b.f.xml.XmlBeanDefinitionReader [XmlBeanDefinitionReader.java:317] Loading XML bean definitions from class path resource [spring/servlet-context.xml]
23:21:44.093 [localhost-startStop-1] INFO  o.s.c.s.PropertySourcesPlaceholderConfigurer [PropertiesLoaderSupport.java:172] Loading properties file from class path resource [db/db.properties]
23:21:44.104 [localhost-startStop-1] INFO  o.s.c.s.PropertySourcesPlaceholderConfigurer [PropertiesLoaderSupport.java:172] Loading properties file from class path resource [db/db.properties]
23:21:44.110 [localhost-startStop-1] INFO  o.s.b.f.a.AutowiredAnnotationBeanPostProcessor [AutowiredAnnotationBeanPostProcessor.java:153] JSR-330 'javax.inject.Inject' annotation found and supported for autowiring
23:21:44.135 [localhost-startStop-1] INFO  o.s.w.s.m.m.a.RequestMappingHandlerMapping [AbstractHandlerMethodMapping.java:217] Mapped "{[/test/hello],methods=[],params=[],headers=[],consumes=[],produces=[],custom=[]}" onto public java.lang.String TestController.test()
23:21:44.135 [localhost-startStop-1] INFO  o.s.w.s.m.m.a.RequestMappingHandlerMapping [AbstractHandlerMethodMapping.java:217] Mapped "{[/about/index],methods=[],params=[],headers=[],consumes=[],produces=[],custom=[]}" onto public java.lang.String luju.ygz.about.controller.AboutUsController.aboutUs()
23:21:44.175 [localhost-startStop-1] INFO  o.s.w.s.m.m.a.RequestMappingHandlerAdapter [RequestMappingHandlerAdapter.java:517] Looking for @ControllerAdvice: WebApplicationContext for namespace 'springServlet-servlet': startup date [Fri Jul 21 23:21:43 GMT+08:00 2017]; parent: Root WebApplicationContext
23:21:44.206 [localhost-startStop-1] INFO  o.s.w.s.m.m.a.RequestMappingHandlerAdapter [RequestMappingHandlerAdapter.java:517] Looking for @ControllerAdvice: WebApplicationContext for namespace 'springServlet-servlet': startup date [Fri Jul 21 23:21:43 GMT+08:00 2017]; parent: Root WebApplicationContext
23:21:44.255 [localhost-startStop-1] INFO  o.s.w.s.h.SimpleUrlHandlerMapping [AbstractUrlHandlerMapping.java:314] Mapped URL path [/static/**] onto handler 'org.springframework.web.servlet.resource.ResourceHttpRequestHandler#0'
23:21:44.272 [localhost-startStop-1] INFO  o.s.w.s.m.m.a.RequestMappingHandlerAdapter [RequestMappingHandlerAdapter.java:517] Looking for @ControllerAdvice: WebApplicationContext for namespace 'springServlet-servlet': startup date [Fri Jul 21 23:21:43 GMT+08:00 2017]; parent: Root WebApplicationContext
23:21:44.326 [localhost-startStop-1] INFO  o.s.web.servlet.DispatcherServlet [FrameworkServlet.java:503] FrameworkServlet 'springServlet': initialization completed in 338 ms
23:32:56.524 [localhost-startStop-1] INFO  o.s.web.context.ContextLoader [ContextLoader.java:285] Root WebApplicationContext: initialization started
23:32:56.627 [localhost-startStop-1] INFO  o.s.w.c.s.XmlWebApplicationContext [AbstractApplicationContext.java:510] Refreshing Root WebApplicationContext: startup date [Fri Jul 21 23:32:56 GMT+08:00 2017]; root of context hierarchy
23:32:56.663 [localhost-startStop-1] INFO  o.s.b.f.xml.XmlBeanDefinitionReader [XmlBeanDefinitionReader.java:317] Loading XML bean definitions from class path resource [spring/servlet-context.xml]
23:32:57.159 [localhost-startStop-1] INFO  o.s.c.s.PropertySourcesPlaceholderConfigurer [PropertiesLoaderSupport.java:172] Loading properties file from class path resource [db/db.properties]
23:32:57.171 [localhost-startStop-1] INFO  o.s.b.f.a.AutowiredAnnotationBeanPostProcessor [AutowiredAnnotationBeanPostProcessor.java:153] JSR-330 'javax.inject.Inject' annotation found and supported for autowiring
23:32:57.594 [localhost-startStop-1] INFO  o.s.w.s.m.m.a.RequestMappingHandlerMapping [AbstractHandlerMethodMapping.java:217] Mapped "{[/test/hello],methods=[],params=[],headers=[],consumes=[],produces=[],custom=[]}" onto public java.lang.String TestController.test()
23:32:57.595 [localhost-startStop-1] INFO  o.s.w.s.m.m.a.RequestMappingHandlerMapping [AbstractHandlerMethodMapping.java:217] Mapped "{[/about/index],methods=[],params=[],headers=[],consumes=[],produces=[],custom=[]}" onto public java.lang.String luju.ygz.about.controller.AboutUsController.aboutUs()
23:32:57.952 [localhost-startStop-1] INFO  o.s.w.s.m.m.a.RequestMappingHandlerAdapter [RequestMappingHandlerAdapter.java:517] Looking for @ControllerAdvice: Root WebApplicationContext: startup date [Fri Jul 21 23:32:56 GMT+08:00 2017]; root of context hierarchy
23:32:58.003 [localhost-startStop-1] INFO  o.s.w.s.m.m.a.RequestMappingHandlerAdapter [RequestMappingHandlerAdapter.java:517] Looking for @ControllerAdvice: Root WebApplicationContext: startup date [Fri Jul 21 23:32:56 GMT+08:00 2017]; root of context hierarchy
23:32:58.075 [localhost-startStop-1] INFO  o.s.w.s.h.SimpleUrlHandlerMapping [AbstractUrlHandlerMapping.java:314] Mapped URL path [/static/**] onto handler 'org.springframework.web.servlet.resource.ResourceHttpRequestHandler#0'
23:32:58.124 [localhost-startStop-1] INFO  o.s.w.s.m.m.a.RequestMappingHandlerAdapter [RequestMappingHandlerAdapter.java:517] Looking for @ControllerAdvice: Root WebApplicationContext: startup date [Fri Jul 21 23:32:56 GMT+08:00 2017]; root of context hierarchy
23:32:58.171 [localhost-startStop-1] INFO  o.s.web.context.ContextLoader [ContextLoader.java:325] Root WebApplicationContext: initialization completed in 1639 ms
23:32:58.214 [localhost-startStop-1] INFO  o.s.web.servlet.DispatcherServlet [FrameworkServlet.java:484] FrameworkServlet 'springServlet': initialization started
23:32:58.217 [localhost-startStop-1] INFO  o.s.w.c.s.XmlWebApplicationContext [AbstractApplicationContext.java:510] Refreshing WebApplicationContext for namespace 'springServlet-servlet': startup date [Fri Jul 21 23:32:58 GMT+08:00 2017]; parent: Root WebApplicationContext
23:32:58.218 [localhost-startStop-1] INFO  o.s.b.f.xml.XmlBeanDefinitionReader [XmlBeanDefinitionReader.java:317] Loading XML bean definitions from class path resource [spring/servlet-context.xml]
23:32:58.292 [localhost-startStop-1] INFO  o.s.c.s.PropertySourcesPlaceholderConfigurer [PropertiesLoaderSupport.java:172] Loading properties file from class path resource [db/db.properties]
23:32:58.298 [localhost-startStop-1] INFO  o.s.b.f.a.AutowiredAnnotationBeanPostProcessor [AutowiredAnnotationBeanPostProcessor.java:153] JSR-330 'javax.inject.Inject' annotation found and supported for autowiring
23:32:58.321 [localhost-startStop-1] INFO  o.s.w.s.m.m.a.RequestMappingHandlerMapping [AbstractHandlerMethodMapping.java:217] Mapped "{[/test/hello],methods=[],params=[],headers=[],consumes=[],produces=[],custom=[]}" onto public java.lang.String TestController.test()
23:32:58.322 [localhost-startStop-1] INFO  o.s.w.s.m.m.a.RequestMappingHandlerMapping [AbstractHandlerMethodMapping.java:217] Mapped "{[/about/index],methods=[],params=[],headers=[],consumes=[],produces=[],custom=[]}" onto public java.lang.String luju.ygz.about.controller.AboutUsController.aboutUs()
23:32:58.355 [localhost-startStop-1] INFO  o.s.w.s.m.m.a.RequestMappingHandlerAdapter [RequestMappingHandlerAdapter.java:517] Looking for @ControllerAdvice: WebApplicationContext for namespace 'springServlet-servlet': startup date [Fri Jul 21 23:32:58 GMT+08:00 2017]; parent: Root WebApplicationContext
23:32:58.377 [localhost-startStop-1] INFO  o.s.w.s.m.m.a.RequestMappingHandlerAdapter [RequestMappingHandlerAdapter.java:517] Looking for @ControllerAdvice: WebApplicationContext for namespace 'springServlet-servlet': startup date [Fri Jul 21 23:32:58 GMT+08:00 2017]; parent: Root WebApplicationContext
23:32:58.423 [localhost-startStop-1] INFO  o.s.w.s.h.SimpleUrlHandlerMapping [AbstractUrlHandlerMapping.java:314] Mapped URL path [/static/**] onto handler 'org.springframework.web.servlet.resource.ResourceHttpRequestHandler#0'
23:32:58.443 [localhost-startStop-1] INFO  o.s.w.s.m.m.a.RequestMappingHandlerAdapter [RequestMappingHandlerAdapter.java:517] Looking for @ControllerAdvice: WebApplicationContext for namespace 'springServlet-servlet': startup date [Fri Jul 21 23:32:58 GMT+08:00 2017]; parent: Root WebApplicationContext
23:32:58.499 [localhost-startStop-1] INFO  o.s.web.servlet.DispatcherServlet [FrameworkServlet.java:503] FrameworkServlet 'springServlet': initialization completed in 285 ms
