#
# A fatal error has been detected by the Java Runtime Environment:
#
#  EXCEPTION_ACCESS_VIOLATION (0xc0000005) at pc=0x00000000580c3305, pid=4056, tid=12524
#
# JRE version: 7.0_17-b02
# Java VM: Java HotSpot(TM) 64-Bit Server VM (23.7-b01 mixed mode windows-amd64 compressed oops)
# Problematic frame:
# V  [jvm.dll+0x73305]
#
# Failed to write core dump. Minidumps are not enabled by default on client versions of Windows
#
# If you would like to submit a bug report, please visit:
#   http://bugreport.sun.com/bugreport/crash.jsp
#

---------------  T H R E A D  ---------------

Current thread (0x0000000012d93800):  JavaThread "http-bio-8080-exec-1" daemon [_thread_in_vm, id=12524, stack(0x00000000188e0000,0x00000000189e0000)]

siginfo: ExceptionCode=0xc0000005, reading address 0x0000000680000000

Registers:
RAX=0x000000077fffffe0, RBX=0x0000000000001a28, RCX=0x00000000189dd140, RDX=0xffffffff00000020
RSP=0x00000000189dd118, RBP=0x00000000189dd150, RSI=0x0000000000000060, RDI=0x0000000000000004
R8 =0x000000007fffffe0, R9 =0x000000007fffffe0, R10=0x0000000000001a28, R11=0x000000077fffffe0
R12=0x000000001566be40, R13=0x0000000000000004, R14=0x000000078027b028, R15=0x00000000132e9c38
RIP=0x00000000580c3305, EFLAGS=0x0000000000010282

Top of Stack: (sp=0x00000000189dd118)
0x00000000189dd118:   0000000058135614 0000000000000003
0x00000000189dd128:   00000007802807f0 00000000189dd150
0x00000000189dd138:   00000000132e9860 000000077fffffe0
0x00000000189dd148:   00000000000000aa 00000000132e9860
0x00000000189dd158:   00000000189dd200 00000000132e9850
0x00000000189dd168:   000000001566be40 000000078027b028
0x00000000189dd178:   00000007802807e0 0000000014f889a0
0x00000000189dd188:   0000000058134e3c 0000000014f889a0
0x00000000189dd198:   0000000004000000 00000000189dd200
0x00000000189dd1a8:   000000070b000000 0000000000000008
0x00000000189dd1b8:   0000000000006228 0000000000000009
0x00000000189dd1c8:   00000000132e9850 0000000014f889a0
0x00000000189dd1d8:   0000000058135083 000000078027b028
0x00000000189dd1e8:   00000000000001b0 0000000000006350
0x00000000189dd1f8:   00000000000061a0 00000000132ea848
0x00000000189dd208:   00001a5800001a28 000000aa00001e71 

Instructions: (pc=0x00000000580c3305)
0x00000000580c32e5:   40 48 83 c4 20 5f e9 10 ff 03 00 4c 63 01 41 8d
0x00000000580c32f5:   44 90 10 48 63 d0 48 8b 01 48 83 e2 fc 49 2b d0
0x00000000580c3305:   8b 0c 02 0f b6 c1 89 4c 24 10 0f b6 4c 24 11 c1
0x00000000580c3315:   e0 08 0b c1 0f b6 4c 24 12 c1 e0 08 0b c1 0f b6 


Register to memory mapping:

RAX=0x000000077fffffe0 is an oop
{constMethod} 
 - klass: {other class}
 - method:       0x0000000780000e40 {method} 'traverse' '(Lorg/eclipse/jdt/internal/compiler/lookup/MethodBinding;I[BIILjava/util/ArrayList;Z)V' in 'org/eclipse/jdt/internal/compiler/ClassFile'
 - exceptions:   0x000000077ca01d50
bci_from(000000077FFFFFE0) = 6696; print_codes():
RBX=0x0000000000001a28 is an unknown value
RCX=0x00000000189dd140 is pointing into the stack for thread: 0x0000000012d93800
RDX=0xffffffff00000020 is an unknown value
RSP=0x00000000189dd118 is pointing into the stack for thread: 0x0000000012d93800
RBP=0x00000000189dd150 is pointing into the stack for thread: 0x0000000012d93800
RSI=0x0000000000000060 is an unknown value
RDI=0x0000000000000004 is an unknown value
R8 =0x000000007fffffe0 is an unknown value
R9 =0x000000007fffffe0 is an unknown value
R10=0x0000000000001a28 is an unknown value
R11=0x000000077fffffe0 is an oop
{constMethod} 
 - klass: {other class}
 - method:       0x0000000780000e40 {method} 'traverse' '(Lorg/eclipse/jdt/internal/compiler/lookup/MethodBinding;I[BIILjava/util/ArrayList;Z)V' in 'org/eclipse/jdt/internal/compiler/ClassFile'
 - exceptions:   0x000000077ca01d50
bci_from(000000077FFFFFE0) = 6696; print_codes():
R12=0x000000001566be40 is an unknown value
R13=0x0000000000000004 is an unknown value
R14=